This is pdfTeX, Version 3.14159265-2.6-1.40.19 (TeX Live 2018) (preloaded format=pdflatex 2018.4.16)  12 OCT 2018 10:14
entering extended mode
 restricted \write18 enabled.
 %&-line parsing enabled.
**ordered_learning.tex
(./ordered_learning.tex
LaTeX2e <2018-04-01> patch level 2
Babel <3.18> and hyphenation patterns for 84 language(s) loaded.
(/usr/local/texlive/2018/texmf-dist/tex/latex/base/article.cls
Document Class: article 2014/09/29 v1.4h Standard LaTeX document class
(/usr/local/texlive/2018/texmf-dist/tex/latex/base/size12.clo
File: size12.clo 2014/09/29 v1.4h Standard LaTeX file (size option)
)
\c@part=\count80
\c@section=\count81
\c@subsection=\count82
\c@subsubsection=\count83
\c@paragraph=\count84
\c@subparagraph=\count85
\c@figure=\count86
\c@table=\count87
\abovecaptionskip=\skip41
\belowcaptionskip=\skip42
\bibindent=\dimen102
)
(/usr/local/texlive/2018/texmf-dist/tex/latex/graphics/graphicx.sty
Package: graphicx 2017/06/01 v1.1a Enhanced LaTeX Graphics (DPC,SPQR)

(/usr/local/texlive/2018/texmf-dist/tex/latex/graphics/keyval.sty
Package: keyval 2014/10/28 v1.15 key=value parser (DPC)
\KV@toks@=\toks14
)
(/usr/local/texlive/2018/texmf-dist/tex/latex/graphics/graphics.sty
Package: graphics 2017/06/25 v1.2c Standard LaTeX Graphics (DPC,SPQR)

(/usr/local/texlive/2018/texmf-dist/tex/latex/graphics/trig.sty
Package: trig 2016/01/03 v1.10 sin cos tan (DPC)
)
(/usr/local/texlive/2018/texmf-dist/tex/latex/graphics-cfg/graphics.cfg
File: graphics.cfg 2016/06/04 v1.11 sample graphics configuration
)
Package graphics Info: Driver file: pdftex.def on input line 99.

(/usr/local/texlive/2018/texmf-dist/tex/latex/graphics-def/pdftex.def
File: pdftex.def 2018/01/08 v1.0l Graphics/color driver for pdftex
))
\Gin@req@height=\dimen103
\Gin@req@width=\dimen104
)
(/usr/local/texlive/2018/texmf-dist/tex/latex/amsfonts/amssymb.sty
Package: amssymb 2013/01/14 v3.01 AMS font symbols

(/usr/local/texlive/2018/texmf-dist/tex/latex/amsfonts/amsfonts.sty
Package: amsfonts 2013/01/14 v3.01 Basic AMSFonts support
\@emptytoks=\toks15
\symAMSa=\mathgroup4
\symAMSb=\mathgroup5
LaTeX Font Info:    Overwriting math alphabet `\mathfrak' in version `bold'
(Font)                  U/euf/m/n --> U/euf/b/n on input line 106.
))
(/usr/local/texlive/2018/texmf-dist/tex/latex/graphics/color.sty
Package: color 2016/07/10 v1.1e Standard LaTeX Color (DPC)

(/usr/local/texlive/2018/texmf-dist/tex/latex/graphics-cfg/color.cfg
File: color.cfg 2016/01/02 v1.6 sample color configuration
)
Package color Info: Driver file: pdftex.def on input line 147.
)
(/usr/local/texlive/2018/texmf-dist/tex/latex/amsmath/amsmath.sty
Package: amsmath 2017/09/02 v2.17a AMS math features
\@mathmargin=\skip43

For additional information on amsmath, use the `?' option.
(/usr/local/texlive/2018/texmf-dist/tex/latex/amsmath/amstext.sty
Package: amstext 2000/06/29 v2.01 AMS text

(/usr/local/texlive/2018/texmf-dist/tex/latex/amsmath/amsgen.sty
File: amsgen.sty 1999/11/30 v2.0 generic functions
\@emptytoks=\toks16
\ex@=\dimen105
))
(/usr/local/texlive/2018/texmf-dist/tex/latex/amsmath/amsbsy.sty
Package: amsbsy 1999/11/29 v1.2d Bold Symbols
\pmbraise@=\dimen106
)
(/usr/local/texlive/2018/texmf-dist/tex/latex/amsmath/amsopn.sty
Package: amsopn 2016/03/08 v2.02 operator names
)
\inf@bad=\count88
LaTeX Info: Redefining \frac on input line 213.
\uproot@=\count89
\leftroot@=\count90
LaTeX Info: Redefining \overline on input line 375.
\classnum@=\count91
\DOTSCASE@=\count92
LaTeX Info: Redefining \ldots on input line 472.
LaTeX Info: Redefining \dots on input line 475.
LaTeX Info: Redefining \cdots on input line 596.
\Mathstrutbox@=\box26
\strutbox@=\box27
\big@size=\dimen107
LaTeX Font Info:    Redeclaring font encoding OML on input line 712.
LaTeX Font Info:    Redeclaring font encoding OMS on input line 713.
\macc@depth=\count93
\c@MaxMatrixCols=\count94
\dotsspace@=\muskip10
\c@parentequation=\count95
\dspbrk@lvl=\count96
\tag@help=\toks17
\row@=\count97
\column@=\count98
\maxfields@=\count99
\andhelp@=\toks18
\eqnshift@=\dimen108
\alignsep@=\dimen109
\tagshift@=\dimen110
\tagwidth@=\dimen111
\totwidth@=\dimen112
\lineht@=\dimen113
\@envbody=\toks19
\multlinegap=\skip44
\multlinetaggap=\skip45
\mathdisplay@stack=\toks20
LaTeX Info: Redefining \[ on input line 2817.
LaTeX Info: Redefining \] on input line 2818.
)
(/usr/local/texlive/2018/texmf-dist/tex/latex/mathtools/mathtools.sty
Package: mathtools 2018/01/08 v1.21 mathematical typesetting tools

(/usr/local/texlive/2018/texmf-dist/tex/latex/tools/calc.sty
Package: calc 2017/05/25 v4.3 Infix arithmetic (KKT,FJ)
\calc@Acount=\count100
\calc@Bcount=\count101
\calc@Adimen=\dimen114
\calc@Bdimen=\dimen115
\calc@Askip=\skip46
\calc@Bskip=\skip47
LaTeX Info: Redefining \setlength on input line 80.
LaTeX Info: Redefining \addtolength on input line 81.
\calc@Ccount=\count102
\calc@Cskip=\skip48
)
(/usr/local/texlive/2018/texmf-dist/tex/latex/mathtools/mhsetup.sty
Package: mhsetup 2017/03/31 v1.3 programming setup (MH)
)
LaTeX Info: Thecontrolsequence`\('isalreadyrobust on input line 129.
LaTeX Info: Thecontrolsequence`\)'isalreadyrobust on input line 129.
LaTeX Info: Thecontrolsequence`\['isalreadyrobust on input line 129.
LaTeX Info: Thecontrolsequence`\]'isalreadyrobust on input line 129.
\g_MT_multlinerow_int=\count103
\l_MT_multwidth_dim=\dimen116
\origjot=\skip49
\l_MT_shortvdotswithinadjustabove_dim=\dimen117
\l_MT_shortvdotswithinadjustbelow_dim=\dimen118
\l_MT_above_intertext_sep=\dimen119
\l_MT_below_intertext_sep=\dimen120
\l_MT_above_shortintertext_sep=\dimen121
\l_MT_below_shortintertext_sep=\dimen122
)
(/usr/local/texlive/2018/texmf-dist/tex/latex/preprint/fullpage.sty
Package: fullpage 1999/02/23 1.1 (PWD)
\FP@margin=\skip50
)
(/usr/local/texlive/2018/texmf-dist/tex/latex/algorithms/algorithmic.sty
Package: algorithmic 2009/08/24 v0.1 Document Style `algorithmic'

(/usr/local/texlive/2018/texmf-dist/tex/latex/base/ifthen.sty
Package: ifthen 2014/09/29 v1.1c Standard LaTeX ifthen package (DPC)
)
\c@ALC@unique=\count104
\c@ALC@line=\count105
\c@ALC@rem=\count106
\c@ALC@depth=\count107
\ALC@tlm=\skip51
\algorithmicindent=\skip52
)
(/usr/local/texlive/2018/texmf-dist/tex/latex/xcolor/xcolor.sty
Package: xcolor 2016/05/11 v2.12 LaTeX color extensions (UK)

(/usr/local/texlive/2018/texmf-dist/tex/latex/graphics-cfg/color.cfg
File: color.cfg 2016/01/02 v1.6 sample color configuration
)
Package xcolor Info: Driver file: pdftex.def on input line 225.

(/usr/local/texlive/2018/texmf-dist/tex/latex/colortbl/colortbl.sty
Package: colortbl 2012/02/13 v1.0a Color table columns (DPC)

(/usr/local/texlive/2018/texmf-dist/tex/latex/tools/array.sty
Package: array 2018/04/07 v2.4g Tabular extension package (FMi)
\col@sep=\dimen123
\ar@mcellbox=\box28
\extrarowheight=\dimen124
\NC@list=\toks21
\extratabsurround=\skip53
\backup@length=\skip54
\ar@cellbox=\box29
)
\everycr=\toks22
\minrowclearance=\skip55
)
LaTeX Info: Redefining \color on input line 709.
\rownum=\count108
Package xcolor Info: Model `cmy' substituted by `cmy0' on input line 1348.
Package xcolor Info: Model `hsb' substituted by `rgb' on input line 1352.
Package xcolor Info: Model `RGB' extended on input line 1364.
Package xcolor Info: Model `HTML' substituted by `rgb' on input line 1366.
Package xcolor Info: Model `Hsb' substituted by `hsb' on input line 1367.
Package xcolor Info: Model `tHsb' substituted by `hsb' on input line 1368.
Package xcolor Info: Model `HSB' substituted by `hsb' on input line 1369.
Package xcolor Info: Model `Gray' substituted by `gray' on input line 1370.
Package xcolor Info: Model `wave' substituted by `hsb' on input line 1371.
)
(/usr/local/texlive/2018/texmf-dist/tex/latex/multirow/multirow.sty
Package: multirow 2016/11/25 v2.2 Span multiple rows of a table
\multirow@colwidth=\skip56
\multirow@cntb=\count109
\multirow@dima=\skip57
\bigstrutjot=\dimen125
)
(/usr/local/texlive/2018/texmf-dist/tex/generic/genmisc/nth.sty
Package: nth 2002/02/27
)
(/usr/local/texlive/2018/texmf-dist/tex/latex/adjustbox/adjustbox.sty
Package: adjustbox 2018/04/08 v1.1 Adjusting TeX boxes (trim, clip, ...)

(/usr/local/texlive/2018/texmf-dist/tex/latex/xkeyval/xkeyval.sty
Package: xkeyval 2014/12/03 v2.7a package option processing (HA)

(/usr/local/texlive/2018/texmf-dist/tex/generic/xkeyval/xkeyval.tex
(/usr/local/texlive/2018/texmf-dist/tex/generic/xkeyval/xkvutils.tex
\XKV@toks=\toks23
\XKV@tempa@toks=\toks24
)
\XKV@depth=\count110
File: xkeyval.tex 2014/12/03 v2.7a key=value parser (HA)
))
(/usr/local/texlive/2018/texmf-dist/tex/latex/adjustbox/adjcalc.sty
Package: adjcalc 2012/05/16 v1.1 Provides advanced setlength with multiple back
-ends (calc, etex, pgfmath)
)
(/usr/local/texlive/2018/texmf-dist/tex/latex/adjustbox/trimclip.sty
Package: trimclip 2018/04/08 v1.1 Trim and clip general TeX material

(/usr/local/texlive/2018/texmf-dist/tex/latex/collectbox/collectbox.sty
Package: collectbox 2012/05/17 v0.4b Collect macro arguments as boxes
\collectedbox=\box30
)
\tc@llx=\dimen126
\tc@lly=\dimen127
\tc@urx=\dimen128
\tc@ury=\dimen129
Package trimclip Info: Using driver 'tc-pdftex.def'.

(/usr/local/texlive/2018/texmf-dist/tex/latex/adjustbox/tc-pdftex.def
File: tc-pdftex.def 2018/04/08 v2.1 Clipping driver for pdftex
))
\adjbox@Width=\dimen130
\adjbox@Height=\dimen131
\adjbox@Depth=\dimen132
\adjbox@Totalheight=\dimen133
\adjbox@pwidth=\dimen134
\adjbox@pheight=\dimen135
\adjbox@pdepth=\dimen136
\adjbox@ptotalheight=\dimen137

(/usr/local/texlive/2018/texmf-dist/tex/latex/ifoddpage/ifoddpage.sty
Package: ifoddpage 2016/04/23 v1.1 Conditionals for odd/even page detection
\c@checkoddpage=\count111
)
(/usr/local/texlive/2018/texmf-dist/tex/latex/varwidth/varwidth.sty
Package: varwidth 2009/03/30 ver 0.92;  Variable-width minipages
\@vwid@box=\box31
\sift@deathcycles=\count112
\@vwid@loff=\dimen138
\@vwid@roff=\dimen139
))
(/usr/local/texlive/2018/texmf-dist/tex/latex/caption/caption.sty
Package: caption 2016/02/21 v3.3-144 Customizing captions (AR)

(/usr/local/texlive/2018/texmf-dist/tex/latex/caption/caption3.sty
Package: caption3 2016/05/22 v1.7-166 caption3 kernel (AR)
Package caption3 Info: TeX engine: e-TeX on input line 67.
\captionmargin=\dimen140
\captionmargin@=\dimen141
\captionwidth=\dimen142
\caption@tempdima=\dimen143
\caption@indent=\dimen144
\caption@parindent=\dimen145
\caption@hangindent=\dimen146
)
\c@ContinuedFloat=\count113
)
(/usr/local/texlive/2018/texmf-dist/tex/latex/caption/subcaption.sty
Package: subcaption 2016/05/22 v1.1-161 Sub-captions (AR)
\c@subfigure=\count114
\c@subtable=\count115
)
(/usr/local/texlive/2018/texmf-dist/tex/latex/comment/comment.sty
\CommentStream=\write3

Excluding comment 'comment')
(/usr/local/texlive/2018/texmf-dist/tex/latex/setspace/setspace.sty
Package: setspace 2011/12/19 v6.7a set line spacing
)
(/usr/local/texlive/2018/texmf-dist/tex/latex/base/textcomp.sty
Package: textcomp 2017/04/05 v2.0i Standard LaTeX package
Package textcomp Info: Sub-encoding information:
(textcomp)               5 = only ISO-Adobe without \textcurrency
(textcomp)               4 = 5 + \texteuro
(textcomp)               3 = 4 + \textohm
(textcomp)               2 = 3 + \textestimated + \textcurrency
(textcomp)               1 = TS1 - \textcircled - \t
(textcomp)               0 = TS1 (full)
(textcomp)             Font families with sub-encoding setting implement
(textcomp)             only a restricted character set as indicated.
(textcomp)             Family '?' is the default used for unknown fonts.
(textcomp)             See the documentation for details.
Package textcomp Info: Setting ? sub-encoding to TS1/1 on input line 79.

(/usr/local/texlive/2018/texmf-dist/tex/latex/base/ts1enc.def
File: ts1enc.def 2001/06/05 v3.0e (jk/car/fm) Standard LaTeX file
Now handling font encoding TS1 ...
... processing UTF-8 mapping file for font encoding TS1

(/usr/local/texlive/2018/texmf-dist/tex/latex/base/ts1enc.dfu
File: ts1enc.dfu 2018/04/05 v1.2c UTF-8 support for inputenc
   defining Unicode char U+00A2 (decimal 162)
   defining Unicode char U+00A3 (decimal 163)
   defining Unicode char U+00A4 (decimal 164)
   defining Unicode char U+00A5 (decimal 165)
   defining Unicode char U+00A6 (decimal 166)
   defining Unicode char U+00A7 (decimal 167)
   defining Unicode char U+00A8 (decimal 168)
   defining Unicode char U+00A9 (decimal 169)
   defining Unicode char U+00AA (decimal 170)
   defining Unicode char U+00AC (decimal 172)
   defining Unicode char U+00AE (decimal 174)
   defining Unicode char U+00AF (decimal 175)
   defining Unicode char U+00B0 (decimal 176)
   defining Unicode char U+00B1 (decimal 177)
   defining Unicode char U+00B2 (decimal 178)
   defining Unicode char U+00B3 (decimal 179)
   defining Unicode char U+00B4 (decimal 180)
   defining Unicode char U+00B5 (decimal 181)
   defining Unicode char U+00B6 (decimal 182)
   defining Unicode char U+00B7 (decimal 183)
   defining Unicode char U+00B9 (decimal 185)
   defining Unicode char U+00BA (decimal 186)
   defining Unicode char U+00BC (decimal 188)
   defining Unicode char U+00BD (decimal 189)
   defining Unicode char U+00BE (decimal 190)
   defining Unicode char U+00D7 (decimal 215)
   defining Unicode char U+00F7 (decimal 247)
   defining Unicode char U+0192 (decimal 402)
   defining Unicode char U+02C7 (decimal 711)
   defining Unicode char U+02D8 (decimal 728)
   defining Unicode char U+02DD (decimal 733)
   defining Unicode char U+0E3F (decimal 3647)
   defining Unicode char U+2016 (decimal 8214)
   defining Unicode char U+2020 (decimal 8224)
   defining Unicode char U+2021 (decimal 8225)
   defining Unicode char U+2022 (decimal 8226)
   defining Unicode char U+2030 (decimal 8240)
   defining Unicode char U+2031 (decimal 8241)
   defining Unicode char U+203B (decimal 8251)
   defining Unicode char U+203D (decimal 8253)
   defining Unicode char U+2044 (decimal 8260)
   defining Unicode char U+204E (decimal 8270)
   defining Unicode char U+2052 (decimal 8274)
   defining Unicode char U+20A1 (decimal 8353)
   defining Unicode char U+20A4 (decimal 8356)
   defining Unicode char U+20A6 (decimal 8358)
   defining Unicode char U+20A9 (decimal 8361)
   defining Unicode char U+20AB (decimal 8363)
   defining Unicode char U+20AC (decimal 8364)
   defining Unicode char U+20B1 (decimal 8369)
   defining Unicode char U+2103 (decimal 8451)
   defining Unicode char U+2116 (decimal 8470)
   defining Unicode char U+2117 (decimal 8471)
   defining Unicode char U+211E (decimal 8478)
   defining Unicode char U+2120 (decimal 8480)
   defining Unicode char U+2122 (decimal 8482)
   defining Unicode char U+2126 (decimal 8486)
   defining Unicode char U+2127 (decimal 8487)
   defining Unicode char U+212E (decimal 8494)
   defining Unicode char U+2190 (decimal 8592)
   defining Unicode char U+2191 (decimal 8593)
   defining Unicode char U+2192 (decimal 8594)
   defining Unicode char U+2193 (decimal 8595)
   defining Unicode char U+2329 (decimal 9001)
   defining Unicode char U+232A (decimal 9002)
   defining Unicode char U+2422 (decimal 9250)
   defining Unicode char U+25E6 (decimal 9702)
   defining Unicode char U+25EF (decimal 9711)
   defining Unicode char U+266A (decimal 9834)
   defining Unicode char U+FEFF (decimal 65279)
))
LaTeX Info: Redefining \oldstylenums on input line 334.
Package textcomp Info: Setting cmr sub-encoding to TS1/0 on input line 349.
Package textcomp Info: Setting cmss sub-encoding to TS1/0 on input line 350.
Package textcomp Info: Setting cmtt sub-encoding to TS1/0 on input line 351.
Package textcomp Info: Setting cmvtt sub-encoding to TS1/0 on input line 352.
Package textcomp Info: Setting cmbr sub-encoding to TS1/0 on input line 353.
Package textcomp Info: Setting cmtl sub-encoding to TS1/0 on input line 354.
Package textcomp Info: Setting ccr sub-encoding to TS1/0 on input line 355.
Package textcomp Info: Setting ptm sub-encoding to TS1/4 on input line 356.
Package textcomp Info: Setting pcr sub-encoding to TS1/4 on input line 357.
Package textcomp Info: Setting phv sub-encoding to TS1/4 on input line 358.
Package textcomp Info: Setting ppl sub-encoding to TS1/3 on input line 359.
Package textcomp Info: Setting pag sub-encoding to TS1/4 on input line 360.
Package textcomp Info: Setting pbk sub-encoding to TS1/4 on input line 361.
Package textcomp Info: Setting pnc sub-encoding to TS1/4 on input line 362.
Package textcomp Info: Setting pzc sub-encoding to TS1/4 on input line 363.
Package textcomp Info: Setting bch sub-encoding to TS1/4 on input line 364.
Package textcomp Info: Setting put sub-encoding to TS1/5 on input line 365.
Package textcomp Info: Setting uag sub-encoding to TS1/5 on input line 366.
Package textcomp Info: Setting ugq sub-encoding to TS1/5 on input line 367.
Package textcomp Info: Setting ul8 sub-encoding to TS1/4 on input line 368.
Package textcomp Info: Setting ul9 sub-encoding to TS1/4 on input line 369.
Package textcomp Info: Setting augie sub-encoding to TS1/5 on input line 370.
Package textcomp Info: Setting dayrom sub-encoding to TS1/3 on input line 371.
Package textcomp Info: Setting dayroms sub-encoding to TS1/3 on input line 372.

Package textcomp Info: Setting pxr sub-encoding to TS1/0 on input line 373.
Package textcomp Info: Setting pxss sub-encoding to TS1/0 on input line 374.
Package textcomp Info: Setting pxtt sub-encoding to TS1/0 on input line 375.
Package textcomp Info: Setting txr sub-encoding to TS1/0 on input line 376.
Package textcomp Info: Setting txss sub-encoding to TS1/0 on input line 377.
Package textcomp Info: Setting txtt sub-encoding to TS1/0 on input line 378.
Package textcomp Info: Setting lmr sub-encoding to TS1/0 on input line 379.
Package textcomp Info: Setting lmdh sub-encoding to TS1/0 on input line 380.
Package textcomp Info: Setting lmss sub-encoding to TS1/0 on input line 381.
Package textcomp Info: Setting lmssq sub-encoding to TS1/0 on input line 382.
Package textcomp Info: Setting lmvtt sub-encoding to TS1/0 on input line 383.
Package textcomp Info: Setting lmtt sub-encoding to TS1/0 on input line 384.
Package textcomp Info: Setting qhv sub-encoding to TS1/0 on input line 385.
Package textcomp Info: Setting qag sub-encoding to TS1/0 on input line 386.
Package textcomp Info: Setting qbk sub-encoding to TS1/0 on input line 387.
Package textcomp Info: Setting qcr sub-encoding to TS1/0 on input line 388.
Package textcomp Info: Setting qcs sub-encoding to TS1/0 on input line 389.
Package textcomp Info: Setting qpl sub-encoding to TS1/0 on input line 390.
Package textcomp Info: Setting qtm sub-encoding to TS1/0 on input line 391.
Package textcomp Info: Setting qzc sub-encoding to TS1/0 on input line 392.
Package textcomp Info: Setting qhvc sub-encoding to TS1/0 on input line 393.
Package textcomp Info: Setting futs sub-encoding to TS1/4 on input line 394.
Package textcomp Info: Setting futx sub-encoding to TS1/4 on input line 395.
Package textcomp Info: Setting futj sub-encoding to TS1/4 on input line 396.
Package textcomp Info: Setting hlh sub-encoding to TS1/3 on input line 397.
Package textcomp Info: Setting hls sub-encoding to TS1/3 on input line 398.
Package textcomp Info: Setting hlst sub-encoding to TS1/3 on input line 399.
Package textcomp Info: Setting hlct sub-encoding to TS1/5 on input line 400.
Package textcomp Info: Setting hlx sub-encoding to TS1/5 on input line 401.
Package textcomp Info: Setting hlce sub-encoding to TS1/5 on input line 402.
Package textcomp Info: Setting hlcn sub-encoding to TS1/5 on input line 403.
Package textcomp Info: Setting hlcw sub-encoding to TS1/5 on input line 404.
Package textcomp Info: Setting hlcf sub-encoding to TS1/5 on input line 405.
Package textcomp Info: Setting pplx sub-encoding to TS1/3 on input line 406.
Package textcomp Info: Setting pplj sub-encoding to TS1/3 on input line 407.
Package textcomp Info: Setting ptmx sub-encoding to TS1/4 on input line 408.
Package textcomp Info: Setting ptmj sub-encoding to TS1/4 on input line 409.
)
(/usr/local/texlive/2018/texmf-dist/tex/latex/tools/xspace.sty
Package: xspace 2014/10/28 v1.13 Space after command names (DPC,MH)
)
(/usr/local/texlive/2018/texmf-dist/tex/latex/siunitx/siunitx.sty
(/usr/local/texlive/2018/texmf-dist/tex/latex/l3kernel/expl3.sty
Package: expl3 2018/03/05 L3 programming layer (loader) 

(/usr/local/texlive/2018/texmf-dist/tex/latex/l3kernel/expl3-code.tex
Package: expl3 2018/03/05 L3 programming layer (code)
\c_max_int=\count116
\l_tmpa_int=\count117
\l_tmpb_int=\count118
\g_tmpa_int=\count119
\g_tmpb_int=\count120
\g__intarray_font_int=\count121
\g__prg_map_int=\count122
\c_log_iow=\count123
\l_iow_line_count_int=\count124
\l__iow_line_target_int=\count125
\l__iow_one_indent_int=\count126
\l__iow_indent_int=\count127
\c_zero_dim=\dimen147
\c_max_dim=\dimen148
\l_tmpa_dim=\dimen149
\l_tmpb_dim=\dimen150
\g_tmpa_dim=\dimen151
\g_tmpb_dim=\dimen152
\c_zero_skip=\skip58
\c_max_skip=\skip59
\l_tmpa_skip=\skip60
\l_tmpb_skip=\skip61
\g_tmpa_skip=\skip62
\g_tmpb_skip=\skip63
\c_zero_muskip=\muskip11
\c_max_muskip=\muskip12
\l_tmpa_muskip=\muskip13
\l_tmpb_muskip=\muskip14
\g_tmpa_muskip=\muskip15
\g_tmpb_muskip=\muskip16
\l_keys_choice_int=\count128
\c__fp_leading_shift_int=\count129
\c__fp_middle_shift_int=\count130
\c__fp_trailing_shift_int=\count131
\c__fp_big_leading_shift_int=\count132
\c__fp_big_middle_shift_int=\count133
\c__fp_big_trailing_shift_int=\count134
\c__fp_Bigg_leading_shift_int=\count135
\c__fp_Bigg_middle_shift_int=\count136
\c__fp_Bigg_trailing_shift_int=\count137
\c__fp_rand_size_int=\count138
\c__fp_rand_four_int=\count139
\c__fp_rand_eight_int=\count140
\l__sort_length_int=\count141
\l__sort_min_int=\count142
\l__sort_top_int=\count143
\l__sort_max_int=\count144
\l__sort_true_max_int=\count145
\l__sort_block_int=\count146
\l__sort_begin_int=\count147
\l__sort_end_int=\count148
\l__sort_A_int=\count149
\l__sort_B_int=\count150
\l__sort_C_int=\count151
\l__tl_build_start_index_int=\count152
\l__tl_build_index_int=\count153
\l__tl_analysis_normal_int=\count154
\l__tl_analysis_index_int=\count155
\l__tl_analysis_nesting_int=\count156
\l__tl_analysis_type_int=\count157
\l__regex_internal_a_int=\count158
\l__regex_internal_b_int=\count159
\l__regex_internal_c_int=\count160
\l__regex_balance_int=\count161
\l__regex_group_level_int=\count162
\l__regex_mode_int=\count163
\c__regex_cs_in_class_mode_int=\count164
\c__regex_cs_mode_int=\count165
\l__regex_catcodes_int=\count166
\l__regex_default_catcodes_int=\count167
\c__regex_catcode_D_int=\count168
\c__regex_catcode_S_int=\count169
\c__regex_catcode_L_int=\count170
\c__regex_catcode_O_int=\count171
\c__regex_catcode_A_int=\count172
\c__regex_all_catcodes_int=\count173
\l__regex_show_lines_int=\count174
\l__regex_min_state_int=\count175
\l__regex_max_state_int=\count176
\l__regex_left_state_int=\count177
\l__regex_right_state_int=\count178
\l__regex_capturing_group_int=\count179
\l__regex_min_pos_int=\count180
\l__regex_max_pos_int=\count181
\l__regex_curr_pos_int=\count182
\l__regex_start_pos_int=\count183
\l__regex_success_pos_int=\count184
\l__regex_curr_char_int=\count185
\l__regex_curr_catcode_int=\count186
\l__regex_last_char_int=\count187
\l__regex_case_changed_char_int=\count188
\l__regex_curr_state_int=\count189
\l__regex_step_int=\count190
\l__regex_min_active_int=\count191
\l__regex_max_active_int=\count192
\l__regex_replacement_csnames_int=\count193
\l__regex_match_count_int=\count194
\l__regex_min_submatch_int=\count195
\l__regex_submatch_int=\count196
\l__regex_zeroth_submatch_int=\count197
\g__regex_trace_regex_int=\count198
\c_empty_box=\box32
\l_tmpa_box=\box33
\l_tmpb_box=\box34
\g_tmpa_box=\box35
\g_tmpb_box=\box36
\l__box_top_dim=\dimen153
\l__box_bottom_dim=\dimen154
\l__box_left_dim=\dimen155
\l__box_right_dim=\dimen156
\l__box_top_new_dim=\dimen157
\l__box_bottom_new_dim=\dimen158
\l__box_left_new_dim=\dimen159
\l__box_right_new_dim=\dimen160
\l__box_internal_box=\box37
\l__coffin_internal_box=\box38
\l__coffin_internal_dim=\dimen161
\l__coffin_offset_x_dim=\dimen162
\l__coffin_offset_y_dim=\dimen163
\l__coffin_x_dim=\dimen164
\l__coffin_y_dim=\dimen165
\l__coffin_x_prime_dim=\dimen166
\l__coffin_y_prime_dim=\dimen167
\c_empty_coffin=\box39
\l__coffin_aligned_coffin=\box40
\l__coffin_aligned_internal_coffin=\box41
\l_tmpa_coffin=\box42
\l_tmpb_coffin=\box43
\l__coffin_display_coffin=\box44
\l__coffin_display_coord_coffin=\box45
\l__coffin_display_pole_coffin=\box46
\l__coffin_display_offset_dim=\dimen168
\l__coffin_display_x_dim=\dimen169
\l__coffin_display_y_dim=\dimen170
\l__coffin_bounding_shift_dim=\dimen171
\l__coffin_left_corner_dim=\dimen172
\l__coffin_right_corner_dim=\dimen173
\l__coffin_bottom_corner_dim=\dimen174
\l__coffin_top_corner_dim=\dimen175
\l__coffin_scaled_total_height_dim=\dimen176
\l__coffin_scaled_width_dim=\dimen177
)
(/usr/local/texlive/2018/texmf-dist/tex/latex/l3kernel/l3pdfmode.def
File: l3pdfmode.def 2017/03/18 v L3 Experimental driver: PDF mode
\l__driver_color_stack_int=\count199
))
(/usr/local/texlive/2018/texmf-dist/tex/latex/l3packages/xparse/xparse.sty
Package: xparse 2018/02/21 L3 Experimental document command parser
\l__xparse_current_arg_int=\count266
\g__xparse_grabber_int=\count267
\l__xparse_m_args_int=\count268
\l__xparse_mandatory_args_int=\count269
\l__xparse_v_nesting_int=\count270
)
Package: siunitx 2018-03-20 v2.7m A comprehensive (SI) units package

(/usr/local/texlive/2018/texmf-dist/tex/latex/l3packages/l3keys2e/l3keys2e.sty
Package: l3keys2e 2018/02/21 LaTeX2e option processing using LaTeX3 keys
)
\l__siunitx_tmp_box=\box47
\l__siunitx_tmp_dim=\dimen178
\l__siunitx_tmp_int=\count271
\l__siunitx_number_mantissa_length_int=\count272
\l__siunitx_number_uncert_length_int=\count273
\l__siunitx_round_int=\count274
\l__siunitx_process_decimal_int=\count275
\l__siunitx_process_uncertainty_int=\count276
\l__siunitx_process_fixed_int=\count277
\l__siunitx_process_integer_min_int=\count278
\l__siunitx_process_precision_int=\count279
\l__siunitx_group_min_int=\count280
\l__siunitx_angle_marker_box=\box48
\l__siunitx_angle_unit_box=\box49
\l__siunitx_angle_marker_dim=\dimen179
\l__siunitx_angle_unit_dim=\dimen180
\l__siunitx_unit_int=\count281
\l__siunitx_unit_denominator_int=\count282
\l__siunitx_unit_numerator_int=\count283
\l__siunitx_unit_prefix_int=\count284
\l__siunitx_unit_prefix_base_int=\count285
\l__siunitx_unit_prefix_gram_int=\count286
\l__siunitx_number_product_int=\count287
\c__siunitx_one_fill_skip=\skip64
\l__siunitx_table_unit_align_skip=\skip65
\l__siunitx_table_exponent_dim=\dimen181
\l__siunitx_table_integer_dim=\dimen182
\l__siunitx_table_mantissa_dim=\dimen183
\l__siunitx_table_marker_dim=\dimen184
\l__siunitx_table_result_dim=\dimen185
\l__siunitx_table_uncert_dim=\dimen186
\l__siunitx_table_fill_pre_dim=\dimen187
\l__siunitx_table_fill_post_dim=\dimen188
\l__siunitx_table_fill_mid_dim=\dimen189
\l__siunitx_table_pre_box=\box50
\l__siunitx_table_post_box=\box51
\l__siunitx_table_mantissa_box=\box52
\l__siunitx_table_result_box=\box53
\l__siunitx_table_number_align_skip=\skip66
\l__siunitx_table_text_align_skip=\skip67
.................................................
. LaTeX info: "xparse/define-command"
. 
. Defining command \DeclareBinaryPrefix with sig. 'mmm' on line 7244.
.................................................
.................................................
. LaTeX info: "xparse/define-command"
. 
. Defining command \DeclareSIPostPower with sig. 'mm' on line 7247.
.................................................
.................................................
. LaTeX info: "xparse/define-command"
. 
. Defining command \DeclareSIPrefix with sig. 'mmm' on line 7250.
.................................................
.................................................
. LaTeX info: "xparse/define-command"
. 
. Defining command \DeclareSIPrePower with sig. 'mm' on line 7253.
.................................................
.................................................
. LaTeX info: "xparse/define-command"
. 
. Defining command \DeclareSIQualifier with sig. 'mm' on line 7256.
.................................................
.................................................
. LaTeX info: "xparse/define-command"
. 
. Defining command \DeclareSIUnit with sig. 'O{}mm' on line 7259.
.................................................
.................................................
. LaTeX info: "xparse/define-command"
. 
. Defining command \DeclareSIUnitWithOptions with sig. 'mmm' on line 7262.
.................................................
.................................................
. LaTeX info: "xparse/define-command"
. 
. Defining command \ang with sig. 'o>{\SplitArgument {2}{;}}m' on line 7277.
.................................................
.................................................
. LaTeX info: "xparse/define-command"
. 
. Defining command \num with sig. 'om' on line 7286.
.................................................
.................................................
. LaTeX info: "xparse/define-command"
. 
. Defining command \numlist with sig. 'o>{\SplitList {;}}m' on line 7295.
.................................................
.................................................
. LaTeX info: "xparse/define-command"
. 
. Defining command \numrange with sig. 'omm' on line 7304.
.................................................
.................................................
. LaTeX info: "xparse/define-command"
. 
. Defining command \SIlist with sig. 'o>{\SplitList {;}}mm' on line 7316.
.................................................
.................................................
. LaTeX info: "xparse/define-command"
. 
. Defining command \SIrange with sig. 'ommm' on line 7328.
.................................................
.................................................
. LaTeX info: "xparse/define-command"
. 
. Defining command \SI with sig. 'omom' on line 7340.
.................................................
.................................................
. LaTeX info: "xparse/define-command"
. 
. Defining command \sisetup with sig. 'm' on line 7343.
.................................................
.................................................
. LaTeX info: "xparse/define-command"
. 
. Defining command \tablenum with sig. 'om' on line 7358.
.................................................
.................................................
. LaTeX info: "xparse/define-command"
. 
. Defining command \si with sig. 'om' on line 7370.
.................................................
.................................................
. LaTeX info: "xparse/define-command"
. 
. Defining command \numInBookmark with sig. 'om' on line 7417.
.................................................
.................................................
. LaTeX info: "xparse/define-command"
. 
. Defining command \numrangeInBookmark with sig. 'omm' on line 7419.
.................................................
.................................................
. LaTeX info: "xparse/define-command"
. 
. Defining command \SIInBookmark with sig. 'omom' on line 7421.
.................................................
.................................................
. LaTeX info: "xparse/define-command"
. 
. Defining command \SIlistInBookmark with sig. 'omm' on line 7423.
.................................................
.................................................
. LaTeX info: "xparse/define-command"
. 
. Defining command \SIrangeInBookmark with sig. 'ommm' on line 7425.
.................................................
.................................................
. LaTeX info: "xparse/define-command"
. 
. Defining command \siInBookmark with sig. 'om' on line 7426.
.................................................
\g__file_internal_ior=\read1
(/usr/local/texlive/2018/texmf-dist/tex/latex/translator/translator.sty
Package: translator 2018/01/04 v1.12 Easy translation of strings in LaTeX
))
(/usr/local/texlive/2018/texmf-dist/tex/latex/graphics/epsfig.sty
Package: epsfig 2017/06/25 v1.7b (e)psfig emulation (SPQR)
\epsfxsize=\dimen190
\epsfysize=\dimen191
)
(/usr/local/texlive/2018/texmf-dist/tex/latex/oberdiek/epstopdf.sty
Package: epstopdf 2016/05/15 v2.6 Conversion with epstopdf on the fly (HO)

(/usr/local/texlive/2018/texmf-dist/tex/latex/oberdiek/epstopdf-base.sty
Package: epstopdf-base 2016/05/15 v2.6 Base part for package epstopdf

(/usr/local/texlive/2018/texmf-dist/tex/generic/oberdiek/infwarerr.sty
Package: infwarerr 2016/05/16 v1.4 Providing info/warning/error messages (HO)
)
(/usr/local/texlive/2018/texmf-dist/tex/latex/oberdiek/grfext.sty
Package: grfext 2016/05/16 v1.2 Manage graphics extensions (HO)

(/usr/local/texlive/2018/texmf-dist/tex/generic/oberdiek/kvdefinekeys.sty
Package: kvdefinekeys 2016/05/16 v1.4 Define keys (HO)

(/usr/local/texlive/2018/texmf-dist/tex/generic/oberdiek/ltxcmds.sty
Package: ltxcmds 2016/05/16 v1.23 LaTeX kernel commands for general use (HO)
)))
(/usr/local/texlive/2018/texmf-dist/tex/latex/oberdiek/kvoptions.sty
Package: kvoptions 2016/05/16 v3.12 Key value format for package options (HO)

(/usr/local/texlive/2018/texmf-dist/tex/generic/oberdiek/kvsetkeys.sty
Package: kvsetkeys 2016/05/16 v1.17 Key value parser (HO)

(/usr/local/texlive/2018/texmf-dist/tex/generic/oberdiek/etexcmds.sty
Package: etexcmds 2016/05/16 v1.6 Avoid name clashes with e-TeX commands (HO)

(/usr/local/texlive/2018/texmf-dist/tex/generic/oberdiek/ifluatex.sty
Package: ifluatex 2016/05/16 v1.4 Provides the ifluatex switch (HO)
Package ifluatex Info: LuaTeX not detected.
)
Package etexcmds Info: Could not find \expanded.
(etexcmds)             That can mean that you are not using pdfTeX 1.50 or
(etexcmds)             that some package has redefined \expanded.
(etexcmds)             In the latter case, load this package earlier.
)))
(/usr/local/texlive/2018/texmf-dist/tex/generic/oberdiek/pdftexcmds.sty
Package: pdftexcmds 2018/01/30 v0.27 Utility functions of pdfTeX for LuaTeX (HO
)

(/usr/local/texlive/2018/texmf-dist/tex/generic/oberdiek/ifpdf.sty
Package: ifpdf 2017/03/15 v3.2 Provides the ifpdf switch
)
Package pdftexcmds Info: LuaTeX not detected.
Package pdftexcmds Info: \pdf@primitive is available.
Package pdftexcmds Info: \pdf@ifprimitive is available.
Package pdftexcmds Info: \pdfdraftmode found.
)
Package epstopdf-base Info: Redefining graphics rule for `.eps' on input line 4
38.
Package grfext Info: Graphics extension search list:
(grfext)             [.pdf,.png,.jpg,.mps,.jpeg,.jbig2,.jb2,.PDF,.PNG,.JPG,.JPE
G,.JBIG2,.JB2,.eps]
(grfext)             \AppendGraphicsExtensions on input line 456.

(/usr/local/texlive/2018/texmf-dist/tex/latex/latexconfig/epstopdf-sys.cfg
File: epstopdf-sys.cfg 2010/07/13 v1.3 Configuration of (r)epstopdf for TeX Liv
e
)))
(/usr/local/texlive/2018/texmf-dist/tex/latex/soul/soul.sty
Package: soul 2003/11/17 v2.4 letterspacing/underlining (mf)
\SOUL@word=\toks25
\SOUL@lasttoken=\toks26
\SOUL@cmds=\toks27
\SOUL@buffer=\toks28
\SOUL@token=\toks29
\SOUL@spaceskip=\skip68
\SOUL@ttwidth=\dimen192
\SOUL@uldp=\dimen193
\SOUL@ulht=\dimen194
)
(/usr/local/texlive/2018/texmf-dist/tex/latex/url/url.sty
\Urlmuskip=\muskip17
Package: url 2013/09/16  ver 3.4  Verb mode for urls, etc.
)
(/usr/local/texlive/2018/texmf-dist/tex/latex/tablefootnote/tablefootnote.sty
Package: tablefootnote 2014/01/26 v1.1c Table foot notes (HMM)

(/usr/local/texlive/2018/texmf-dist/tex/latex/oberdiek/letltxmacro.sty
Package: letltxmacro 2016/05/16 v1.5 Let assignment for LaTeX macros (HO)
)
(/usr/local/texlive/2018/texmf-dist/tex/latex/xifthen/xifthen.sty
Package: xifthen 2015/11/05 v1.4.0 Extended ifthen features

(/usr/local/texlive/2018/texmf-dist/tex/latex/ifmtarg/ifmtarg.sty
Package: ifmtarg 2009/09/02 v1.2a check for an empty argument
))
(/usr/local/texlive/2018/texmf-dist/tex/latex/etoolbox/etoolbox.sty
Package: etoolbox 2018/02/11 v2.5e e-TeX tools for LaTeX (JAW)
\etb@tempcnta=\count288
))
(/usr/local/texlive/2018/texmf-dist/tex/latex/algorithm2e/algorithm2e.sty
Package: algorithm2e 2017/07/18 v5.2 algorithms environments
\c@AlgoLine=\count289
\algocf@hangindent=\skip69

(/usr/local/texlive/2018/texmf-dist/tex/latex/relsize/relsize.sty
Package: relsize 2013/03/29 ver 4.1
)
\skiptotal=\skip70
\skiplinenumber=\skip71
\skiprule=\skip72
\skiphlne=\skip73
\skiptext=\skip74
\skiplength=\skip75
\algomargin=\skip76
\skipalgocfslide=\skip77
\algowidth=\dimen195
\inoutsize=\dimen196
\inoutindent=\dimen197
\interspacetitleruled=\dimen198
\interspacealgoruled=\dimen199
\interspacetitleboxruled=\dimen256
\algocf@ruledwidth=\skip78
\algocf@inoutbox=\box54
\algocf@inputbox=\box55
\AlCapSkip=\skip79
\AlCapHSkip=\skip80
\algoskipindent=\skip81
\algocf@nlbox=\box56
\algocf@hangingbox=\box57
\algocf@untilbox=\box58
\algocf@skipuntil=\skip82
\algocf@capbox=\box59
\algocf@lcaptionbox=\skip83
\algoheightruledefault=\skip84
\algoheightrule=\skip85
\algotitleheightruledefault=\skip86
\algotitleheightrule=\skip87
\c@algocfline=\count290
\c@algocfproc=\count291
\c@algocf=\count292
\algocf@algoframe=\box60
\algocf@algobox=\box61
)
(/usr/local/texlive/2018/texmf-dist/tex/latex/booktabs/booktabs.sty
Package: booktabs 2016/04/27 v1.618033 publication quality tables
\heavyrulewidth=\dimen257
\lightrulewidth=\dimen258
\cmidrulewidth=\dimen259
\belowrulesep=\dimen260
\belowbottomsep=\dimen261
\aboverulesep=\dimen262
\abovetopsep=\dimen263
\cmidrulesep=\dimen264
\cmidrulekern=\dimen265
\defaultaddspace=\dimen266
\@cmidla=\count293
\@cmidlb=\count294
\@aboverulesep=\dimen267
\@belowrulesep=\dimen268
\@thisruleclass=\count295
\@lastruleclass=\count296
\@thisrulewidth=\dimen269
)
(/usr/local/texlive/2018/texmf-dist/tex/latex/hyperref/hyperref.sty
Package: hyperref 2018/02/06 v6.86b Hypertext links for LaTeX

(/usr/local/texlive/2018/texmf-dist/tex/generic/oberdiek/hobsub-hyperref.sty
Package: hobsub-hyperref 2016/05/16 v1.14 Bundle oberdiek, subset hyperref (HO)


(/usr/local/texlive/2018/texmf-dist/tex/generic/oberdiek/hobsub-generic.sty
Package: hobsub-generic 2016/05/16 v1.14 Bundle oberdiek, subset generic (HO)
Package: hobsub 2016/05/16 v1.14 Construct package bundles (HO)
Package hobsub Info: Skipping package `infwarerr' (already loaded).
Package hobsub Info: Skipping package `ltxcmds' (already loaded).
Package hobsub Info: Skipping package `ifluatex' (already loaded).
Package: ifvtex 2016/05/16 v1.6 Detect VTeX and its facilities (HO)
Package ifvtex Info: VTeX not detected.
Package: intcalc 2016/05/16 v1.2 Expandable calculations with integers (HO)
Package hobsub Info: Skipping package `ifpdf' (already loaded).
Package hobsub Info: Skipping package `etexcmds' (already loaded).
Package hobsub Info: Skipping package `kvsetkeys' (already loaded).
Package hobsub Info: Skipping package `kvdefinekeys' (already loaded).
Package hobsub Info: Skipping package `pdftexcmds' (already loaded).
Package: pdfescape 2016/05/16 v1.14 Implements pdfTeX's escape features (HO)
Package: bigintcalc 2016/05/16 v1.4 Expandable calculations on big integers (HO
)
Package: bitset 2016/05/16 v1.2 Handle bit-vector datatype (HO)
Package: uniquecounter 2016/05/16 v1.3 Provide unlimited unique counter (HO)
)
Package hobsub Info: Skipping package `hobsub' (already loaded).
Package hobsub Info: Skipping package `letltxmacro' (already loaded).
Package: hopatch 2016/05/16 v1.3 Wrapper for package hooks (HO)
Package: xcolor-patch 2016/05/16 xcolor patch
Package: atveryend 2016/05/16 v1.9 Hooks at the very end of document (HO)
Package: atbegshi 2016/06/09 v1.18 At begin shipout hook (HO)
Package: refcount 2016/05/16 v3.5 Data extraction from label references (HO)
Package: hycolor 2016/05/16 v1.8 Color options for hyperref/bookmark (HO)
)
(/usr/local/texlive/2018/texmf-dist/tex/generic/ifxetex/ifxetex.sty
Package: ifxetex 2010/09/12 v0.6 Provides ifxetex conditional
)
(/usr/local/texlive/2018/texmf-dist/tex/latex/oberdiek/auxhook.sty
Package: auxhook 2016/05/16 v1.4 Hooks for auxiliary files (HO)
)
\@linkdim=\dimen270
\Hy@linkcounter=\count297
\Hy@pagecounter=\count298

(/usr/local/texlive/2018/texmf-dist/tex/latex/hyperref/pd1enc.def
File: pd1enc.def 2018/02/06 v6.86b Hyperref: PDFDocEncoding definition (HO)
Now handling font encoding PD1 ...
... no UTF-8 mapping file for font encoding PD1
)
\Hy@SavedSpaceFactor=\count299

(/usr/local/texlive/2018/texmf-dist/tex/latex/latexconfig/hyperref.cfg
File: hyperref.cfg 2002/06/06 v1.2 hyperref configuration of TeXLive
)
Package hyperref Info: Hyper figures OFF on input line 4509.
Package hyperref Info: Link nesting OFF on input line 4514.
Package hyperref Info: Hyper index ON on input line 4517.
Package hyperref Info: Plain pages OFF on input line 4524.
Package hyperref Info: Backreferencing OFF on input line 4529.
Package hyperref Info: Implicit mode ON; LaTeX internals redefined.
Package hyperref Info: Bookmarks ON on input line 4762.
\c@Hy@tempcnt=\count300
LaTeX Info: Redefining \url on input line 5115.
\XeTeXLinkMargin=\dimen271
\Fld@menulength=\count301
\Field@Width=\dimen272
\Fld@charsize=\dimen273
Package hyperref Info: Hyper figures OFF on input line 6369.
Package hyperref Info: Link nesting OFF on input line 6374.
Package hyperref Info: Hyper index ON on input line 6377.
Package hyperref Info: backreferencing OFF on input line 6384.
Package hyperref Info: Link coloring OFF on input line 6389.
Package hyperref Info: Link coloring with OCG OFF on input line 6394.
Package hyperref Info: PDF/A mode OFF on input line 6399.
LaTeX Info: Redefining \ref on input line 6439.
LaTeX Info: Redefining \pageref on input line 6443.
\Hy@abspage=\count302
\c@Item=\count303
\c@Hfootnote=\count304
)
Package hyperref Info: Driver (autodetected): hpdftex.

(/usr/local/texlive/2018/texmf-dist/tex/latex/hyperref/hpdftex.def
File: hpdftex.def 2018/02/06 v6.86b Hyperref driver for pdfTeX
\Fld@listcount=\count305
\c@bookmark@seq@number=\count306

(/usr/local/texlive/2018/texmf-dist/tex/latex/oberdiek/rerunfilecheck.sty
Package: rerunfilecheck 2016/05/16 v1.8 Rerun checks for auxiliary files (HO)
Package uniquecounter Info: New unique counter `rerunfilecheck' on input line 2
82.
)
\Hy@SectionHShift=\skip88
)
(/usr/local/texlive/2018/texmf-dist/tex/generic/ulem/ulem.sty
\UL@box=\box62
\UL@hyphenbox=\box63
\UL@skip=\skip89
\UL@hook=\toks30
\UL@height=\dimen274
\UL@pe=\count307
\UL@pixel=\dimen275
\ULC@box=\box64
Package: ulem 2012/05/18
\ULdepth=\dimen276
)
(/usr/local/texlive/2018/texmf-dist/tex/latex/mdwtools/footnote.sty
Package: footnote 1997/01/28 1.13 Save footnotes around boxes
\fn@notes=\box65
\fn@width=\dimen277
)
(/usr/local/texlive/2018/texmf-dist/tex/latex/ifsym/ifsym.sty
Package: ifsym 2000/04/18 I.Kloeckl
\c@ifsymcnt=\count308
)

LaTeX Warning: Unused global option(s):
    [preprint].

(./ordered_learning.aux

LaTeX Warning: Label `fig:ts' multiply defined.

)
\openout1 = `ordered_learning.aux'.

LaTeX Font Info:    Checking defaults for OML/cmm/m/it on input line 106.
LaTeX Font Info:    ... okay on input line 106.
LaTeX Font Info:    Checking defaults for T1/cmr/m/n on input line 106.
LaTeX Font Info:    ... okay on input line 106.
LaTeX Font Info:    Checking defaults for OT1/cmr/m/n on input line 106.
LaTeX Font Info:    ... okay on input line 106.
LaTeX Font Info:    Checking defaults for OMS/cmsy/m/n on input line 106.
LaTeX Font Info:    ... okay on input line 106.
LaTeX Font Info:    Checking defaults for OMX/cmex/m/n on input line 106.
LaTeX Font Info:    ... okay on input line 106.
LaTeX Font Info:    Checking defaults for U/cmr/m/n on input line 106.
LaTeX Font Info:    ... okay on input line 106.
LaTeX Font Info:    Checking defaults for TS1/cmr/m/n on input line 106.
LaTeX Font Info:    Try loading font information for TS1+cmr on input line 106.

 (/usr/local/texlive/2018/texmf-dist/tex/latex/base/ts1cmr.fd
File: ts1cmr.fd 2014/09/29 v2.5h Standard LaTeX font definitions
)
LaTeX Font Info:    ... okay on input line 106.
LaTeX Font Info:    Checking defaults for PD1/pdf/m/n on input line 106.
LaTeX Font Info:    ... okay on input line 106.

(/usr/local/texlive/2018/texmf-dist/tex/context/base/mkii/supp-pdf.mkii
[Loading MPS to PDF converter (version 2006.09.02).]
\scratchcounter=\count309
\scratchdimen=\dimen278
\scratchbox=\box66
\nofMPsegments=\count310
\nofMParguments=\count311
\everyMPshowfont=\toks31
\MPscratchCnt=\count312
\MPscratchDim=\dimen279
\MPnumerator=\count313
\makeMPintoPDFobject=\count314
\everyMPtoPDFconversion=\toks32
)
Package caption Info: Begin \AtBeginDocument code.
Package caption Info: hyperref package is loaded.
Package caption Info: End \AtBeginDocument code.

(/usr/local/texlive/2018/texmf-dist/tex/latex/translator/translator-basic-dicti
onary-English.dict
Dictionary: translator-basic-dictionary, Language: English 
)
(/usr/local/texlive/2018/texmf-dist/tex/latex/siunitx/siunitx-abbreviations.cfg
File: siunitx-abbreviations.cfg 2017/11/26 v2.7k siunitx: Abbreviated units
)
\AtBeginShipoutBox=\box67
Package hyperref Info: Link coloring OFF on input line 106.
 (/usr/local/texlive/2018/texmf-dist/tex/latex/hyperref/nameref.sty
Package: nameref 2016/05/21 v2.44 Cross-referencing by name of section

(/usr/local/texlive/2018/texmf-dist/tex/generic/oberdiek/gettitlestring.sty
Package: gettitlestring 2016/05/16 v1.5 Cleanup title references (HO)
)
\c@section@level=\count315
)
LaTeX Info: Redefining \ref on input line 106.
LaTeX Info: Redefining \pageref on input line 106.
LaTeX Info: Redefining \nameref on input line 106.

(./ordered_learning.out) (./ordered_learning.out)
\@outlinefile=\write4
\openout4 = `ordered_learning.out'.

LaTeX Font Info:    Try loading font information for U+msa on input line 106.

(/usr/local/texlive/2018/texmf-dist/tex/latex/amsfonts/umsa.fd
File: umsa.fd 2013/01/14 v3.01 AMS symbols A
)
LaTeX Font Info:    Try loading font information for U+msb on input line 106.

(/usr/local/texlive/2018/texmf-dist/tex/latex/amsfonts/umsb.fd
File: umsb.fd 2013/01/14 v3.01 AMS symbols B
)

LaTeX Warning: No \author given.


Package hyperref Warning: Token not allowed in a PDF string (PDFDocEncoding):
(hyperref)                removing `math shift' on input line 121.


Package hyperref Warning: Token not allowed in a PDF string (PDFDocEncoding):
(hyperref)                removing `\varepsilon' on input line 121.


Package hyperref Warning: Token not allowed in a PDF string (PDFDocEncoding):
(hyperref)                removing `math shift' on input line 121.

Package epstopdf Info: Source file: <images/actions_probability_EG.eps>
(epstopdf)                    date: 2018-10-12 08:13:43
(epstopdf)                    size: 29479 bytes
(epstopdf)             Output file: <images/actions_probability_EG-eps-converte
d-to.pdf>
(epstopdf)                    date: 2018-10-12 08:27:45
(epstopdf)                    size: 8673 bytes
(epstopdf)             Command: <repstopdf --outfile=images/actions_probability
_EG-eps-converted-to.pdf images/actions_probability_EG.eps>
(epstopdf)             \includegraphics on input line 129.
Package epstopdf Info: Output file is already uptodate.
<images/actions_probability_EG-eps-converted-to.pdf, id=39, 429.605pt x 322.203
75pt>
File: images/actions_probability_EG-eps-converted-to.pdf Graphic file (type pdf
)
<use images/actions_probability_EG-eps-converted-to.pdf>
Package pdftex.def Info: images/actions_probability_EG-eps-converted-to.pdf  us
ed on input line 129.
(pdftex.def)             Requested size: 140.92793pt x 105.69826pt.
Package epstopdf Info: Source file: <images/actions_probability_OEG.eps>
(epstopdf)                    date: 2018-10-12 08:13:50
(epstopdf)                    size: 29409 bytes
(epstopdf)             Output file: <images/actions_probability_OEG-eps-convert
ed-to.pdf>
(epstopdf)                    date: 2018-10-12 08:27:46
(epstopdf)                    size: 8607 bytes
(epstopdf)             Command: <repstopdf --outfile=images/actions_probability
_OEG-eps-converted-to.pdf images/actions_probability_OEG.eps>
(epstopdf)             \includegraphics on input line 133.
Package epstopdf Info: Output file is already uptodate.
<images/actions_probability_OEG-eps-converted-to.pdf, id=40, 429.605pt x 322.20
375pt>
File: images/actions_probability_OEG-eps-converted-to.pdf Graphic file (type pd
f)
<use images/actions_probability_OEG-eps-converted-to.pdf>
Package pdftex.def Info: images/actions_probability_OEG-eps-converted-to.pdf  u
sed on input line 133.
(pdftex.def)             Requested size: 140.92793pt x 105.69826pt.
Package epstopdf Info: Source file: <images/actions_probability_CEG.eps>
(epstopdf)                    date: 2018-10-12 08:13:59
(epstopdf)                    size: 29488 bytes
(epstopdf)             Output file: <images/actions_probability_CEG-eps-convert
ed-to.pdf>
(epstopdf)                    date: 2018-10-12 08:27:47
(epstopdf)                    size: 8727 bytes
(epstopdf)             Command: <repstopdf --outfile=images/actions_probability
_CEG-eps-converted-to.pdf images/actions_probability_CEG.eps>
(epstopdf)             \includegraphics on input line 137.
Package epstopdf Info: Output file is already uptodate.
<images/actions_probability_CEG-eps-converted-to.pdf, id=41, 429.605pt x 322.20
375pt>
File: images/actions_probability_CEG-eps-converted-to.pdf Graphic file (type pd
f)
<use images/actions_probability_CEG-eps-converted-to.pdf>
Package pdftex.def Info: images/actions_probability_CEG-eps-converted-to.pdf  u
sed on input line 137.
(pdftex.def)             Requested size: 140.92793pt x 105.69826pt.
Package epstopdf Info: Source file: <images/temporal_individual_tpt_EG.eps>
(epstopdf)                    date: 2018-10-12 08:13:39
(epstopdf)                    size: 156234 bytes
(epstopdf)             Output file: <images/temporal_individual_tpt_EG-eps-conv
erted-to.pdf>
(epstopdf)                    date: 2018-10-12 08:27:47
(epstopdf)                    size: 26200 bytes
(epstopdf)             Command: <repstopdf --outfile=images/temporal_individual
_tpt_EG-eps-converted-to.pdf images/temporal_individual_tpt_EG.eps>
(epstopdf)             \includegraphics on input line 141.
Package epstopdf Info: Output file is already uptodate.
<images/temporal_individual_tpt_EG-eps-converted-to.pdf, id=42, 437.635pt x 337
.26pt>
File: images/temporal_individual_tpt_EG-eps-converted-to.pdf Graphic file (type
 pdf)
<use images/temporal_individual_tpt_EG-eps-converted-to.pdf>
Package pdftex.def Info: images/temporal_individual_tpt_EG-eps-converted-to.pdf
  used on input line 141.
(pdftex.def)             Requested size: 140.92793pt x 108.60469pt.
Package epstopdf Info: Source file: <images/temporal_individual_tpt_OEG.eps>
(epstopdf)                    date: 2018-10-12 08:13:46
(epstopdf)                    size: 155819 bytes
(epstopdf)             Output file: <images/temporal_individual_tpt_OEG-eps-con
verted-to.pdf>
(epstopdf)                    date: 2018-10-12 08:27:48
(epstopdf)                    size: 24703 bytes
(epstopdf)             Command: <repstopdf --outfile=images/temporal_individual
_tpt_OEG-eps-converted-to.pdf images/temporal_individual_tpt_OEG.eps>
(epstopdf)             \includegraphics on input line 145.
Package epstopdf Info: Output file is already uptodate.
<images/temporal_individual_tpt_OEG-eps-converted-to.pdf, id=43, 437.635pt x 33
7.26pt>
File: images/temporal_individual_tpt_OEG-eps-converted-to.pdf Graphic file (typ
e pdf)
<use images/temporal_individual_tpt_OEG-eps-converted-to.pdf>
Package pdftex.def Info: images/temporal_individual_tpt_OEG-eps-converted-to.pd
f  used on input line 145.
(pdftex.def)             Requested size: 140.92793pt x 108.60469pt.
Package epstopdf Info: Source file: <images/temporal_individual_tpt_CEG.eps>
(epstopdf)                    date: 2018-10-12 08:13:55
(epstopdf)                    size: 154170 bytes
(epstopdf)             Output file: <images/temporal_individual_tpt_CEG-eps-con
verted-to.pdf>
(epstopdf)                    date: 2018-10-12 08:28:57
(epstopdf)                    size: 27065 bytes
(epstopdf)             Command: <repstopdf --outfile=images/temporal_individual
_tpt_CEG-eps-converted-to.pdf images/temporal_individual_tpt_CEG.eps>
(epstopdf)             \includegraphics on input line 149.
Package epstopdf Info: Output file is already uptodate.
<images/temporal_individual_tpt_CEG-eps-converted-to.pdf, id=44, 437.635pt x 33
7.26pt>
File: images/temporal_individual_tpt_CEG-eps-converted-to.pdf Graphic file (typ
e pdf)
<use images/temporal_individual_tpt_CEG-eps-converted-to.pdf>
Package pdftex.def Info: images/temporal_individual_tpt_CEG-eps-converted-to.pd
f  used on input line 149.
(pdftex.def)             Requested size: 140.92793pt x 108.60469pt.
Package epstopdf Info: Source file: <images/mean_tpt_EG.eps>
(epstopdf)                    date: 2018-10-12 08:13:41
(epstopdf)                    size: 16089 bytes
(epstopdf)             Output file: <images/mean_tpt_EG-eps-converted-to.pdf>
(epstopdf)                    date: 2018-10-12 08:27:48
(epstopdf)                    size: 7210 bytes
(epstopdf)             Command: <repstopdf --outfile=images/mean_tpt_EG-eps-con
verted-to.pdf images/mean_tpt_EG.eps>
(epstopdf)             \includegraphics on input line 153.
Package epstopdf Info: Output file is already uptodate.
<images/mean_tpt_EG-eps-converted-to.pdf, id=45, 450.68375pt x 328.22626pt>
File: images/mean_tpt_EG-eps-converted-to.pdf Graphic file (type pdf)
<use images/mean_tpt_EG-eps-converted-to.pdf>
Package pdftex.def Info: images/mean_tpt_EG-eps-converted-to.pdf  used on input
 line 153.
(pdftex.def)             Requested size: 140.92793pt x 102.63556pt.
Package epstopdf Info: Source file: <images/mean_tpt_OEG.eps>
(epstopdf)                    date: 2018-10-12 08:13:47
(epstopdf)                    size: 16095 bytes
(epstopdf)             Output file: <images/mean_tpt_OEG-eps-converted-to.pdf>
(epstopdf)                    date: 2018-10-12 08:27:49
(epstopdf)                    size: 7208 bytes
(epstopdf)             Command: <repstopdf --outfile=images/mean_tpt_OEG-eps-co
nverted-to.pdf images/mean_tpt_OEG.eps>
(epstopdf)             \includegraphics on input line 157.
Package epstopdf Info: Output file is already uptodate.
<images/mean_tpt_OEG-eps-converted-to.pdf, id=46, 450.68375pt x 328.22626pt>
File: images/mean_tpt_OEG-eps-converted-to.pdf Graphic file (type pdf)
<use images/mean_tpt_OEG-eps-converted-to.pdf>
Package pdftex.def Info: images/mean_tpt_OEG-eps-converted-to.pdf  used on inpu
t line 157.
(pdftex.def)             Requested size: 140.92793pt x 102.63556pt.
Package epstopdf Info: Source file: <images/mean_tpt_CEG.eps>
(epstopdf)                    date: 2018-10-12 08:13:57
(epstopdf)                    size: 15409 bytes
(epstopdf)             Output file: <images/mean_tpt_CEG-eps-converted-to.pdf>
(epstopdf)                    date: 2018-10-12 08:28:57
(epstopdf)                    size: 7045 bytes
(epstopdf)             Command: <repstopdf --outfile=images/mean_tpt_CEG-eps-co
nverted-to.pdf images/mean_tpt_CEG.eps>
(epstopdf)             \includegraphics on input line 161.
Package epstopdf Info: Output file is already uptodate.
<images/mean_tpt_CEG-eps-converted-to.pdf, id=47, 450.68375pt x 328.22626pt>
File: images/mean_tpt_CEG-eps-converted-to.pdf Graphic file (type pdf)
<use images/mean_tpt_CEG-eps-converted-to.pdf>
Package pdftex.def Info: images/mean_tpt_CEG-eps-converted-to.pdf  used on inpu
t line 161.
(pdftex.def)             Requested size: 140.92793pt x 102.63556pt.

LaTeX Warning: `!h' float specifier changed to `!ht'.

[1

{/usr/local/texlive/2018/texmf-var/fonts/map/pdftex/updmap/pdftex.map}]
Package epstopdf Info: Source file: <images/actions_probability_EXP3.eps>
(epstopdf)                    date: 2018-10-12 08:14:18
(epstopdf)                    size: 29110 bytes
(epstopdf)             Output file: <images/actions_probability_EXP3-eps-conver
ted-to.pdf>
(epstopdf)                    date: 2018-10-12 08:27:50
(epstopdf)                    size: 8700 bytes
(epstopdf)             Command: <repstopdf --outfile=images/actions_probability
_EXP3-eps-converted-to.pdf images/actions_probability_EXP3.eps>
(epstopdf)             \includegraphics on input line 176.
Package epstopdf Info: Output file is already uptodate.
<images/actions_probability_EXP3-eps-converted-to.pdf, id=67, 429.605pt x 322.2
0375pt>
File: images/actions_probability_EXP3-eps-converted-to.pdf Graphic file (type p
df)
<use images/actions_probability_EXP3-eps-converted-to.pdf>
Package pdftex.def Info: images/actions_probability_EXP3-eps-converted-to.pdf  
used on input line 176.
(pdftex.def)             Requested size: 140.92793pt x 105.69826pt.
Package epstopdf Info: Source file: <images/actions_probability_OEXP3.eps>
(epstopdf)                    date: 2018-10-12 08:14:24
(epstopdf)                    size: 27860 bytes
(epstopdf)             Output file: <images/actions_probability_OEXP3-eps-conve
rted-to.pdf>
(epstopdf)                    date: 2018-10-12 08:27:50
(epstopdf)                    size: 8587 bytes
(epstopdf)             Command: <repstopdf --outfile=images/actions_probability
_OEXP3-eps-converted-to.pdf images/actions_probability_OEXP3.eps>
(epstopdf)             \includegraphics on input line 180.
Package epstopdf Info: Output file is already uptodate.
<images/actions_probability_OEXP3-eps-converted-to.pdf, id=68, 429.605pt x 322.
20375pt>
File: images/actions_probability_OEXP3-eps-converted-to.pdf Graphic file (type 
pdf)
<use images/actions_probability_OEXP3-eps-converted-to.pdf>
Package pdftex.def Info: images/actions_probability_OEXP3-eps-converted-to.pdf 
 used on input line 180.
(pdftex.def)             Requested size: 140.92793pt x 105.69826pt.
Package epstopdf Info: Source file: <images/actions_probability_CEXP3.eps>
(epstopdf)                    date: 2018-10-12 08:14:29
(epstopdf)                    size: 27572 bytes
(epstopdf)             Output file: <images/actions_probability_CEXP3-eps-conve
rted-to.pdf>
(epstopdf)                    date: 2018-10-12 08:31:03
(epstopdf)                    size: 8511 bytes
(epstopdf)             Command: <repstopdf --outfile=images/actions_probability
_CEXP3-eps-converted-to.pdf images/actions_probability_CEXP3.eps>
(epstopdf)             \includegraphics on input line 184.
Package epstopdf Info: Output file is already uptodate.
<images/actions_probability_CEXP3-eps-converted-to.pdf, id=69, 429.605pt x 322.
20375pt>
File: images/actions_probability_CEXP3-eps-converted-to.pdf Graphic file (type 
pdf)
<use images/actions_probability_CEXP3-eps-converted-to.pdf>
Package pdftex.def Info: images/actions_probability_CEXP3-eps-converted-to.pdf 
 used on input line 184.
(pdftex.def)             Requested size: 140.92793pt x 105.69826pt.
Package epstopdf Info: Source file: <images/temporal_individual_tpt_EXP3.eps>
(epstopdf)                    date: 2018-10-12 08:14:15
(epstopdf)                    size: 156418 bytes
(epstopdf)             Output file: <images/temporal_individual_tpt_EXP3-eps-co
nverted-to.pdf>
(epstopdf)                    date: 2018-10-12 08:27:51
(epstopdf)                    size: 26016 bytes
(epstopdf)             Command: <repstopdf --outfile=images/temporal_individual
_tpt_EXP3-eps-converted-to.pdf images/temporal_individual_tpt_EXP3.eps>
(epstopdf)             \includegraphics on input line 188.
Package epstopdf Info: Output file is already uptodate.
<images/temporal_individual_tpt_EXP3-eps-converted-to.pdf, id=70, 437.635pt x 3
37.26pt>
File: images/temporal_individual_tpt_EXP3-eps-converted-to.pdf Graphic file (ty
pe pdf)
<use images/temporal_individual_tpt_EXP3-eps-converted-to.pdf>
Package pdftex.def Info: images/temporal_individual_tpt_EXP3-eps-converted-to.p
df  used on input line 188.
(pdftex.def)             Requested size: 140.92793pt x 108.60469pt.
Package epstopdf Info: Source file: <images/temporal_individual_tpt_OEXP3.eps>
(epstopdf)                    date: 2018-10-12 08:14:21
(epstopdf)                    size: 150393 bytes
(epstopdf)             Output file: <images/temporal_individual_tpt_OEXP3-eps-c
onverted-to.pdf>
(epstopdf)                    date: 2018-10-12 08:27:52
(epstopdf)                    size: 23853 bytes
(epstopdf)             Command: <repstopdf --outfile=images/temporal_individual
_tpt_OEXP3-eps-converted-to.pdf images/temporal_individual_tpt_OEXP3.eps>
(epstopdf)             \includegraphics on input line 192.
Package epstopdf Info: Output file is already uptodate.
<images/temporal_individual_tpt_OEXP3-eps-converted-to.pdf, id=71, 437.635pt x 
337.26pt>
File: images/temporal_individual_tpt_OEXP3-eps-converted-to.pdf Graphic file (t
ype pdf)
<use images/temporal_individual_tpt_OEXP3-eps-converted-to.pdf>
Package pdftex.def Info: images/temporal_individual_tpt_OEXP3-eps-converted-to.
pdf  used on input line 192.
(pdftex.def)             Requested size: 140.92793pt x 108.60469pt.
Package epstopdf Info: Source file: <images/temporal_individual_tpt_CEXP3.eps>
(epstopdf)                    date: 2018-10-12 08:14:26
(epstopdf)                    size: 155662 bytes
(epstopdf)             Output file: <images/temporal_individual_tpt_CEXP3-eps-c
onverted-to.pdf>
(epstopdf)                    date: 2018-10-12 08:31:03
(epstopdf)                    size: 19521 bytes
(epstopdf)             Command: <repstopdf --outfile=images/temporal_individual
_tpt_CEXP3-eps-converted-to.pdf images/temporal_individual_tpt_CEXP3.eps>
(epstopdf)             \includegraphics on input line 196.
Package epstopdf Info: Output file is already uptodate.
<images/temporal_individual_tpt_CEXP3-eps-converted-to.pdf, id=72, 437.635pt x 
337.26pt>
File: images/temporal_individual_tpt_CEXP3-eps-converted-to.pdf Graphic file (t
ype pdf)
<use images/temporal_individual_tpt_CEXP3-eps-converted-to.pdf>
Package pdftex.def Info: images/temporal_individual_tpt_CEXP3-eps-converted-to.
pdf  used on input line 196.
(pdftex.def)             Requested size: 140.92793pt x 108.60469pt.
Package epstopdf Info: Source file: <images/mean_tpt_EXP3.eps>
(epstopdf)                    date: 2018-10-12 08:14:16
(epstopdf)                    size: 16084 bytes
(epstopdf)             Output file: <images/mean_tpt_EXP3-eps-converted-to.pdf>

(epstopdf)                    date: 2018-10-12 08:27:52
(epstopdf)                    size: 7208 bytes
(epstopdf)             Command: <repstopdf --outfile=images/mean_tpt_EXP3-eps-c
onverted-to.pdf images/mean_tpt_EXP3.eps>
(epstopdf)             \includegraphics on input line 200.
Package epstopdf Info: Output file is already uptodate.
<images/mean_tpt_EXP3-eps-converted-to.pdf, id=73, 450.68375pt x 328.22626pt>
File: images/mean_tpt_EXP3-eps-converted-to.pdf Graphic file (type pdf)
<use images/mean_tpt_EXP3-eps-converted-to.pdf>
Package pdftex.def Info: images/mean_tpt_EXP3-eps-converted-to.pdf  used on inp
ut line 200.
(pdftex.def)             Requested size: 140.92793pt x 102.63556pt.
Package epstopdf Info: Source file: <images/mean_tpt_OEXP3.eps>
(epstopdf)                    date: 2018-10-12 08:14:22
(epstopdf)                    size: 15970 bytes
(epstopdf)             Output file: <images/mean_tpt_OEXP3-eps-converted-to.pdf
>
(epstopdf)                    date: 2018-10-12 08:27:53
(epstopdf)                    size: 7104 bytes
(epstopdf)             Command: <repstopdf --outfile=images/mean_tpt_OEXP3-eps-
converted-to.pdf images/mean_tpt_OEXP3.eps>
(epstopdf)             \includegraphics on input line 204.
Package epstopdf Info: Output file is already uptodate.
<images/mean_tpt_OEXP3-eps-converted-to.pdf, id=74, 450.68375pt x 328.22626pt>
File: images/mean_tpt_OEXP3-eps-converted-to.pdf Graphic file (type pdf)
<use images/mean_tpt_OEXP3-eps-converted-to.pdf>
Package pdftex.def Info: images/mean_tpt_OEXP3-eps-converted-to.pdf  used on in
put line 204.
(pdftex.def)             Requested size: 140.92793pt x 102.63556pt.
Package epstopdf Info: Source file: <images/mean_tpt_CEXP3.eps>
(epstopdf)                    date: 2018-10-12 08:14:27
(epstopdf)                    size: 16097 bytes
(epstopdf)             Output file: <images/mean_tpt_CEXP3-eps-converted-to.pdf
>
(epstopdf)                    date: 2018-10-12 08:31:04
(epstopdf)                    size: 7128 bytes
(epstopdf)             Command: <repstopdf --outfile=images/mean_tpt_CEXP3-eps-
converted-to.pdf images/mean_tpt_CEXP3.eps>
(epstopdf)             \includegraphics on input line 208.
Package epstopdf Info: Output file is already uptodate.
<images/mean_tpt_CEXP3-eps-converted-to.pdf, id=75, 450.68375pt x 328.22626pt>
File: images/mean_tpt_CEXP3-eps-converted-to.pdf Graphic file (type pdf)
<use images/mean_tpt_CEXP3-eps-converted-to.pdf>
Package pdftex.def Info: images/mean_tpt_CEXP3-eps-converted-to.pdf  used on in
put line 208.
(pdftex.def)             Requested size: 140.92793pt x 102.63556pt.


LaTeX Warning: `!h' float specifier changed to `!ht'.

[2 <./images/actions_probability_EG-eps-converted-to.pdf> <./images/actions_pro
bability_OEG-eps-converted-to.pdf> <./images/actions_probability_CEG-eps-conver
ted-to.pdf> <./images/temporal_individual_tpt_EG-eps-converted-to.pdf> <./image
s/temporal_individual_tpt_OEG-eps-converted-to.pdf> <./images/temporal_individu
al_tpt_CEG-eps-converted-to.pdf> <./images/mean_tpt_EG-eps-converted-to.pdf> <.
/images/mean_tpt_OEG-eps-converted-to.pdf> <./images/mean_tpt_CEG-eps-converted
-to.pdf>]
Package epstopdf Info: Source file: <images/actions_probability_UCB.eps>
(epstopdf)                    date: 2018-10-12 08:14:47
(epstopdf)                    size: 29480 bytes
(epstopdf)             Output file: <images/actions_probability_UCB-eps-convert
ed-to.pdf>
(epstopdf)                    date: 2018-10-12 08:27:53
(epstopdf)                    size: 8707 bytes
(epstopdf)             Command: <repstopdf --outfile=images/actions_probability
_UCB-eps-converted-to.pdf images/actions_probability_UCB.eps>
(epstopdf)             \includegraphics on input line 223.
Package epstopdf Info: Output file is already uptodate.
<images/actions_probability_UCB-eps-converted-to.pdf, id=147, 429.605pt x 322.2
0375pt>
File: images/actions_probability_UCB-eps-converted-to.pdf Graphic file (type pd
f)
<use images/actions_probability_UCB-eps-converted-to.pdf>
Package pdftex.def Info: images/actions_probability_UCB-eps-converted-to.pdf  u
sed on input line 223.
(pdftex.def)             Requested size: 140.92793pt x 105.69826pt.
Package epstopdf Info: Source file: <images/actions_probability_OUCB.eps>
(epstopdf)                    date: 2018-10-12 08:14:52
(epstopdf)                    size: 29489 bytes
(epstopdf)             Output file: <images/actions_probability_OUCB-eps-conver
ted-to.pdf>
(epstopdf)                    date: 2018-10-12 08:27:54
(epstopdf)                    size: 8646 bytes
(epstopdf)             Command: <repstopdf --outfile=images/actions_probability
_OUCB-eps-converted-to.pdf images/actions_probability_OUCB.eps>
(epstopdf)             \includegraphics on input line 227.
Package epstopdf Info: Output file is already uptodate.
<images/actions_probability_OUCB-eps-converted-to.pdf, id=148, 429.605pt x 322.
20375pt>
File: images/actions_probability_OUCB-eps-converted-to.pdf Graphic file (type p
df)
<use images/actions_probability_OUCB-eps-converted-to.pdf>
Package pdftex.def Info: images/actions_probability_OUCB-eps-converted-to.pdf  
used on input line 227.
(pdftex.def)             Requested size: 140.92793pt x 105.69826pt.
Package epstopdf Info: Source file: <images/actions_probability_CUCB.eps>
(epstopdf)                    date: 2018-10-12 08:14:58
(epstopdf)                    size: 29501 bytes
(epstopdf)             Output file: <images/actions_probability_CUCB-eps-conver
ted-to.pdf>
(epstopdf)                    date: 2018-10-12 08:34:00
(epstopdf)                    size: 8688 bytes
(epstopdf)             Command: <repstopdf --outfile=images/actions_probability
_CUCB-eps-converted-to.pdf images/actions_probability_CUCB.eps>
(epstopdf)             \includegraphics on input line 231.
Package epstopdf Info: Output file is already uptodate.
<images/actions_probability_CUCB-eps-converted-to.pdf, id=149, 429.605pt x 322.
20375pt>
File: images/actions_probability_CUCB-eps-converted-to.pdf Graphic file (type p
df)
<use images/actions_probability_CUCB-eps-converted-to.pdf>
Package pdftex.def Info: images/actions_probability_CUCB-eps-converted-to.pdf  
used on input line 231.
(pdftex.def)             Requested size: 140.92793pt x 105.69826pt.
Package epstopdf Info: Source file: <images/temporal_individual_tpt_UCB.eps>
(epstopdf)                    date: 2018-10-12 08:14:43
(epstopdf)                    size: 155659 bytes
(epstopdf)             Output file: <images/temporal_individual_tpt_UCB-eps-con
verted-to.pdf>
(epstopdf)                    date: 2018-10-12 08:27:55
(epstopdf)                    size: 31453 bytes
(epstopdf)             Command: <repstopdf --outfile=images/temporal_individual
_tpt_UCB-eps-converted-to.pdf images/temporal_individual_tpt_UCB.eps>
(epstopdf)             \includegraphics on input line 235.
Package epstopdf Info: Output file is already uptodate.
<images/temporal_individual_tpt_UCB-eps-converted-to.pdf, id=150, 437.635pt x 3
37.26pt>
File: images/temporal_individual_tpt_UCB-eps-converted-to.pdf Graphic file (typ
e pdf)
<use images/temporal_individual_tpt_UCB-eps-converted-to.pdf>
Package pdftex.def Info: images/temporal_individual_tpt_UCB-eps-converted-to.pd
f  used on input line 235.
(pdftex.def)             Requested size: 140.92793pt x 108.60469pt.
Package epstopdf Info: Source file: <images/temporal_individual_tpt_OUCB.eps>
(epstopdf)                    date: 2018-10-12 08:14:50
(epstopdf)                    size: 154564 bytes
(epstopdf)             Output file: <images/temporal_individual_tpt_OUCB-eps-co
nverted-to.pdf>
(epstopdf)                    date: 2018-10-12 08:27:55
(epstopdf)                    size: 31545 bytes
(epstopdf)             Command: <repstopdf --outfile=images/temporal_individual
_tpt_OUCB-eps-converted-to.pdf images/temporal_individual_tpt_OUCB.eps>
(epstopdf)             \includegraphics on input line 239.
Package epstopdf Info: Output file is already uptodate.
<images/temporal_individual_tpt_OUCB-eps-converted-to.pdf, id=151, 437.635pt x 
337.26pt>
File: images/temporal_individual_tpt_OUCB-eps-converted-to.pdf Graphic file (ty
pe pdf)
<use images/temporal_individual_tpt_OUCB-eps-converted-to.pdf>
Package pdftex.def Info: images/temporal_individual_tpt_OUCB-eps-converted-to.p
df  used on input line 239.
(pdftex.def)             Requested size: 140.92793pt x 108.60469pt.
Package epstopdf Info: Source file: <images/temporal_individual_tpt_CUCB.eps>
(epstopdf)                    date: 2018-10-12 08:14:55
(epstopdf)                    size: 155651 bytes
(epstopdf)             Output file: <images/temporal_individual_tpt_CUCB-eps-co
nverted-to.pdf>
(epstopdf)                    date: 2018-10-12 08:34:01
(epstopdf)                    size: 25571 bytes
(epstopdf)             Command: <repstopdf --outfile=images/temporal_individual
_tpt_CUCB-eps-converted-to.pdf images/temporal_individual_tpt_CUCB.eps>
(epstopdf)             \includegraphics on input line 243.
Package epstopdf Info: Output file is already uptodate.
<images/temporal_individual_tpt_CUCB-eps-converted-to.pdf, id=152, 437.635pt x 
337.26pt>
File: images/temporal_individual_tpt_CUCB-eps-converted-to.pdf Graphic file (ty
pe pdf)
<use images/temporal_individual_tpt_CUCB-eps-converted-to.pdf>
Package pdftex.def Info: images/temporal_individual_tpt_CUCB-eps-converted-to.p
df  used on input line 243.
(pdftex.def)             Requested size: 140.92793pt x 108.60469pt.
Package epstopdf Info: Source file: <images/mean_tpt_UCB.eps>
(epstopdf)                    date: 2018-10-12 08:14:45
(epstopdf)                    size: 16098 bytes
(epstopdf)             Output file: <images/mean_tpt_UCB-eps-converted-to.pdf>
(epstopdf)                    date: 2018-10-12 08:27:56
(epstopdf)                    size: 7205 bytes
(epstopdf)             Command: <repstopdf --outfile=images/mean_tpt_UCB-eps-co
nverted-to.pdf images/mean_tpt_UCB.eps>
(epstopdf)             \includegraphics on input line 247.
Package epstopdf Info: Output file is already uptodate.
<images/mean_tpt_UCB-eps-converted-to.pdf, id=153, 450.68375pt x 328.22626pt>
File: images/mean_tpt_UCB-eps-converted-to.pdf Graphic file (type pdf)
<use images/mean_tpt_UCB-eps-converted-to.pdf>
Package pdftex.def Info: images/mean_tpt_UCB-eps-converted-to.pdf  used on inpu
t line 247.
(pdftex.def)             Requested size: 140.92793pt x 102.63556pt.
Package epstopdf Info: Source file: <images/mean_tpt_OUCB.eps>
(epstopdf)                    date: 2018-10-12 08:14:51
(epstopdf)                    size: 16105 bytes
(epstopdf)             Output file: <images/mean_tpt_OUCB-eps-converted-to.pdf>

(epstopdf)                    date: 2018-10-12 08:27:56
(epstopdf)                    size: 7213 bytes
(epstopdf)             Command: <repstopdf --outfile=images/mean_tpt_OUCB-eps-c
onverted-to.pdf images/mean_tpt_OUCB.eps>
(epstopdf)             \includegraphics on input line 251.
Package epstopdf Info: Output file is already uptodate.
<images/mean_tpt_OUCB-eps-converted-to.pdf, id=154, 450.68375pt x 328.22626pt>
File: images/mean_tpt_OUCB-eps-converted-to.pdf Graphic file (type pdf)
<use images/mean_tpt_OUCB-eps-converted-to.pdf>
Package pdftex.def Info: images/mean_tpt_OUCB-eps-converted-to.pdf  used on inp
ut line 251.
(pdftex.def)             Requested size: 140.92793pt x 102.63556pt.
Package epstopdf Info: Source file: <images/mean_tpt_CUCB.eps>
(epstopdf)                    date: 2018-10-12 08:14:56
(epstopdf)                    size: 16101 bytes
(epstopdf)             Output file: <images/mean_tpt_CUCB-eps-converted-to.pdf>

(epstopdf)                    date: 2018-10-12 08:34:01
(epstopdf)                    size: 7208 bytes
(epstopdf)             Command: <repstopdf --outfile=images/mean_tpt_CUCB-eps-c
onverted-to.pdf images/mean_tpt_CUCB.eps>
(epstopdf)             \includegraphics on input line 255.
Package epstopdf Info: Output file is already uptodate.
<images/mean_tpt_CUCB-eps-converted-to.pdf, id=155, 450.68375pt x 328.22626pt>
File: images/mean_tpt_CUCB-eps-converted-to.pdf Graphic file (type pdf)
<use images/mean_tpt_CUCB-eps-converted-to.pdf>
Package pdftex.def Info: images/mean_tpt_CUCB-eps-converted-to.pdf  used on inp
ut line 255.
(pdftex.def)             Requested size: 140.92793pt x 102.63556pt.


LaTeX Warning: `!h' float specifier changed to `!ht'.

[3 <./images/actions_probability_EXP3-eps-converted-to.pdf> <./images/actions_p
robability_OEXP3-eps-converted-to.pdf> <./images/actions_probability_CEXP3-eps-
converted-to.pdf> <./images/temporal_individual_tpt_EXP3-eps-converted-to.pdf> 
<./images/temporal_individual_tpt_OEXP3-eps-converted-to.pdf> <./images/tempora
l_individual_tpt_CEXP3-eps-converted-to.pdf> <./images/mean_tpt_EXP3-eps-conver
ted-to.pdf> <./images/mean_tpt_OEXP3-eps-converted-to.pdf> <./images/mean_tpt_C
EXP3-eps-converted-to.pdf>]
Package epstopdf Info: Source file: <images/actions_probability_TS.eps>
(epstopdf)                    date: 2018-10-12 08:15:18
(epstopdf)                    size: 29495 bytes
(epstopdf)             Output file: <images/actions_probability_TS-eps-converte
d-to.pdf>
(epstopdf)                    date: 2018-10-12 08:27:57
(epstopdf)                    size: 8699 bytes
(epstopdf)             Command: <repstopdf --outfile=images/actions_probability
_TS-eps-converted-to.pdf images/actions_probability_TS.eps>
(epstopdf)             \includegraphics on input line 270.
Package epstopdf Info: Output file is already uptodate.
<images/actions_probability_TS-eps-converted-to.pdf, id=229, 429.605pt x 322.20
375pt>
File: images/actions_probability_TS-eps-converted-to.pdf Graphic file (type pdf
)
<use images/actions_probability_TS-eps-converted-to.pdf>
Package pdftex.def Info: images/actions_probability_TS-eps-converted-to.pdf  us
ed on input line 270.
(pdftex.def)             Requested size: 140.92793pt x 105.69826pt.
Package epstopdf Info: Source file: <images/actions_probability_OTS.eps>
(epstopdf)                    date: 2018-10-12 08:15:23
(epstopdf)                    size: 29484 bytes
(epstopdf)             Output file: <images/actions_probability_OTS-eps-convert
ed-to.pdf>
(epstopdf)                    date: 2018-10-12 08:27:57
(epstopdf)                    size: 8633 bytes
(epstopdf)             Command: <repstopdf --outfile=images/actions_probability
_OTS-eps-converted-to.pdf images/actions_probability_OTS.eps>
(epstopdf)             \includegraphics on input line 274.
Package epstopdf Info: Output file is already uptodate.
<images/actions_probability_OTS-eps-converted-to.pdf, id=230, 429.605pt x 322.2
0375pt>
File: images/actions_probability_OTS-eps-converted-to.pdf Graphic file (type pd
f)
<use images/actions_probability_OTS-eps-converted-to.pdf>
Package pdftex.def Info: images/actions_probability_OTS-eps-converted-to.pdf  u
sed on input line 274.
(pdftex.def)             Requested size: 140.92793pt x 105.69826pt.
Package epstopdf Info: Source file: <images/actions_probability_CTS.eps>
(epstopdf)                    date: 2018-10-12 08:15:29
(epstopdf)                    size: 29468 bytes
(epstopdf)             Output file: <images/actions_probability_CTS-eps-convert
ed-to.pdf>
(epstopdf)                    date: 2018-10-12 08:34:02
(epstopdf)                    size: 8637 bytes
(epstopdf)             Command: <repstopdf --outfile=images/actions_probability
_CTS-eps-converted-to.pdf images/actions_probability_CTS.eps>
(epstopdf)             \includegraphics on input line 278.
Package epstopdf Info: Output file is already uptodate.
<images/actions_probability_CTS-eps-converted-to.pdf, id=231, 429.605pt x 322.2
0375pt>
File: images/actions_probability_CTS-eps-converted-to.pdf Graphic file (type pd
f)
<use images/actions_probability_CTS-eps-converted-to.pdf>
Package pdftex.def Info: images/actions_probability_CTS-eps-converted-to.pdf  u
sed on input line 278.
(pdftex.def)             Requested size: 140.92793pt x 105.69826pt.
Package epstopdf Info: Source file: <images/temporal_individual_tpt_TS.eps>
(epstopdf)                    date: 2018-10-12 08:15:14
(epstopdf)                    size: 156263 bytes
(epstopdf)             Output file: <images/temporal_individual_tpt_TS-eps-conv
erted-to.pdf>
(epstopdf)                    date: 2018-10-12 08:27:58
(epstopdf)                    size: 26908 bytes
(epstopdf)             Command: <repstopdf --outfile=images/temporal_individual
_tpt_TS-eps-converted-to.pdf images/temporal_individual_tpt_TS.eps>
(epstopdf)             \includegraphics on input line 282.
Package epstopdf Info: Output file is already uptodate.
<images/temporal_individual_tpt_TS-eps-converted-to.pdf, id=232, 437.635pt x 33
7.26pt>
File: images/temporal_individual_tpt_TS-eps-converted-to.pdf Graphic file (type
 pdf)
<use images/temporal_individual_tpt_TS-eps-converted-to.pdf>
Package pdftex.def Info: images/temporal_individual_tpt_TS-eps-converted-to.pdf
  used on input line 282.
(pdftex.def)             Requested size: 140.92793pt x 108.60469pt.
Package epstopdf Info: Source file: <images/temporal_individual_tpt_OTS.eps>
(epstopdf)                    date: 2018-10-12 08:15:21
(epstopdf)                    size: 156240 bytes
(epstopdf)             Output file: <images/temporal_individual_tpt_OTS-eps-con
verted-to.pdf>
(epstopdf)                    date: 2018-10-12 08:27:59
(epstopdf)                    size: 25987 bytes
(epstopdf)             Command: <repstopdf --outfile=images/temporal_individual
_tpt_OTS-eps-converted-to.pdf images/temporal_individual_tpt_OTS.eps>
(epstopdf)             \includegraphics on input line 286.
Package epstopdf Info: Output file is already uptodate.
<images/temporal_individual_tpt_OTS-eps-converted-to.pdf, id=233, 437.635pt x 3
37.26pt>
File: images/temporal_individual_tpt_OTS-eps-converted-to.pdf Graphic file (typ
e pdf)
<use images/temporal_individual_tpt_OTS-eps-converted-to.pdf>
Package pdftex.def Info: images/temporal_individual_tpt_OTS-eps-converted-to.pd
f  used on input line 286.
(pdftex.def)             Requested size: 140.92793pt x 108.60469pt.
Package epstopdf Info: Source file: <images/temporal_individual_tpt_CTS.eps>
(epstopdf)                    date: 2018-10-12 08:15:26
(epstopdf)                    size: 152836 bytes
(epstopdf)             Output file: <images/temporal_individual_tpt_CTS-eps-con
verted-to.pdf>
(epstopdf)                    date: 2018-10-12 08:34:02
(epstopdf)                    size: 25452 bytes
(epstopdf)             Command: <repstopdf --outfile=images/temporal_individual
_tpt_CTS-eps-converted-to.pdf images/temporal_individual_tpt_CTS.eps>
(epstopdf)             \includegraphics on input line 290.
Package epstopdf Info: Output file is already uptodate.
<images/temporal_individual_tpt_CTS-eps-converted-to.pdf, id=234, 437.635pt x 3
37.26pt>
File: images/temporal_individual_tpt_CTS-eps-converted-to.pdf Graphic file (typ
e pdf)
<use images/temporal_individual_tpt_CTS-eps-converted-to.pdf>
Package pdftex.def Info: images/temporal_individual_tpt_CTS-eps-converted-to.pd
f  used on input line 290.
(pdftex.def)             Requested size: 140.92793pt x 108.60469pt.
Package epstopdf Info: Source file: <images/mean_tpt_TS.eps>
(epstopdf)                    date: 2018-10-12 08:15:16
(epstopdf)                    size: 16091 bytes
(epstopdf)             Output file: <images/mean_tpt_TS-eps-converted-to.pdf>
(epstopdf)                    date: 2018-10-12 08:27:59
(epstopdf)                    size: 7203 bytes
(epstopdf)             Command: <repstopdf --outfile=images/mean_tpt_TS-eps-con
verted-to.pdf images/mean_tpt_TS.eps>
(epstopdf)             \includegraphics on input line 294.
Package epstopdf Info: Output file is already uptodate.
<images/mean_tpt_TS-eps-converted-to.pdf, id=235, 450.68375pt x 328.22626pt>
File: images/mean_tpt_TS-eps-converted-to.pdf Graphic file (type pdf)
<use images/mean_tpt_TS-eps-converted-to.pdf>
Package pdftex.def Info: images/mean_tpt_TS-eps-converted-to.pdf  used on input
 line 294.
(pdftex.def)             Requested size: 140.92793pt x 102.63556pt.
Package epstopdf Info: Source file: <images/mean_tpt_OTS.eps>
(epstopdf)                    date: 2018-10-12 08:15:22
(epstopdf)                    size: 16091 bytes
(epstopdf)             Output file: <images/mean_tpt_OTS-eps-converted-to.pdf>
(epstopdf)                    date: 2018-10-12 08:28:00
(epstopdf)                    size: 7207 bytes
(epstopdf)             Command: <repstopdf --outfile=images/mean_tpt_OTS-eps-co
nverted-to.pdf images/mean_tpt_OTS.eps>
(epstopdf)             \includegraphics on input line 298.
Package epstopdf Info: Output file is already uptodate.
<images/mean_tpt_OTS-eps-converted-to.pdf, id=236, 450.68375pt x 328.22626pt>
File: images/mean_tpt_OTS-eps-converted-to.pdf Graphic file (type pdf)
<use images/mean_tpt_OTS-eps-converted-to.pdf>
Package pdftex.def Info: images/mean_tpt_OTS-eps-converted-to.pdf  used on inpu
t line 298.
(pdftex.def)             Requested size: 140.92793pt x 102.63556pt.
Package epstopdf Info: Source file: <images/mean_tpt_CTS.eps>
(epstopdf)                    date: 2018-10-12 08:15:27
(epstopdf)                    size: 15413 bytes
(epstopdf)             Output file: <images/mean_tpt_CTS-eps-converted-to.pdf>
(epstopdf)                    date: 2018-10-12 08:34:03
(epstopdf)                    size: 7049 bytes
(epstopdf)             Command: <repstopdf --outfile=images/mean_tpt_CTS-eps-co
nverted-to.pdf images/mean_tpt_CTS.eps>
(epstopdf)             \includegraphics on input line 302.
Package epstopdf Info: Output file is already uptodate.
<images/mean_tpt_CTS-eps-converted-to.pdf, id=237, 450.68375pt x 328.22626pt>
File: images/mean_tpt_CTS-eps-converted-to.pdf Graphic file (type pdf)
<use images/mean_tpt_CTS-eps-converted-to.pdf>
Package pdftex.def Info: images/mean_tpt_CTS-eps-converted-to.pdf  used on inpu
t line 302.
(pdftex.def)             Requested size: 140.92793pt x 102.63556pt.


LaTeX Warning: `!h' float specifier changed to `!ht'.

[4 <./images/actions_probability_UCB-eps-converted-to.pdf> <./images/actions_pr
obability_OUCB-eps-converted-to.pdf> <./images/actions_probability_CUCB-eps-con
verted-to.pdf> <./images/temporal_individual_tpt_UCB-eps-converted-to.pdf> <./i
mages/temporal_individual_tpt_OUCB-eps-converted-to.pdf> <./images/temporal_ind
ividual_tpt_CUCB-eps-converted-to.pdf> <./images/mean_tpt_UCB-eps-converted-to.
pdf> <./images/mean_tpt_OUCB-eps-converted-to.pdf> <./images/mean_tpt_CUCB-eps-
converted-to.pdf>]
Package epstopdf Info: Source file: <images/actions_probability_PEG.eps>
(epstopdf)                    date: 2018-10-12 08:40:38
(epstopdf)                    size: 29484 bytes
(epstopdf)             Output file: <images/actions_probability_PEG-eps-convert
ed-to.pdf>
(epstopdf)                    date: 2018-10-12 08:51:36
(epstopdf)                    size: 8709 bytes
(epstopdf)             Command: <repstopdf --outfile=images/actions_probability
_PEG-eps-converted-to.pdf images/actions_probability_PEG.eps>
(epstopdf)             \includegraphics on input line 322.
Package epstopdf Info: Output file is already uptodate.
<images/actions_probability_PEG-eps-converted-to.pdf, id=305, 429.605pt x 322.2
0375pt>
File: images/actions_probability_PEG-eps-converted-to.pdf Graphic file (type pd
f)
<use images/actions_probability_PEG-eps-converted-to.pdf>
Package pdftex.def Info: images/actions_probability_PEG-eps-converted-to.pdf  u
sed on input line 322.
(pdftex.def)             Requested size: 140.92793pt x 105.69826pt.
Package epstopdf Info: Source file: <images/temporal_individual_tpt_PEG.eps>
(epstopdf)                    date: 2018-10-12 08:40:36
(epstopdf)                    size: 156183 bytes
(epstopdf)             Output file: <images/temporal_individual_tpt_PEG-eps-con
verted-to.pdf>
(epstopdf)                    date: 2018-10-12 08:51:36
(epstopdf)                    size: 26194 bytes
(epstopdf)             Command: <repstopdf --outfile=images/temporal_individual
_tpt_PEG-eps-converted-to.pdf images/temporal_individual_tpt_PEG.eps>
(epstopdf)             \includegraphics on input line 326.
Package epstopdf Info: Output file is already uptodate.
<images/temporal_individual_tpt_PEG-eps-converted-to.pdf, id=306, 437.635pt x 3
37.26pt>
File: images/temporal_individual_tpt_PEG-eps-converted-to.pdf Graphic file (typ
e pdf)
<use images/temporal_individual_tpt_PEG-eps-converted-to.pdf>
Package pdftex.def Info: images/temporal_individual_tpt_PEG-eps-converted-to.pd
f  used on input line 326.
(pdftex.def)             Requested size: 140.92793pt x 108.60469pt.
Package epstopdf Info: Source file: <images/mean_tpt_PEG.eps>
(epstopdf)                    date: 2018-10-12 08:40:37
(epstopdf)                    size: 16092 bytes
(epstopdf)             Output file: <images/mean_tpt_PEG-eps-converted-to.pdf>
(epstopdf)                    date: 2018-10-12 08:51:37
(epstopdf)                    size: 7212 bytes
(epstopdf)             Command: <repstopdf --outfile=images/mean_tpt_PEG-eps-co
nverted-to.pdf images/mean_tpt_PEG.eps>
(epstopdf)             \includegraphics on input line 330.
Package epstopdf Info: Output file is already uptodate.
<images/mean_tpt_PEG-eps-converted-to.pdf, id=307, 450.68375pt x 328.22626pt>
File: images/mean_tpt_PEG-eps-converted-to.pdf Graphic file (type pdf)
<use images/mean_tpt_PEG-eps-converted-to.pdf>
Package pdftex.def Info: images/mean_tpt_PEG-eps-converted-to.pdf  used on inpu
t line 330.
(pdftex.def)             Requested size: 140.92793pt x 102.63556pt.


LaTeX Warning: `!h' float specifier changed to `!ht'.

Package atveryend Info: Empty hook `BeforeClearDocument' on input line 398.
[5 <./images/actions_probability_TS-eps-converted-to.pdf> <./images/actions_pro
bability_OTS-eps-converted-to.pdf> <./images/actions_probability_CTS-eps-conver
ted-to.pdf> <./images/temporal_individual_tpt_TS-eps-converted-to.pdf> <./image
s/temporal_individual_tpt_OTS-eps-converted-to.pdf> <./images/temporal_individu
al_tpt_CTS-eps-converted-to.pdf> <./images/mean_tpt_TS-eps-converted-to.pdf> <.
/images/mean_tpt_OTS-eps-converted-to.pdf> <./images/mean_tpt_CTS-eps-converted
-to.pdf>] [6 <./images/actions_probability_PEG-eps-converted-to.pdf> <./images/
temporal_individual_tpt_PEG-eps-converted-to.pdf> <./images/mean_tpt_PEG-eps-co
nverted-to.pdf>]
Package atveryend Info: Empty hook `AfterLastShipout' on input line 398.
 (./ordered_learning.aux)
Package atveryend Info: Executing hook `AtVeryEndDocument' on input line 398.
Package atveryend Info: Executing hook `AtEndAfterFileList' on input line 398.
Package rerunfilecheck Info: File `ordered_learning.out' has not changed.
(rerunfilecheck)             Checksum: 63ADA20F1CC15A8E777A5AEB7D6368B1;389.


LaTeX Warning: There were multiply-defined labels.

 ) 
Here is how much of TeX's memory you used:
 22553 strings out of 492649
 427877 string characters out of 6129622
 488743 words of memory out of 5000000
 26089 multiletter control sequences out of 15000+600000
 542960 words of font info for 72 fonts, out of 8000000 for 9000
 1141 hyphenation exceptions out of 8191
 53i,8n,92p,10386b,739s stack positions out of 5000i,500n,10000p,200000b,80000s
{/usr/local/texlive/2018/texmf-dist/fonts/enc/dvips/cm-super/cm-super-ts1.enc
}</usr/local/texlive/2018/texmf-dist/fonts/type1/public/amsfonts/cm/cmbx12.pfb>
</usr/local/texlive/2018/texmf-dist/fonts/type1/public/amsfonts/cm/cmmi12.pfb><
/usr/local/texlive/2018/texmf-dist/fonts/type1/public/amsfonts/cm/cmr10.pfb></u
sr/local/texlive/2018/texmf-dist/fonts/type1/public/amsfonts/cm/cmr12.pfb></usr
/local/texlive/2018/texmf-dist/fonts/type1/public/amsfonts/cm/cmr17.pfb></usr/l
ocal/texlive/2018/texmf-dist/fonts/type1/public/amsfonts/cm/cmsy10.pfb></usr/lo
cal/texlive/2018/texmf-dist/fonts/type1/public/amsfonts/cm/cmsy8.pfb></usr/loca
l/texlive/2018/texmf-dist/fonts/type1/public/amsfonts/cm/cmti12.pfb></usr/local
/texlive/2018/texmf-dist/fonts/type1/public/cm-super/sfrm1200.pfb>
Output written on ordered_learning.pdf (6 pages, 534605 bytes).
PDF statistics:
 442 PDF objects out of 1000 (max. 8388607)
 317 compressed objects within 4 object streams
 20 named destinations out of 1000 (max. 500000)
 252 words of extra memory for PDF output out of 10000 (max. 10000000)

