This is pdfTeX, Version 3.14159265-2.6-1.40.17 (TeX Live 2016) (preloaded format=pdflatex 2016.12.1)  28 MAY 2018 15:03
entering extended mode
 restricted \write18 enabled.
 %&-line parsing enabled.
**collaborative_spatial_reuse_via_mabs.tex
(./collaborative_spatial_reuse_via_mabs.tex
LaTeX2e <2016/03/31>
Babel <3.9r> and hyphenation patterns for 83 language(s) loaded.
(/usr/local/texlive/2016/texmf-dist/tex/latex/elsarticle/elsarticle.cls
Document Class: elsarticle 2009/09/17, 1.2.0: Elsevier Ltd
\@bls=\dimen102
(/usr/local/texlive/2016/texmf-dist/tex/latex/base/article.cls
Document Class: article 2014/09/29 v1.4h Standard LaTeX document class
(/usr/local/texlive/2016/texmf-dist/tex/latex/base/size12.clo
File: size12.clo 2014/09/29 v1.4h Standard LaTeX file (size option)
)
\c@part=\count79
\c@section=\count80
\c@subsection=\count81
\c@subsubsection=\count82
\c@paragraph=\count83
\c@subparagraph=\count84
\c@figure=\count85
\c@table=\count86
\abovecaptionskip=\skip41
\belowcaptionskip=\skip42
\bibindent=\dimen103
)
(/usr/local/texlive/2016/texmf-dist/tex/latex/graphics/graphicx.sty
Package: graphicx 2014/10/28 v1.0g Enhanced LaTeX Graphics (DPC,SPQR)

(/usr/local/texlive/2016/texmf-dist/tex/latex/graphics/keyval.sty
Package: keyval 2014/10/28 v1.15 key=value parser (DPC)
\KV@toks@=\toks14
)
(/usr/local/texlive/2016/texmf-dist/tex/latex/graphics/graphics.sty
Package: graphics 2016/05/09 v1.0r Standard LaTeX Graphics (DPC,SPQR)

(/usr/local/texlive/2016/texmf-dist/tex/latex/graphics/trig.sty
Package: trig 2016/01/03 v1.10 sin cos tan (DPC)
)
(/usr/local/texlive/2016/texmf-dist/tex/latex/graphics-cfg/graphics.cfg
File: graphics.cfg 2016/01/02 v1.10 sample graphics configuration
)
Package graphics Info: Driver file: pdftex.def on input line 96.

(/usr/local/texlive/2016/texmf-dist/tex/latex/pdftex-def/pdftex.def
File: pdftex.def 2011/05/27 v0.06d Graphics/color for pdfTeX

(/usr/local/texlive/2016/texmf-dist/tex/generic/oberdiek/infwarerr.sty
Package: infwarerr 2016/05/16 v1.4 Providing info/warning/error messages (HO)
)
(/usr/local/texlive/2016/texmf-dist/tex/generic/oberdiek/ltxcmds.sty
Package: ltxcmds 2016/05/16 v1.23 LaTeX kernel commands for general use (HO)
)
\Gread@gobject=\count87
))
\Gin@req@height=\dimen104
\Gin@req@width=\dimen105
)
(/usr/local/texlive/2016/texmf-dist/tex/latex/psnfss/pifont.sty
Package: pifont 2005/04/12 PSNFSS-v9.2a Pi font support (SPQR) 
LaTeX Font Info:    Try loading font information for U+pzd on input line 63.

(/usr/local/texlive/2016/texmf-dist/tex/latex/psnfss/upzd.fd
File: upzd.fd 2001/06/04 font definitions for U/pzd.
)
LaTeX Font Info:    Try loading font information for U+psy on input line 64.

(/usr/local/texlive/2016/texmf-dist/tex/latex/psnfss/upsy.fd
File: upsy.fd 2001/06/04 font definitions for U/psy.
))
\c@tnote=\count88
\c@fnote=\count89
\c@cnote=\count90
\c@ead=\count91
\c@author=\count92
\@eadauthor=\toks15
\c@affn=\count93
\absbox=\box26
\keybox=\box27
\Columnwidth=\dimen106
\space@left=\dimen107
\els@boxa=\box28
\els@boxb=\box29
\leftMargin=\dimen108
\@enLab=\toks16
\@sep=\skip43
\@@sep=\skip44

(./collaborative_spatial_reuse_via_mabs.spl)
(/usr/local/texlive/2016/texmf-dist/tex/latex/natbib/natbib.sty
Package: natbib 2010/09/13 8.31b (PWD, AO)
\bibhang=\skip45
\bibsep=\skip46
LaTeX Info: Redefining \cite on input line 694.
\c@NAT@ctr=\count94
)
\splwrite=\write3
\openout3 = `collaborative_spatial_reuse_via_mabs.spl'.

)
(/usr/local/texlive/2016/texmf-dist/tex/latex/amsfonts/amssymb.sty
Package: amssymb 2013/01/14 v3.01 AMS font symbols

(/usr/local/texlive/2016/texmf-dist/tex/latex/amsfonts/amsfonts.sty
Package: amsfonts 2013/01/14 v3.01 Basic AMSFonts support
\@emptytoks=\toks17
\symAMSa=\mathgroup4
\symAMSb=\mathgroup5
LaTeX Font Info:    Overwriting math alphabet `\mathfrak' in version `bold'
(Font)                  U/euf/m/n --> U/euf/b/n on input line 106.
))
(/usr/local/texlive/2016/texmf-dist/tex/latex/graphics/color.sty
Package: color 2016/05/09 v1.1c Standard LaTeX Color (DPC)

(/usr/local/texlive/2016/texmf-dist/tex/latex/graphics-cfg/color.cfg
File: color.cfg 2016/01/02 v1.6 sample color configuration
)
Package color Info: Driver file: pdftex.def on input line 144.
)
(/usr/local/texlive/2016/texmf-dist/tex/latex/amsmath/amsmath.sty
Package: amsmath 2016/03/10 v2.15b AMS math features
\@mathmargin=\skip47

For additional information on amsmath, use the `?' option.
(/usr/local/texlive/2016/texmf-dist/tex/latex/amsmath/amstext.sty
Package: amstext 2000/06/29 v2.01 AMS text

(/usr/local/texlive/2016/texmf-dist/tex/latex/amsmath/amsgen.sty
File: amsgen.sty 1999/11/30 v2.0 generic functions
\@emptytoks=\toks18
\ex@=\dimen109
))
(/usr/local/texlive/2016/texmf-dist/tex/latex/amsmath/amsbsy.sty
Package: amsbsy 1999/11/29 v1.2d Bold Symbols
\pmbraise@=\dimen110
)
(/usr/local/texlive/2016/texmf-dist/tex/latex/amsmath/amsopn.sty
Package: amsopn 2016/03/08 v2.02 operator names
)
\inf@bad=\count95
LaTeX Info: Redefining \frac on input line 199.
\uproot@=\count96
\leftroot@=\count97
LaTeX Info: Redefining \overline on input line 297.
\classnum@=\count98
\DOTSCASE@=\count99
LaTeX Info: Redefining \ldots on input line 394.
LaTeX Info: Redefining \dots on input line 397.
LaTeX Info: Redefining \cdots on input line 518.
\Mathstrutbox@=\box30
\strutbox@=\box31
\big@size=\dimen111
LaTeX Font Info:    Redeclaring font encoding OML on input line 634.
LaTeX Font Info:    Redeclaring font encoding OMS on input line 635.
\macc@depth=\count100
\c@MaxMatrixCols=\count101
\dotsspace@=\muskip10
\c@parentequation=\count102
\dspbrk@lvl=\count103
\tag@help=\toks19
\row@=\count104
\column@=\count105
\maxfields@=\count106
\andhelp@=\toks20
\eqnshift@=\dimen112
\alignsep@=\dimen113
\tagshift@=\dimen114
\tagwidth@=\dimen115
\totwidth@=\dimen116
\lineht@=\dimen117
\@envbody=\toks21
\multlinegap=\skip48
\multlinetaggap=\skip49
\mathdisplay@stack=\toks22
LaTeX Info: Redefining \[ on input line 2739.
LaTeX Info: Redefining \] on input line 2740.
)
(/usr/local/texlive/2016/texmf-dist/tex/latex/mathtools/mathtools.sty
Package: mathtools 2015/11/12 v1.18 mathematical typesetting tools

(/usr/local/texlive/2016/texmf-dist/tex/latex/tools/calc.sty
Package: calc 2014/10/28 v4.3 Infix arithmetic (KKT,FJ)
\calc@Acount=\count107
\calc@Bcount=\count108
\calc@Adimen=\dimen118
\calc@Bdimen=\dimen119
\calc@Askip=\skip50
\calc@Bskip=\skip51
LaTeX Info: Redefining \setlength on input line 80.
LaTeX Info: Redefining \addtolength on input line 81.
\calc@Ccount=\count109
\calc@Cskip=\skip52
)
(/usr/local/texlive/2016/texmf-dist/tex/latex/mathtools/mhsetup.sty
Package: mhsetup 2010/01/21 v1.2a programming setup (MH)
)
LaTeX Info: Thecontrolsequence`\('isalreadyrobust on input line 129.
LaTeX Info: Thecontrolsequence`\)'isalreadyrobust on input line 129.
LaTeX Info: Thecontrolsequence`\['isalreadyrobust on input line 129.
LaTeX Info: Thecontrolsequence`\]'isalreadyrobust on input line 129.
\g_MT_multlinerow_int=\count110
\l_MT_multwidth_dim=\dimen120
\origjot=\skip53
\l_MT_shortvdotswithinadjustabove_dim=\dimen121
\l_MT_shortvdotswithinadjustbelow_dim=\dimen122
\l_MT_above_intertext_sep=\dimen123
\l_MT_below_intertext_sep=\dimen124
\l_MT_above_shortintertext_sep=\dimen125
\l_MT_below_shortintertext_sep=\dimen126
)
(/usr/local/texlive/2016/texmf-dist/tex/latex/preprint/fullpage.sty
Package: fullpage 1999/02/23 1.1 (PWD)
\FP@margin=\skip54
)
(/usr/local/texlive/2016/texmf-dist/tex/latex/algorithms/algorithmic.sty
Package: algorithmic 2009/08/24 v0.1 Document Style `algorithmic'

(/usr/local/texlive/2016/texmf-dist/tex/latex/base/ifthen.sty
Package: ifthen 2014/09/29 v1.1c Standard LaTeX ifthen package (DPC)
)
\c@ALC@unique=\count111
\c@ALC@line=\count112
\c@ALC@rem=\count113
\c@ALC@depth=\count114
\ALC@tlm=\skip55
\algorithmicindent=\skip56
)
(/usr/local/texlive/2016/texmf-dist/tex/latex/xcolor/xcolor.sty
Package: xcolor 2016/05/11 v2.12 LaTeX color extensions (UK)

(/usr/local/texlive/2016/texmf-dist/tex/latex/graphics-cfg/color.cfg
File: color.cfg 2016/01/02 v1.6 sample color configuration
)
Package xcolor Info: Driver file: pdftex.def on input line 225.

(/usr/local/texlive/2016/texmf-dist/tex/latex/colortbl/colortbl.sty
Package: colortbl 2012/02/13 v1.0a Color table columns (DPC)

(/usr/local/texlive/2016/texmf-dist/tex/latex/tools/array.sty
Package: array 2014/10/28 v2.4c Tabular extension package (FMi)
\col@sep=\dimen127
\extrarowheight=\dimen128
\NC@list=\toks23
\extratabsurround=\skip57
\backup@length=\skip58
)
\everycr=\toks24
\minrowclearance=\skip59
)
LaTeX Info: Redefining \color on input line 709.
\rownum=\count115
Package xcolor Info: Model `cmy' substituted by `cmy0' on input line 1348.
Package xcolor Info: Model `hsb' substituted by `rgb' on input line 1352.
Package xcolor Info: Model `RGB' extended on input line 1364.
Package xcolor Info: Model `HTML' substituted by `rgb' on input line 1366.
Package xcolor Info: Model `Hsb' substituted by `hsb' on input line 1367.
Package xcolor Info: Model `tHsb' substituted by `hsb' on input line 1368.
Package xcolor Info: Model `HSB' substituted by `hsb' on input line 1369.
Package xcolor Info: Model `Gray' substituted by `gray' on input line 1370.
Package xcolor Info: Model `wave' substituted by `hsb' on input line 1371.
)
(/usr/local/texlive/2016/texmf-dist/tex/latex/multirow/multirow.sty
\bigstrutjot=\dimen129
)
(/usr/local/texlive/2016/texmf-dist/tex/generic/genmisc/nth.sty
Package: nth 2002/02/27
)
(/usr/local/texlive/2016/texmf-dist/tex/latex/adjustbox/adjustbox.sty
Package: adjustbox 2012/05/21 v1.0 Adjusting TeX boxes (trim, clip, ...)

(/usr/local/texlive/2016/texmf-dist/tex/latex/xkeyval/xkeyval.sty
Package: xkeyval 2014/12/03 v2.7a package option processing (HA)

(/usr/local/texlive/2016/texmf-dist/tex/generic/xkeyval/xkeyval.tex
(/usr/local/texlive/2016/texmf-dist/tex/generic/xkeyval/xkvutils.tex
\XKV@toks=\toks25
\XKV@tempa@toks=\toks26
)
\XKV@depth=\count116
File: xkeyval.tex 2014/12/03 v2.7a key=value parser (HA)
))
(/usr/local/texlive/2016/texmf-dist/tex/latex/adjustbox/adjcalc.sty
Package: adjcalc 2012/05/16 v1.1 Provides advanced setlength with multiple back
-ends (calc, etex, pgfmath)
)
(/usr/local/texlive/2016/texmf-dist/tex/latex/adjustbox/trimclip.sty
Package: trimclip 2012/05/16 v1.0 Trim and clip general TeX material

(/usr/local/texlive/2016/texmf-dist/tex/latex/collectbox/collectbox.sty
Package: collectbox 2012/05/17 v0.4b Collect macro arguments as boxes
\collectedbox=\box32
)
\tc@llx=\dimen130
\tc@lly=\dimen131
\tc@urx=\dimen132
\tc@ury=\dimen133
Package trimclip Info: Using driver 'tc-pdftex.def'.

(/usr/local/texlive/2016/texmf-dist/tex/latex/adjustbox/tc-pdftex.def
File: tc-pdftex.def 2012/05/13 v1.0 Clipping driver for pdftex
))
\adjbox@Width=\dimen134
\adjbox@Height=\dimen135
\adjbox@Depth=\dimen136
\adjbox@Totalheight=\dimen137

(/usr/local/texlive/2016/texmf-dist/tex/latex/ifoddpage/ifoddpage.sty
Package: ifoddpage 2016/04/23 v1.1 Conditionals for odd/even page detection
\c@checkoddpage=\count117
)
(/usr/local/texlive/2016/texmf-dist/tex/latex/varwidth/varwidth.sty
Package: varwidth 2009/03/30 ver 0.92;  Variable-width minipages
\@vwid@box=\box33
\sift@deathcycles=\count118
\@vwid@loff=\dimen138
\@vwid@roff=\dimen139
))
(/usr/local/texlive/2016/texmf-dist/tex/latex/caption/caption.sty
Package: caption 2016/02/21 v3.3-144 Customizing captions (AR)

(/usr/local/texlive/2016/texmf-dist/tex/latex/caption/caption3.sty
Package: caption3 2016/02/04 v1.7-139 caption3 kernel (AR)
Package caption3 Info: TeX engine: e-TeX on input line 67.
\captionmargin=\dimen140
\captionmargin@=\dimen141
\captionwidth=\dimen142
\caption@tempdima=\dimen143
\caption@indent=\dimen144
\caption@parindent=\dimen145
\caption@hangindent=\dimen146
)
\c@ContinuedFloat=\count119
)
(/usr/local/texlive/2016/texmf-dist/tex/latex/caption/subcaption.sty
Package: subcaption 2016/02/20 v1.1-142 Sub-captions (AR)
\c@subfigure=\count120
\c@subtable=\count121
)
(/usr/local/texlive/2016/texmf-dist/tex/latex/comment/comment.sty
\CommentStream=\write4

Excluding comment 'comment')
(/usr/local/texlive/2016/texmf-dist/tex/latex/setspace/setspace.sty
Package: setspace 2011/12/19 v6.7a set line spacing
)
(/usr/local/texlive/2016/texmf-dist/tex/latex/base/textcomp.sty
Package: textcomp 2005/09/27 v1.99g Standard LaTeX package
Package textcomp Info: Sub-encoding information:
(textcomp)               5 = only ISO-Adobe without \textcurrency
(textcomp)               4 = 5 + \texteuro
(textcomp)               3 = 4 + \textohm
(textcomp)               2 = 3 + \textestimated + \textcurrency
(textcomp)               1 = TS1 - \textcircled - \t
(textcomp)               0 = TS1 (full)
(textcomp)             Font families with sub-encoding setting implement
(textcomp)             only a restricted character set as indicated.
(textcomp)             Family '?' is the default used for unknown fonts.
(textcomp)             See the documentation for details.
Package textcomp Info: Setting ? sub-encoding to TS1/1 on input line 79.

(/usr/local/texlive/2016/texmf-dist/tex/latex/base/ts1enc.def
File: ts1enc.def 2001/06/05 v3.0e (jk/car/fm) Standard LaTeX file
)
LaTeX Info: Redefining \oldstylenums on input line 334.
Package textcomp Info: Setting cmr sub-encoding to TS1/0 on input line 349.
Package textcomp Info: Setting cmss sub-encoding to TS1/0 on input line 350.
Package textcomp Info: Setting cmtt sub-encoding to TS1/0 on input line 351.
Package textcomp Info: Setting cmvtt sub-encoding to TS1/0 on input line 352.
Package textcomp Info: Setting cmbr sub-encoding to TS1/0 on input line 353.
Package textcomp Info: Setting cmtl sub-encoding to TS1/0 on input line 354.
Package textcomp Info: Setting ccr sub-encoding to TS1/0 on input line 355.
Package textcomp Info: Setting ptm sub-encoding to TS1/4 on input line 356.
Package textcomp Info: Setting pcr sub-encoding to TS1/4 on input line 357.
Package textcomp Info: Setting phv sub-encoding to TS1/4 on input line 358.
Package textcomp Info: Setting ppl sub-encoding to TS1/3 on input line 359.
Package textcomp Info: Setting pag sub-encoding to TS1/4 on input line 360.
Package textcomp Info: Setting pbk sub-encoding to TS1/4 on input line 361.
Package textcomp Info: Setting pnc sub-encoding to TS1/4 on input line 362.
Package textcomp Info: Setting pzc sub-encoding to TS1/4 on input line 363.
Package textcomp Info: Setting bch sub-encoding to TS1/4 on input line 364.
Package textcomp Info: Setting put sub-encoding to TS1/5 on input line 365.
Package textcomp Info: Setting uag sub-encoding to TS1/5 on input line 366.
Package textcomp Info: Setting ugq sub-encoding to TS1/5 on input line 367.
Package textcomp Info: Setting ul8 sub-encoding to TS1/4 on input line 368.
Package textcomp Info: Setting ul9 sub-encoding to TS1/4 on input line 369.
Package textcomp Info: Setting augie sub-encoding to TS1/5 on input line 370.
Package textcomp Info: Setting dayrom sub-encoding to TS1/3 on input line 371.
Package textcomp Info: Setting dayroms sub-encoding to TS1/3 on input line 372.

Package textcomp Info: Setting pxr sub-encoding to TS1/0 on input line 373.
Package textcomp Info: Setting pxss sub-encoding to TS1/0 on input line 374.
Package textcomp Info: Setting pxtt sub-encoding to TS1/0 on input line 375.
Package textcomp Info: Setting txr sub-encoding to TS1/0 on input line 376.
Package textcomp Info: Setting txss sub-encoding to TS1/0 on input line 377.
Package textcomp Info: Setting txtt sub-encoding to TS1/0 on input line 378.
Package textcomp Info: Setting lmr sub-encoding to TS1/0 on input line 379.
Package textcomp Info: Setting lmdh sub-encoding to TS1/0 on input line 380.
Package textcomp Info: Setting lmss sub-encoding to TS1/0 on input line 381.
Package textcomp Info: Setting lmssq sub-encoding to TS1/0 on input line 382.
Package textcomp Info: Setting lmvtt sub-encoding to TS1/0 on input line 383.
Package textcomp Info: Setting lmtt sub-encoding to TS1/0 on input line 384.
Package textcomp Info: Setting qhv sub-encoding to TS1/0 on input line 385.
Package textcomp Info: Setting qag sub-encoding to TS1/0 on input line 386.
Package textcomp Info: Setting qbk sub-encoding to TS1/0 on input line 387.
Package textcomp Info: Setting qcr sub-encoding to TS1/0 on input line 388.
Package textcomp Info: Setting qcs sub-encoding to TS1/0 on input line 389.
Package textcomp Info: Setting qpl sub-encoding to TS1/0 on input line 390.
Package textcomp Info: Setting qtm sub-encoding to TS1/0 on input line 391.
Package textcomp Info: Setting qzc sub-encoding to TS1/0 on input line 392.
Package textcomp Info: Setting qhvc sub-encoding to TS1/0 on input line 393.
Package textcomp Info: Setting futs sub-encoding to TS1/4 on input line 394.
Package textcomp Info: Setting futx sub-encoding to TS1/4 on input line 395.
Package textcomp Info: Setting futj sub-encoding to TS1/4 on input line 396.
Package textcomp Info: Setting hlh sub-encoding to TS1/3 on input line 397.
Package textcomp Info: Setting hls sub-encoding to TS1/3 on input line 398.
Package textcomp Info: Setting hlst sub-encoding to TS1/3 on input line 399.
Package textcomp Info: Setting hlct sub-encoding to TS1/5 on input line 400.
Package textcomp Info: Setting hlx sub-encoding to TS1/5 on input line 401.
Package textcomp Info: Setting hlce sub-encoding to TS1/5 on input line 402.
Package textcomp Info: Setting hlcn sub-encoding to TS1/5 on input line 403.
Package textcomp Info: Setting hlcw sub-encoding to TS1/5 on input line 404.
Package textcomp Info: Setting hlcf sub-encoding to TS1/5 on input line 405.
Package textcomp Info: Setting pplx sub-encoding to TS1/3 on input line 406.
Package textcomp Info: Setting pplj sub-encoding to TS1/3 on input line 407.
Package textcomp Info: Setting ptmx sub-encoding to TS1/4 on input line 408.
Package textcomp Info: Setting ptmj sub-encoding to TS1/4 on input line 409.
)
(/usr/local/texlive/2016/texmf-dist/tex/latex/tools/xspace.sty
Package: xspace 2014/10/28 v1.13 Space after command names (DPC,MH)
)
(/usr/local/texlive/2016/texmf-dist/tex/latex/siunitx/siunitx.sty
(/usr/local/texlive/2016/texmf-dist/tex/latex/l3kernel/expl3.sty
Package: expl3 2016/05/18 v6512 L3 programming layer (loader) 

(/usr/local/texlive/2016/texmf-dist/tex/latex/l3kernel/expl3-code.tex
Package: expl3 2016/05/18 v6512 L3 programming layer (code)
L3 Module: l3bootstrap 2016/02/12 v6412 L3 Bootstrap code
L3 Module: l3names 2016/03/11 v6433 L3 Namespace for primitives
L3 Module: l3basics 2015/11/22 v6315 L3 Basic definitions
L3 Module: l3expan 2015/09/10 v5983 L3 Argument expansion
L3 Module: l3tl 2016/03/26 v6465 L3 Token lists
L3 Module: l3str 2016/03/24 v6441 L3 Strings
L3 Module: l3seq 2015/08/05 v5777 L3 Sequences and stacks
L3 Module: l3int 2016/03/24 v6441 L3 Integers
\c_max_int=\count122
\l_tmpa_int=\count123
\l_tmpb_int=\count124
\g_tmpa_int=\count125
\g_tmpb_int=\count126
L3 Module: l3quark 2015/08/17 v5855 L3 Quarks
L3 Module: l3prg 2015/11/01 v6216 L3 Control structures
\g__prg_map_int=\count127
L3 Module: l3clist 2015/09/02 v5901 L3 Comma separated lists
L3 Module: l3token 2016/04/03 v6470 L3 Experimental token manipulation
L3 Module: l3prop 2016/01/05 v6366 L3 Property lists
L3 Module: l3msg 2016/03/26 v6464 L3 Messages
L3 Module: l3file 2016/03/25 v6458 L3 File and I/O operations
\l_iow_line_count_int=\count128
\l__iow_target_count_int=\count129
\l__iow_current_line_int=\count130
\l__iow_current_word_int=\count131
\l__iow_current_indentation_int=\count132
L3 Module: l3skip 2016/01/05 v6366 L3 Dimensions and skips
\c_zero_dim=\dimen147
\c_max_dim=\dimen148
\l_tmpa_dim=\dimen149
\l_tmpb_dim=\dimen150
\g_tmpa_dim=\dimen151
\g_tmpb_dim=\dimen152
\c_zero_skip=\skip60
\c_max_skip=\skip61
\l_tmpa_skip=\skip62
\l_tmpb_skip=\skip63
\g_tmpa_skip=\skip64
\g_tmpb_skip=\skip65
\c_zero_muskip=\muskip11
\c_max_muskip=\muskip12
\l_tmpa_muskip=\muskip13
\l_tmpb_muskip=\muskip14
\g_tmpa_muskip=\muskip15
\g_tmpb_muskip=\muskip16
L3 Module: l3keys 2015/11/17 v6284 L3 Key-value interfaces
\g__keyval_level_int=\count133
\l_keys_choice_int=\count134
L3 Module: l3fp 2016/03/26 v6465 L3 Floating points
\c__fp_leading_shift_int=\count135
\c__fp_middle_shift_int=\count136
\c__fp_trailing_shift_int=\count137
\c__fp_big_leading_shift_int=\count138
\c__fp_big_middle_shift_int=\count139
\c__fp_big_trailing_shift_int=\count140
\c__fp_Bigg_leading_shift_int=\count141
\c__fp_Bigg_middle_shift_int=\count142
\c__fp_Bigg_trailing_shift_int=\count143
L3 Module: l3box 2015/08/09 v5822 L3 Experimental boxes
\c_empty_box=\box34
\l_tmpa_box=\box35
\l_tmpb_box=\box36
\g_tmpa_box=\box37
\g_tmpb_box=\box38
L3 Module: l3coffins 2016/05/17 v6508 L3 Coffin code layer
\l__coffin_internal_box=\box39
\l__coffin_internal_dim=\dimen153
\l__coffin_offset_x_dim=\dimen154
\l__coffin_offset_y_dim=\dimen155
\l__coffin_x_dim=\dimen156
\l__coffin_y_dim=\dimen157
\l__coffin_x_prime_dim=\dimen158
\l__coffin_y_prime_dim=\dimen159
\c_empty_coffin=\box40
\l__coffin_aligned_coffin=\box41
\l__coffin_aligned_internal_coffin=\box42
\l_tmpa_coffin=\box43
\l_tmpb_coffin=\box44
\l__coffin_display_coffin=\box45
\l__coffin_display_coord_coffin=\box46
\l__coffin_display_pole_coffin=\box47
\l__coffin_display_offset_dim=\dimen160
\l__coffin_display_x_dim=\dimen161
\l__coffin_display_y_dim=\dimen162
L3 Module: l3color 2014/08/23 v5354 L3 Experimental color support
L3 Module: l3sys 2015/09/25 v6087 L3 Experimental system/runtime functions
L3 Module: l3candidates 2016/05/13 v6484 L3 Experimental additions to l3kernel
\l__box_top_dim=\dimen163
\l__box_bottom_dim=\dimen164
\l__box_left_dim=\dimen165
\l__box_right_dim=\dimen166
\l__box_top_new_dim=\dimen167
\l__box_bottom_new_dim=\dimen168
\l__box_left_new_dim=\dimen169
\l__box_right_new_dim=\dimen170
\l__box_internal_box=\box48
\l__coffin_bounding_shift_dim=\dimen171
\l__coffin_left_corner_dim=\dimen172
\l__coffin_right_corner_dim=\dimen173
\l__coffin_bottom_corner_dim=\dimen174
\l__coffin_top_corner_dim=\dimen175
\l__coffin_scaled_total_height_dim=\dimen176
\l__coffin_scaled_width_dim=\dimen177
L3 Module: l3luatex 2016/03/26 v6465 L3 Experimental LuaTeX-specific functions
)
(/usr/local/texlive/2016/texmf-dist/tex/latex/l3kernel/l3pdfmode.def
File: l3pdfmode.def 2016/03/26 v6465 L3 Experimental driver: PDF mode
\l__driver_color_stack_int=\count144
\l__driver_tmp_box=\box49
))
(/usr/local/texlive/2016/texmf-dist/tex/latex/l3packages/xparse/xparse.sty
Package: xparse 2016/05/18 v6512 L3 Experimental document command parser
\l__xparse_current_arg_int=\count145
\l__xparse_m_args_int=\count146
\l__xparse_mandatory_args_int=\count147
\l__xparse_processor_int=\count148
\l__xparse_v_nesting_int=\count149
)
Package: siunitx 2016/03/01 v2.6q A comprehensive (SI) units package

(/usr/local/texlive/2016/texmf-dist/tex/latex/l3packages/l3keys2e/l3keys2e.sty
Package: l3keys2e 2016/05/18 v6512 LaTeX2e option processing using LaTeX3 keys
)
\l__siunitx_tmp_box=\box50
\l__siunitx_tmp_dim=\dimen178
\l__siunitx_tmp_int=\count150
\l__siunitx_number_mantissa_length_int=\count151
\l__siunitx_number_uncert_length_int=\count152
\l__siunitx_round_int=\count153
\l__siunitx_process_decimal_int=\count154
\l__siunitx_process_uncertainty_int=\count155
\l__siunitx_process_fixed_int=\count156
\l__siunitx_process_integer_min_int=\count157
\l__siunitx_process_precision_int=\count158
\l__siunitx_group_min_int=\count159
\l__siunitx_angle_marker_box=\box51
\l__siunitx_angle_unit_box=\box52
\l__siunitx_angle_marker_dim=\dimen179
\l__siunitx_angle_unit_dim=\dimen180
\l__siunitx_unit_int=\count160
\l__siunitx_unit_denominator_int=\count161
\l__siunitx_unit_numerator_int=\count162
\l__siunitx_unit_prefix_int=\count163
\l__siunitx_unit_prefix_base_int=\count164
\l__siunitx_unit_prefix_gram_int=\count165
\l__siunitx_number_product_int=\count166
\c__siunitx_one_fill_skip=\skip66
\l__siunitx_table_unit_align_skip=\skip67
\l__siunitx_table_exponent_dim=\dimen181
\l__siunitx_table_integer_dim=\dimen182
\l__siunitx_table_mantissa_dim=\dimen183
\l__siunitx_table_marker_dim=\dimen184
\l__siunitx_table_result_dim=\dimen185
\l__siunitx_table_uncert_dim=\dimen186
\l__siunitx_table_fill_pre_dim=\dimen187
\l__siunitx_table_fill_post_dim=\dimen188
\l__siunitx_table_fill_mid_dim=\dimen189
\l__siunitx_table_pre_box=\box53
\l__siunitx_table_post_box=\box54
\l__siunitx_table_mantissa_box=\box55
\l__siunitx_table_result_box=\box56
\l__siunitx_table_number_align_skip=\skip68
\l__siunitx_table_text_align_skip=\skip69
.................................................
. LaTeX info: "xparse/define-command"
. 
. Defining command \DeclareBinaryPrefix with sig. 'mmm' on line 7218.
.................................................
.................................................
. LaTeX info: "xparse/define-command"
. 
. Defining command \DeclareSIPostPower with sig. 'mm' on line 7221.
.................................................
.................................................
. LaTeX info: "xparse/define-command"
. 
. Defining command \DeclareSIPrefix with sig. 'mmm' on line 7224.
.................................................
.................................................
. LaTeX info: "xparse/define-command"
. 
. Defining command \DeclareSIPrePower with sig. 'mm' on line 7227.
.................................................
.................................................
. LaTeX info: "xparse/define-command"
. 
. Defining command \DeclareSIQualifier with sig. 'mm' on line 7230.
.................................................
.................................................
. LaTeX info: "xparse/define-command"
. 
. Defining command \DeclareSIUnit with sig. 'O{}mm' on line 7233.
.................................................
.................................................
. LaTeX info: "xparse/define-command"
. 
. Defining command \DeclareSIUnitWithOptions with sig. 'mmm' on line 7236.
.................................................
.................................................
. LaTeX info: "xparse/define-command"
. 
. Defining command \ang with sig. 'o>{\SplitArgument {2}{;}}m' on line 7251.
.................................................
.................................................
. LaTeX info: "xparse/define-command"
. 
. Defining command \num with sig. 'om' on line 7260.
.................................................
.................................................
. LaTeX info: "xparse/define-command"
. 
. Defining command \numlist with sig. 'o>{\SplitList {;}}m' on line 7269.
.................................................
.................................................
. LaTeX info: "xparse/define-command"
. 
. Defining command \numrange with sig. 'omm' on line 7278.
.................................................
.................................................
. LaTeX info: "xparse/define-command"
. 
. Defining command \SIlist with sig. 'o>{\SplitList {;}}mm' on line 7290.
.................................................
.................................................
. LaTeX info: "xparse/define-command"
. 
. Defining command \SIrange with sig. 'ommm' on line 7302.
.................................................
.................................................
. LaTeX info: "xparse/define-command"
. 
. Defining command \SI with sig. 'omom' on line 7314.
.................................................
.................................................
. LaTeX info: "xparse/define-command"
. 
. Defining command \sisetup with sig. 'm' on line 7317.
.................................................
.................................................
. LaTeX info: "xparse/define-command"
. 
. Defining command \tablenum with sig. 'om' on line 7332.
.................................................
.................................................
. LaTeX info: "xparse/define-command"
. 
. Defining command \si with sig. 'om' on line 7344.
.................................................
.................................................
. LaTeX info: "xparse/define-command"
. 
. Defining command \__siunitx_bookmark_num:w with sig. 'om' on line 7391.
.................................................
.................................................
. LaTeX info: "xparse/define-command"
. 
. Defining command \__siunitx_bookmark_numrange:w with sig. 'omm' on line
. 7393.
.................................................
.................................................
. LaTeX info: "xparse/define-command"
. 
. Defining command \__siunitx_bookmark_SI:w with sig. 'omom' on line 7395.
.................................................
.................................................
. LaTeX info: "xparse/define-command"
. 
. Defining command \__siunitx_bookmark_SIlist:w with sig. 'omm' on line 7397.
.................................................
.................................................
. LaTeX info: "xparse/define-command"
. 
. Defining command \__siunitx_bookmark_SIrange:w with sig. 'ommm' on line
. 7399.
.................................................
.................................................
. LaTeX info: "xparse/define-command"
. 
. Defining command \__siunitx_bookmark_si:w with sig. 'om' on line 7400.
.................................................
\g__file_internal_ior=\read1
(/usr/local/texlive/2016/texmf-dist/tex/latex/beamer/translator/translator.sty
Package: translator 2010/06/12 ver 1.10

(/usr/local/texlive/2016/texmf-dist/tex/latex/beamer/translator/translator-lang
uage-mappings.tex)))
(/usr/local/texlive/2016/texmf-dist/tex/latex/graphics/epsfig.sty
Package: epsfig 1999/02/16 v1.7a (e)psfig emulation (SPQR)
\epsfxsize=\dimen190
\epsfysize=\dimen191
)
(/usr/local/texlive/2016/texmf-dist/tex/latex/oberdiek/epstopdf.sty
Package: epstopdf 2016/05/15 v2.6 Conversion with epstopdf on the fly (HO)

(/usr/local/texlive/2016/texmf-dist/tex/latex/oberdiek/epstopdf-base.sty
Package: epstopdf-base 2016/05/15 v2.6 Base part for package epstopdf

(/usr/local/texlive/2016/texmf-dist/tex/latex/oberdiek/grfext.sty
Package: grfext 2016/05/16 v1.2 Manage graphics extensions (HO)

(/usr/local/texlive/2016/texmf-dist/tex/generic/oberdiek/kvdefinekeys.sty
Package: kvdefinekeys 2016/05/16 v1.4 Define keys (HO)
))
(/usr/local/texlive/2016/texmf-dist/tex/latex/oberdiek/kvoptions.sty
Package: kvoptions 2016/05/16 v3.12 Key value format for package options (HO)

(/usr/local/texlive/2016/texmf-dist/tex/generic/oberdiek/kvsetkeys.sty
Package: kvsetkeys 2016/05/16 v1.17 Key value parser (HO)

(/usr/local/texlive/2016/texmf-dist/tex/generic/oberdiek/etexcmds.sty
Package: etexcmds 2016/05/16 v1.6 Avoid name clashes with e-TeX commands (HO)

(/usr/local/texlive/2016/texmf-dist/tex/generic/oberdiek/ifluatex.sty
Package: ifluatex 2016/05/16 v1.4 Provides the ifluatex switch (HO)
Package ifluatex Info: LuaTeX not detected.
)
Package etexcmds Info: Could not find \expanded.
(etexcmds)             That can mean that you are not using pdfTeX 1.50 or
(etexcmds)             that some package has redefined \expanded.
(etexcmds)             In the latter case, load this package earlier.
)))
(/usr/local/texlive/2016/texmf-dist/tex/generic/oberdiek/pdftexcmds.sty
Package: pdftexcmds 2016/05/10 v0.21 Utility functions of pdfTeX for LuaTeX (HO
)

(/usr/local/texlive/2016/texmf-dist/tex/generic/oberdiek/ifpdf.sty
Package: ifpdf 2016/05/14 v3.1 Provides the ifpdf switch
)
Package pdftexcmds Info: LuaTeX not detected.
Package pdftexcmds Info: \pdf@primitive is available.
Package pdftexcmds Info: \pdf@ifprimitive is available.
Package pdftexcmds Info: \pdfdraftmode found.
)
Package grfext Info: Graphics extension search list:
(grfext)             [.png,.pdf,.jpg,.mps,.jpeg,.jbig2,.jb2,.PNG,.PDF,.JPG,.JPE
G,.JBIG2,.JB2,.eps]
(grfext)             \AppendGraphicsExtensions on input line 456.

(/usr/local/texlive/2016/texmf-dist/tex/latex/latexconfig/epstopdf-sys.cfg
File: epstopdf-sys.cfg 2010/07/13 v1.3 Configuration of (r)epstopdf for TeX Liv
e
)))
(/usr/local/texlive/2016/texmf-dist/tex/latex/soul/soul.sty
Package: soul 2003/11/17 v2.4 letterspacing/underlining (mf)
\SOUL@word=\toks27
\SOUL@lasttoken=\toks28
\SOUL@cmds=\toks29
\SOUL@buffer=\toks30
\SOUL@token=\toks31
\SOUL@spaceskip=\skip70
\SOUL@ttwidth=\dimen192
\SOUL@uldp=\dimen193
\SOUL@ulht=\dimen194
)
(/usr/local/texlive/2016/texmf-dist/tex/latex/url/url.sty
\Urlmuskip=\muskip17
Package: url 2013/09/16  ver 3.4  Verb mode for urls, etc.
)
(/usr/local/texlive/2016/texmf-dist/tex/latex/tablefootnote/tablefootnote.sty
Package: tablefootnote 2014/01/26 v1.1c Table foot notes (HMM)

(/usr/local/texlive/2016/texmf-dist/tex/latex/oberdiek/letltxmacro.sty
Package: letltxmacro 2016/05/16 v1.5 Let assignment for LaTeX macros (HO)
)
(/usr/local/texlive/2016/texmf-dist/tex/latex/xifthen/xifthen.sty
Package: xifthen 2015/11/05 v1.4.0 Extended ifthen features

(/usr/local/texlive/2016/texmf-dist/tex/latex/ifmtarg/ifmtarg.sty
Package: ifmtarg 2009/09/02 v1.2a check for an empty argument
))
(/usr/local/texlive/2016/texmf-dist/tex/latex/etoolbox/etoolbox.sty
Package: etoolbox 2015/08/02 v2.2a e-TeX tools for LaTeX (JAW)
\etb@tempcnta=\count167
))
(/usr/local/texlive/2016/texmf-dist/tex/latex/algorithm2e/algorithm2e.sty
Package: algorithm2e 2013/01/06 v5.00 algorithms environments
\c@AlgoLine=\count168
\algocf@hangindent=\skip71

(/usr/local/texlive/2016/texmf-dist/tex/latex/relsize/relsize.sty
Package: relsize 2013/03/29 ver 4.1
)
********************************************************
Package `algorithm2e' Release 5.1 -- october 19 2015 --
- algorithm2e-announce@lirmm.fr mailing list for announcement about releases
- algorithm2e-discussion@lirmm.fr mailing list for discussion about package
subscribe by emailing sympa@lirmm.fr with 'subscribe <list> <firstname name>'
- Author: Christophe Fiorio (christophe.fiorio@umontpellier.fr)
********************************************************
\skiptotal=\skip72
\skiplinenumber=\skip73
\skiprule=\skip74
\skiphlne=\skip75
\skiptext=\skip76
\skiplength=\skip77
\algomargin=\skip78
\skipalgocfslide=\skip79
\algowidth=\dimen195
\inoutsize=\dimen196
\inoutindent=\dimen197
\interspacetitleruled=\dimen198
\interspacealgoruled=\dimen199
\interspacetitleboxruled=\dimen256
\algocf@ruledwidth=\skip80
\algocf@inoutbox=\box57
\algocf@inputbox=\box58
\AlCapSkip=\skip81
\AlCapHSkip=\skip82
\algoskipindent=\skip83
\algocf@nlbox=\box59
\algocf@hangingbox=\box60
\algocf@untilbox=\box61
\algocf@skipuntil=\skip84
\algocf@capbox=\box62
\algoheightruledefault=\skip85
\algoheightrule=\skip86
\algotitleheightruledefault=\skip87
\algotitleheightrule=\skip88
\c@algocfline=\count169
\c@algocfproc=\count170
\c@algocf=\count171
\algocf@algoframe=\box63
\algocf@algobox=\box64
) (/usr/local/texlive/2016/texmf-dist/tex/latex/booktabs/booktabs.sty
Package: booktabs 2016/04/27 v1.618033 publication quality tables
\heavyrulewidth=\dimen257
\lightrulewidth=\dimen258
\cmidrulewidth=\dimen259
\belowrulesep=\dimen260
\belowbottomsep=\dimen261
\aboverulesep=\dimen262
\abovetopsep=\dimen263
\cmidrulesep=\dimen264
\cmidrulekern=\dimen265
\defaultaddspace=\dimen266
\@cmidla=\count172
\@cmidlb=\count173
\@aboverulesep=\dimen267
\@belowrulesep=\dimen268
\@thisruleclass=\count174
\@lastruleclass=\count175
\@thisrulewidth=\dimen269
)
(/usr/local/texlive/2016/texmf-dist/tex/latex/hyperref/hyperref.sty
Package: hyperref 2016/05/05 v6.83n Hypertext links for LaTeX

(/usr/local/texlive/2016/texmf-dist/tex/generic/oberdiek/hobsub-hyperref.sty
Package: hobsub-hyperref 2016/05/16 v1.14 Bundle oberdiek, subset hyperref (HO)


(/usr/local/texlive/2016/texmf-dist/tex/generic/oberdiek/hobsub-generic.sty
Package: hobsub-generic 2016/05/16 v1.14 Bundle oberdiek, subset generic (HO)
Package: hobsub 2016/05/16 v1.14 Construct package bundles (HO)
Package hobsub Info: Skipping package `infwarerr' (already loaded).
Package hobsub Info: Skipping package `ltxcmds' (already loaded).
Package hobsub Info: Skipping package `ifluatex' (already loaded).
Package: ifvtex 2016/05/16 v1.6 Detect VTeX and its facilities (HO)
Package ifvtex Info: VTeX not detected.
Package: intcalc 2016/05/16 v1.2 Expandable calculations with integers (HO)
Package hobsub Info: Skipping package `ifpdf' (already loaded).
Package hobsub Info: Skipping package `etexcmds' (already loaded).
Package hobsub Info: Skipping package `kvsetkeys' (already loaded).
Package hobsub Info: Skipping package `kvdefinekeys' (already loaded).
Package hobsub Info: Skipping package `pdftexcmds' (already loaded).
Package: pdfescape 2016/05/16 v1.14 Implements pdfTeX's escape features (HO)
Package: bigintcalc 2016/05/16 v1.4 Expandable calculations on big integers (HO
)
Package: bitset 2016/05/16 v1.2 Handle bit-vector datatype (HO)
Package: uniquecounter 2016/05/16 v1.3 Provide unlimited unique counter (HO)
)
Package hobsub Info: Skipping package `hobsub' (already loaded).
Package hobsub Info: Skipping package `letltxmacro' (already loaded).
Package: hopatch 2016/05/16 v1.3 Wrapper for package hooks (HO)
Package: xcolor-patch 2016/05/16 xcolor patch
Package: atveryend 2016/05/16 v1.9 Hooks at the very end of document (HO)
Package: atbegshi 2016/05/16 v1.17 At begin shipout hook (HO)
Package: refcount 2016/05/16 v3.5 Data extraction from label references (HO)
Package: hycolor 2016/05/16 v1.8 Color options for hyperref/bookmark (HO)
)
(/usr/local/texlive/2016/texmf-dist/tex/generic/ifxetex/ifxetex.sty
Package: ifxetex 2010/09/12 v0.6 Provides ifxetex conditional
)
(/usr/local/texlive/2016/texmf-dist/tex/latex/oberdiek/auxhook.sty
Package: auxhook 2016/05/16 v1.4 Hooks for auxiliary files (HO)
)
\@linkdim=\dimen270
\Hy@linkcounter=\count176
\Hy@pagecounter=\count177

(/usr/local/texlive/2016/texmf-dist/tex/latex/hyperref/pd1enc.def
File: pd1enc.def 2016/05/05 v6.83n Hyperref: PDFDocEncoding definition (HO)
)
\Hy@SavedSpaceFactor=\count178

(/usr/local/texlive/2016/texmf-dist/tex/latex/latexconfig/hyperref.cfg
File: hyperref.cfg 2002/06/06 v1.2 hyperref configuration of TeXLive
)
Package hyperref Info: Hyper figures OFF on input line 4446.
Package hyperref Info: Link nesting OFF on input line 4451.
Package hyperref Info: Hyper index ON on input line 4454.
Package hyperref Info: Plain pages OFF on input line 4461.
Package hyperref Info: Backreferencing OFF on input line 4466.
Package hyperref Info: Implicit mode ON; LaTeX internals redefined.
Package hyperref Info: Bookmarks ON on input line 4691.
\c@Hy@tempcnt=\count179
LaTeX Info: Redefining \url on input line 5044.
\XeTeXLinkMargin=\dimen271
\Fld@menulength=\count180
\Field@Width=\dimen272
\Fld@charsize=\dimen273
Package hyperref Info: Hyper figures OFF on input line 6298.
Package hyperref Info: Link nesting OFF on input line 6303.
Package hyperref Info: Hyper index ON on input line 6306.
Package hyperref Info: backreferencing OFF on input line 6313.
Package hyperref Info: Link coloring OFF on input line 6318.
Package hyperref Info: Link coloring with OCG OFF on input line 6323.
Package hyperref Info: PDF/A mode OFF on input line 6328.
LaTeX Info: Redefining \ref on input line 6368.
LaTeX Info: Redefining \pageref on input line 6372.
\Hy@abspage=\count181
\c@Item=\count182
\c@Hfootnote=\count183
)

Package hyperref Message: Driver (autodetected): hpdftex.

(/usr/local/texlive/2016/texmf-dist/tex/latex/hyperref/hpdftex.def
File: hpdftex.def 2016/05/05 v6.83n Hyperref driver for pdfTeX
\Fld@listcount=\count184
\c@bookmark@seq@number=\count185

(/usr/local/texlive/2016/texmf-dist/tex/latex/oberdiek/rerunfilecheck.sty
Package: rerunfilecheck 2016/05/16 v1.8 Rerun checks for auxiliary files (HO)
Package uniquecounter Info: New unique counter `rerunfilecheck' on input line 2
82.
)
\Hy@SectionHShift=\skip89
)
(/usr/local/texlive/2016/texmf-dist/tex/generic/ulem/ulem.sty
\UL@box=\box65
\UL@hyphenbox=\box66
\UL@skip=\skip90
\UL@hook=\toks32
\UL@height=\dimen274
\UL@pe=\count186
\UL@pixel=\dimen275
\ULC@box=\box67
Package: ulem 2012/05/18
\ULdepth=\dimen276
)
(/usr/local/texlive/2016/texmf-dist/tex/latex/mdwtools/footnote.sty
Package: footnote 1997/01/28 1.13 Save footnotes around boxes
\fn@notes=\box68
\fn@width=\dimen277
)
(/usr/local/texlive/2016/texmf-dist/tex/latex/ifsym/ifsym.sty
Package: ifsym 2000/04/18 I.Kloeckl
\c@ifsymcnt=\count187
)
(./collaborative_spatial_reuse_via_mabs.aux)
\openout1 = `collaborative_spatial_reuse_via_mabs.aux'.

LaTeX Font Info:    Checking defaults for OML/cmm/m/it on input line 107.
LaTeX Font Info:    ... okay on input line 107.
LaTeX Font Info:    Checking defaults for T1/cmr/m/n on input line 107.
LaTeX Font Info:    ... okay on input line 107.
LaTeX Font Info:    Checking defaults for OT1/cmr/m/n on input line 107.
LaTeX Font Info:    ... okay on input line 107.
LaTeX Font Info:    Checking defaults for OMS/cmsy/m/n on input line 107.
LaTeX Font Info:    ... okay on input line 107.
LaTeX Font Info:    Checking defaults for OMX/cmex/m/n on input line 107.
LaTeX Font Info:    ... okay on input line 107.
LaTeX Font Info:    Checking defaults for U/cmr/m/n on input line 107.
LaTeX Font Info:    ... okay on input line 107.
LaTeX Font Info:    Checking defaults for TS1/cmr/m/n on input line 107.
LaTeX Font Info:    Try loading font information for TS1+cmr on input line 107.


(/usr/local/texlive/2016/texmf-dist/tex/latex/base/ts1cmr.fd
File: ts1cmr.fd 2014/09/29 v2.5h Standard LaTeX font definitions
)
LaTeX Font Info:    ... okay on input line 107.
LaTeX Font Info:    Checking defaults for PD1/pdf/m/n on input line 107.
LaTeX Font Info:    ... okay on input line 107.

(/usr/local/texlive/2016/texmf-dist/tex/context/base/mkii/supp-pdf.mkii
[Loading MPS to PDF converter (version 2006.09.02).]
\scratchcounter=\count188
\scratchdimen=\dimen278
\scratchbox=\box69
\nofMPsegments=\count189
\nofMParguments=\count190
\everyMPshowfont=\toks33
\MPscratchCnt=\count191
\MPscratchDim=\dimen279
\MPnumerator=\count192
\makeMPintoPDFobject=\count193
\everyMPtoPDFconversion=\toks34
)
Package caption Info: Begin \AtBeginDocument code.
Package caption Info: hyperref package is loaded.
Package caption Info: End \AtBeginDocument code.

(/usr/local/texlive/2016/texmf-dist/tex/latex/beamer/translator/dicts/translato
r-basic-dictionary/translator-basic-dictionary-English.dict
Dictionary: translator-basic-dictionary, Language: English 
)
(/usr/local/texlive/2016/texmf-dist/tex/latex/siunitx/siunitx-abbreviations.cfg
File: siunitx-abbreviations.cfg 2016/03/01 v2.6q siunitx: Abbreviated units
)
\AtBeginShipoutBox=\box70
Package hyperref Info: Link coloring OFF on input line 107.
 (/usr/local/texlive/2016/texmf-dist/tex/latex/hyperref/nameref.sty
Package: nameref 2012/10/27 v2.43 Cross-referencing by name of section

(/usr/local/texlive/2016/texmf-dist/tex/generic/oberdiek/gettitlestring.sty
Package: gettitlestring 2016/05/16 v1.5 Cleanup title references (HO)
)
\c@section@level=\count194
)
LaTeX Info: Redefining \ref on input line 107.
LaTeX Info: Redefining \pageref on input line 107.
LaTeX Info: Redefining \nameref on input line 107.

(./collaborative_spatial_reuse_via_mabs.out)
(./collaborative_spatial_reuse_via_mabs.out)
\@outlinefile=\write5
\openout5 = `collaborative_spatial_reuse_via_mabs.out'.

\c__siunitx_mathsf_int=\count195
LaTeX Font Info:    Try loading font information for U+msa on input line 107.

(/usr/local/texlive/2016/texmf-dist/tex/latex/amsfonts/umsa.fd
File: umsa.fd 2013/01/14 v3.01 AMS symbols A
)
LaTeX Font Info:    Try loading font information for U+msb on input line 107.

(/usr/local/texlive/2016/texmf-dist/tex/latex/amsfonts/umsb.fd
File: umsb.fd 2013/01/14 v3.01 AMS symbols B
)
\c__siunitx_mathtt_int=\count196
 [1


{/usr/local/texlive/2016/texmf-var/fonts/map/pdftex/updmap/pdftex.map}] [2] [3]
 [4] [5]
LaTeX Font Info:    Try loading font information for OMS+cmr on input line 223.


(/usr/local/texlive/2016/texmf-dist/tex/latex/base/omscmr.fd
File: omscmr.fd 2014/09/29 v2.5h Standard LaTeX font definitions
)
LaTeX Font Info:    Font shape `OMS/cmr/m/n' in size <12> not available
(Font)              Font shape `OMS/cmsy/m/n' tried instead on input line 223.
 [6]

Package hyperref Warning: Token not allowed in a PDF string (PDFDocEncoding):
(hyperref)                removing `math shift' on input line 240.


Package hyperref Warning: Token not allowed in a PDF string (PDFDocEncoding):
(hyperref)                removing `\varepsilon' on input line 240.


Package hyperref Warning: Token not allowed in a PDF string (PDFDocEncoding):
(hyperref)                removing `math shift' on input line 240.

[7]pdfTeX warning (ext4): destination with the same identifier (name{equation.3
.1}) has been already used, duplicate ignored
<to be read again> 
                   \relax 
l.319 \begin{equation}
                      pdfTeX warning (ext4): destination with the same identifi
er (name{equation.3.1}) has been already used, duplicate ignored
<to be read again> 
                   \relax 
l.319 \begin{equation}
                      pdfTeX warning (ext4): destination with the same identifi
er (name{equation.3.1}) has been already used, duplicate ignored
<to be read again> 
                   \relax 
l.319 \begin{equation}
                      pdfTeX warning (ext4): destination with the same identifi
er (name{equation.3.1}) has been already used, duplicate ignored
<to be read again> 
                   \relax 
l.319 \begin{equation}
                      pdfTeX warning (ext4): destination with the same identifi
er (name{equation.3.1}) has been already used, duplicate ignored
<to be read again> 
                   \relax 
l.326 \begin{equation}
                      pdfTeX warning (ext4): destination with the same identifi
er (name{equation.3.1}) has been already used, duplicate ignored
<to be read again> 
                   \relax 
l.326 \begin{equation}
                      pdfTeX warning (ext4): destination with the same identifi
er (name{equation.3.1}) has been already used, duplicate ignored
<to be read again> 
                   \relax 
l.326 \begin{equation}
                      pdfTeX warning (ext4): destination with the same identifi
er (name{equation.3.1}) has been already used, duplicate ignored
<to be read again> 
                   \relax 
l.326 \begin{equation}
                      pdfTeX warning (ext4): destination with the same identifi
er (name{equation.3.1}) has been already used, duplicate ignored
<to be read again> 
                   \relax 
l.333 \begin{equation}
                      pdfTeX warning (ext4): destination with the same identifi
er (name{equation.3.1}) has been already used, duplicate ignored
<to be read again> 
                   \relax 
l.333 \begin{equation}
                      pdfTeX warning (ext4): destination with the same identifi
er (name{equation.3.1}) has been already used, duplicate ignored
<to be read again> 
                   \relax 
l.333 \begin{equation}
                      pdfTeX warning (ext4): destination with the same identifi
er (name{equation.3.1}) has been already used, duplicate ignored
<to be read again> 
                   \relax 
l.333 \begin{equation}
                       [8]pdfTeX warning (ext4): destination with the same iden
tifier (name{equation.3.1}) has been already used, duplicate ignored
<to be read again> 
                   \relax 
l.409 \begin{equation}
                      pdfTeX warning (ext4): destination with the same identifi
er (name{equation.3.1}) has been already used, duplicate ignored
<to be read again> 
                   \relax 
l.409 \begin{equation}
                      pdfTeX warning (ext4): destination with the same identifi
er (name{equation.3.1}) has been already used, duplicate ignored
<to be read again> 
                   \relax 
l.409 \begin{equation}
                      pdfTeX warning (ext4): destination with the same identifi
er (name{equation.3.1}) has been already used, duplicate ignored
<to be read again> 
                   \relax 
l.409 \begin{equation}
                      

LaTeX Warning: No positions in optional float specifier.
               Default added (so using `htbp') on input line 441.

[9]pdfTeX warning (ext4): destination with the same identifier (name{equation.3
.1}) has been already used, duplicate ignored
<to be read again> 
                   \relax 
l.482 \begin{equation}
                      pdfTeX warning (ext4): destination with the same identifi
er (name{equation.3.1}) has been already used, duplicate ignored
<to be read again> 
                   \relax 
l.482 \begin{equation}
                      pdfTeX warning (ext4): destination with the same identifi
er (name{equation.3.1}) has been already used, duplicate ignored
<to be read again> 
                   \relax 
l.482 \begin{equation}
                      pdfTeX warning (ext4): destination with the same identifi
er (name{equation.3.1}) has been already used, duplicate ignored
<to be read again> 
                   \relax 
l.482 \begin{equation}
                      

LaTeX Warning: No positions in optional float specifier.
               Default added (so using `htbp') on input line 507.

[10] [11]pdfTeX warning (ext4): destination with the same identifier (name{equa
tion.4.1}) has been already used, duplicate ignored
<to be read again> 
                   \relax 
l.574 \begin{equation}
                      pdfTeX warning (ext4): destination with the same identifi
er (name{equation.4.1}) has been already used, duplicate ignored
<to be read again> 
                   \relax 
l.574 \begin{equation}
                      pdfTeX warning (ext4): destination with the same identifi
er (name{equation.4.1}) has been already used, duplicate ignored
<to be read again> 
                   \relax 
l.574 \begin{equation}
                      pdfTeX warning (ext4): destination with the same identifi
er (name{equation.4.1}) has been already used, duplicate ignored
<to be read again> 
                   \relax 
l.574 \begin{equation}
                      

LaTeX Warning: `!h' float specifier changed to `!ht'.

[12pdfTeX warning (ext4): destination with the same identifier (name{equation.4
.1}) has been already used, duplicate ignored

\AtBegShi@Output ...ipout \box \AtBeginShipoutBox 
                                                  \fi \fi 
l.630 
      ]
Package epstopdf Info: Source file: <images/4_WLANs_scenario.eps>
(epstopdf)                    date: 2017-05-03 12:12:49
(epstopdf)                    size: 16929 bytes
(epstopdf)             Output file: <images/4_WLANs_scenario-eps-converted-to.p
df>
(epstopdf)                    date: 2017-10-31 10:10:11
(epstopdf)                    size: 6932 bytes
(epstopdf)             Command: <repstopdf --outfile=images/4_WLANs_scenario-ep
s-converted-to.pdf images/4_WLANs_scenario.eps>
(epstopdf)             \includegraphics on input line 633.
Package epstopdf Info: Output file is already uptodate.

<images/4_WLANs_scenario-eps-converted-to.pdf, id=337, 831.105pt x 437.635pt>
File: images/4_WLANs_scenario-eps-converted-to.pdf Graphic file (type pdf)

<use images/4_WLANs_scenario-eps-converted-to.pdf>
Package pdftex.def Info: images/4_WLANs_scenario-eps-converted-to.pdf used on i
nput line 633.
(pdftex.def)             Requested size: 241.84842pt x 127.34494pt.
 [13 <./images/4_WLANs_scenario-eps-converted-to.pdf>]

Package hyperref Warning: Token not allowed in a PDF string (PDFDocEncoding):
(hyperref)                removing `math shift' on input line 652.


Package hyperref Warning: Token not allowed in a PDF string (PDFDocEncoding):
(hyperref)                removing `\varepsilon' on input line 652.


Package hyperref Warning: Token not allowed in a PDF string (PDFDocEncoding):
(hyperref)                removing `math shift' on input line 652.

Package epstopdf Info: Source file: <images/egreedy_tuning_parameters_zoom.eps>

(epstopdf)                    date: 2017-10-02 16:16:08
(epstopdf)                    size: 26043 bytes
(epstopdf)             Output file: <images/egreedy_tuning_parameters_zoom-eps-
converted-to.pdf>
(epstopdf)                    date: 2017-10-31 10:10:11
(epstopdf)                    size: 9819 bytes
(epstopdf)             Command: <repstopdf --outfile=images/egreedy_tuning_para
meters_zoom-eps-converted-to.pdf images/egreedy_tuning_parameters_zoom.eps>
(epstopdf)             \includegraphics on input line 657.
Package epstopdf Info: Output file is already uptodate.

<images/egreedy_tuning_parameters_zoom-eps-converted-to.pdf, id=353, 462.72874p
t x 373.395pt>
File: images/egreedy_tuning_parameters_zoom-eps-converted-to.pdf Graphic file (
type pdf)

<use images/egreedy_tuning_parameters_zoom-eps-converted-to.pdf>
Package pdftex.def Info: images/egreedy_tuning_parameters_zoom-eps-converted-to
.pdf used on input line 657.
(pdftex.def)             Requested size: 184.9429pt x 149.2357pt.
 [14]
Package epstopdf Info: Source file: <images/NEW_actions_probability_e-greedy_e0
1.eps>
(epstopdf)                    date: 2017-10-02 12:54:09
(epstopdf)                    size: 29410 bytes
(epstopdf)             Output file: <images/NEW_actions_probability_e-greedy_e0
1-eps-converted-to.pdf>
(epstopdf)                    date: 2017-10-31 10:10:12
(epstopdf)                    size: 9133 bytes
(epstopdf)             Command: <repstopdf --outfile=images/NEW_actions_probabi
lity_e-greedy_e01-eps-converted-to.pdf images/NEW_actions_probability_e-greedy_
e01.eps>
(epstopdf)             \includegraphics on input line 668.
Package epstopdf Info: Output file is already uptodate.

<images/NEW_actions_probability_e-greedy_e01-eps-converted-to.pdf, id=364, 429.
605pt x 322.20375pt>
File: images/NEW_actions_probability_e-greedy_e01-eps-converted-to.pdf Graphic 
file (type pdf)

<use images/NEW_actions_probability_e-greedy_e01-eps-converted-to.pdf>
Package pdftex.def Info: images/NEW_actions_probability_e-greedy_e01-eps-conver
ted-to.pdf used on input line 668.
(pdftex.def)             Requested size: 140.92793pt x 105.69826pt.
Package epstopdf Info: Source file: <images/NEW_actions_probability_e-greedy_e0
5.eps>
(epstopdf)                    date: 2017-10-02 11:53:34
(epstopdf)                    size: 29465 bytes
(epstopdf)             Output file: <images/NEW_actions_probability_e-greedy_e0
5-eps-converted-to.pdf>
(epstopdf)                    date: 2017-10-31 10:10:12
(epstopdf)                    size: 9186 bytes
(epstopdf)             Command: <repstopdf --outfile=images/NEW_actions_probabi
lity_e-greedy_e05-eps-converted-to.pdf images/NEW_actions_probability_e-greedy_
e05.eps>
(epstopdf)             \includegraphics on input line 674.
Package epstopdf Info: Output file is already uptodate.

<images/NEW_actions_probability_e-greedy_e05-eps-converted-to.pdf, id=365, 429.
605pt x 322.20375pt>
File: images/NEW_actions_probability_e-greedy_e05-eps-converted-to.pdf Graphic 
file (type pdf)

<use images/NEW_actions_probability_e-greedy_e05-eps-converted-to.pdf>
Package pdftex.def Info: images/NEW_actions_probability_e-greedy_e05-eps-conver
ted-to.pdf used on input line 674.
(pdftex.def)             Requested size: 140.92793pt x 105.69826pt.
Package epstopdf Info: Source file: <images/NEW_actions_probability_e-greedy_e1
.eps>
(epstopdf)                    date: 2017-10-02 11:54:30
(epstopdf)                    size: 29457 bytes
(epstopdf)             Output file: <images/NEW_actions_probability_e-greedy_e1
-eps-converted-to.pdf>
(epstopdf)                    date: 2017-10-31 10:10:13
(epstopdf)                    size: 9174 bytes
(epstopdf)             Command: <repstopdf --outfile=images/NEW_actions_probabi
lity_e-greedy_e1-eps-converted-to.pdf images/NEW_actions_probability_e-greedy_e
1.eps>
(epstopdf)             \includegraphics on input line 680.
Package epstopdf Info: Output file is already uptodate.

<images/NEW_actions_probability_e-greedy_e1-eps-converted-to.pdf, id=366, 429.6
05pt x 322.20375pt>
File: images/NEW_actions_probability_e-greedy_e1-eps-converted-to.pdf Graphic f
ile (type pdf)

<use images/NEW_actions_probability_e-greedy_e1-eps-converted-to.pdf>
Package pdftex.def Info: images/NEW_actions_probability_e-greedy_e1-eps-convert
ed-to.pdf used on input line 680.
(pdftex.def)             Requested size: 140.92793pt x 105.69826pt.
 [15 <./images/egreedy_tuning_parameters_zoom-eps-converted-to.pdf> <./images/N
EW_actions_probability_e-greedy_e01-eps-converted-to.pdf> <./images/NEW_actions
_probability_e-greedy_e05-eps-converted-to.pdf> <./images/NEW_actions_probabili
ty_e-greedy_e1-eps-converted-to.pdf>]
Package epstopdf Info: Source file: <images/NEW_temporal_aggregate_tpt_e-greedy
_e01.eps>
(epstopdf)                    date: 2017-10-02 12:54:43
(epstopdf)                    size: 356536 bytes
(epstopdf)             Output file: <images/NEW_temporal_aggregate_tpt_e-greedy
_e01-eps-converted-to.pdf>
(epstopdf)                    date: 2017-10-31 10:10:14
(epstopdf)                    size: 9185 bytes
(epstopdf)             Command: <repstopdf --outfile=images/NEW_temporal_aggreg
ate_tpt_e-greedy_e01-eps-converted-to.pdf images/NEW_temporal_aggregate_tpt_e-g
reedy_e01.eps>
(epstopdf)             \includegraphics on input line 697.
Package epstopdf Info: Output file is already uptodate.

<images/NEW_temporal_aggregate_tpt_e-greedy_e01-eps-converted-to.pdf, id=405, 5
01.875pt x 351.3125pt>
File: images/NEW_temporal_aggregate_tpt_e-greedy_e01-eps-converted-to.pdf Graph
ic file (type pdf)

<use images/NEW_temporal_aggregate_tpt_e-greedy_e01-eps-converted-to.pdf>
Package pdftex.def Info: images/NEW_temporal_aggregate_tpt_e-greedy_e01-eps-con
verted-to.pdf used on input line 697.
(pdftex.def)             Requested size: 140.92793pt x 98.65092pt.
Package epstopdf Info: Source file: <images/NEW_temporal_aggregate_tpt_e-greedy
_e05.eps>
(epstopdf)                    date: 2017-10-02 12:47:40
(epstopdf)                    size: 353111 bytes
(epstopdf)             Output file: <images/NEW_temporal_aggregate_tpt_e-greedy
_e05-eps-converted-to.pdf>
(epstopdf)                    date: 2017-10-31 10:10:14
(epstopdf)                    size: 11895 bytes
(epstopdf)             Command: <repstopdf --outfile=images/NEW_temporal_aggreg
ate_tpt_e-greedy_e05-eps-converted-to.pdf images/NEW_temporal_aggregate_tpt_e-g
reedy_e05.eps>
(epstopdf)             \includegraphics on input line 703.
Package epstopdf Info: Output file is already uptodate.

<images/NEW_temporal_aggregate_tpt_e-greedy_e05-eps-converted-to.pdf, id=406, 5
01.875pt x 351.3125pt>
File: images/NEW_temporal_aggregate_tpt_e-greedy_e05-eps-converted-to.pdf Graph
ic file (type pdf)

<use images/NEW_temporal_aggregate_tpt_e-greedy_e05-eps-converted-to.pdf>
Package pdftex.def Info: images/NEW_temporal_aggregate_tpt_e-greedy_e05-eps-con
verted-to.pdf used on input line 703.
(pdftex.def)             Requested size: 140.92793pt x 98.65092pt.
Package epstopdf Info: Source file: <images/NEW_temporal_aggregate_tpt_e-greedy
_e1.eps>
(epstopdf)                    date: 2017-10-02 12:46:58
(epstopdf)                    size: 351145 bytes
(epstopdf)             Output file: <images/NEW_temporal_aggregate_tpt_e-greedy
_e1-eps-converted-to.pdf>
(epstopdf)                    date: 2017-10-31 10:10:15
(epstopdf)                    size: 15624 bytes
(epstopdf)             Command: <repstopdf --outfile=images/NEW_temporal_aggreg
ate_tpt_e-greedy_e1-eps-converted-to.pdf images/NEW_temporal_aggregate_tpt_e-gr
eedy_e1.eps>
(epstopdf)             \includegraphics on input line 709.
Package epstopdf Info: Output file is already uptodate.

<images/NEW_temporal_aggregate_tpt_e-greedy_e1-eps-converted-to.pdf, id=407, 50
1.875pt x 351.3125pt>
File: images/NEW_temporal_aggregate_tpt_e-greedy_e1-eps-converted-to.pdf Graphi
c file (type pdf)

<use images/NEW_temporal_aggregate_tpt_e-greedy_e1-eps-converted-to.pdf>
Package pdftex.def Info: images/NEW_temporal_aggregate_tpt_e-greedy_e1-eps-conv
erted-to.pdf used on input line 709.
(pdftex.def)             Requested size: 140.92793pt x 98.65092pt.
Package epstopdf Info: Source file: <images/NEW_temporal_individual_tpt_e-greed
y_e01.eps>
(epstopdf)                    date: 2017-10-02 11:51:12
(epstopdf)                    size: 1393393 bytes
(epstopdf)             Output file: <images/NEW_temporal_individual_tpt_e-greed
y_e01-eps-converted-to.pdf>
(epstopdf)                    date: 2017-10-31 10:10:16
(epstopdf)                    size: 10978 bytes
(epstopdf)             Command: <repstopdf --outfile=images/NEW_temporal_indivi
dual_tpt_e-greedy_e01-eps-converted-to.pdf images/NEW_temporal_individual_tpt_e
-greedy_e01.eps>
(epstopdf)             \includegraphics on input line 721.
Package epstopdf Info: Output file is already uptodate.

<images/NEW_temporal_individual_tpt_e-greedy_e01-eps-converted-to.pdf, id=408, 
437.635pt x 341.275pt>
File: images/NEW_temporal_individual_tpt_e-greedy_e01-eps-converted-to.pdf Grap
hic file (type pdf)

<use images/NEW_temporal_individual_tpt_e-greedy_e01-eps-converted-to.pdf>
Package pdftex.def Info: images/NEW_temporal_individual_tpt_e-greedy_e01-eps-co
nverted-to.pdf used on input line 721.
(pdftex.def)             Requested size: 140.92793pt x 109.8976pt.
Package epstopdf Info: Source file: <images/NEW_temporal_individual_tpt_e-greed
y_e05.eps>
(epstopdf)                    date: 2017-10-02 11:53:31
(epstopdf)                    size: 1411822 bytes
(epstopdf)             Output file: <images/NEW_temporal_individual_tpt_e-greed
y_e05-eps-converted-to.pdf>
(epstopdf)                    date: 2017-10-31 10:10:17
(epstopdf)                    size: 21441 bytes
(epstopdf)             Command: <repstopdf --outfile=images/NEW_temporal_indivi
dual_tpt_e-greedy_e05-eps-converted-to.pdf images/NEW_temporal_individual_tpt_e
-greedy_e05.eps>
(epstopdf)             \includegraphics on input line 727.
Package epstopdf Info: Output file is already uptodate.

<images/NEW_temporal_individual_tpt_e-greedy_e05-eps-converted-to.pdf, id=409, 
437.635pt x 341.275pt>
File: images/NEW_temporal_individual_tpt_e-greedy_e05-eps-converted-to.pdf Grap
hic file (type pdf)

<use images/NEW_temporal_individual_tpt_e-greedy_e05-eps-converted-to.pdf>
Package pdftex.def Info: images/NEW_temporal_individual_tpt_e-greedy_e05-eps-co
nverted-to.pdf used on input line 727.
(pdftex.def)             Requested size: 140.92793pt x 109.8976pt.
Package epstopdf Info: Source file: <images/NEW_temporal_individual_tpt_e-greed
y_e1.eps>
(epstopdf)                    date: 2017-10-02 11:54:26
(epstopdf)                    size: 1392760 bytes
(epstopdf)             Output file: <images/NEW_temporal_individual_tpt_e-greed
y_e1-eps-converted-to.pdf>
(epstopdf)                    date: 2017-10-31 10:10:18
(epstopdf)                    size: 33726 bytes
(epstopdf)             Command: <repstopdf --outfile=images/NEW_temporal_indivi
dual_tpt_e-greedy_e1-eps-converted-to.pdf images/NEW_temporal_individual_tpt_e-
greedy_e1.eps>
(epstopdf)             \includegraphics on input line 733.
Package epstopdf Info: Output file is already uptodate.

<images/NEW_temporal_individual_tpt_e-greedy_e1-eps-converted-to.pdf, id=410, 4
37.635pt x 341.275pt>
File: images/NEW_temporal_individual_tpt_e-greedy_e1-eps-converted-to.pdf Graph
ic file (type pdf)

<use images/NEW_temporal_individual_tpt_e-greedy_e1-eps-converted-to.pdf>
Package pdftex.def Info: images/NEW_temporal_individual_tpt_e-greedy_e1-eps-con
verted-to.pdf used on input line 733.
(pdftex.def)             Requested size: 140.92793pt x 109.8976pt.
Package epstopdf Info: Source file: <images/NEW_mean_tpt_e-greedy_e01.eps>
(epstopdf)                    date: 2017-10-02 12:54:08
(epstopdf)                    size: 15392 bytes
(epstopdf)             Output file: <images/NEW_mean_tpt_e-greedy_e01-eps-conve
rted-to.pdf>
(epstopdf)                    date: 2017-10-31 10:10:19
(epstopdf)                    size: 7189 bytes
(epstopdf)             Command: <repstopdf --outfile=images/NEW_mean_tpt_e-gree
dy_e01-eps-converted-to.pdf images/NEW_mean_tpt_e-greedy_e01.eps>
(epstopdf)             \includegraphics on input line 747.
Package epstopdf Info: Output file is already uptodate.

<images/NEW_mean_tpt_e-greedy_e01-eps-converted-to.pdf, id=412, 450.68375pt x 3
28.22626pt>
File: images/NEW_mean_tpt_e-greedy_e01-eps-converted-to.pdf Graphic file (type 
pdf)
 <use images/NEW_mean_tpt_e-greedy_e01-eps-converted-to.pdf>
Package pdftex.def Info: images/NEW_mean_tpt_e-greedy_e01-eps-converted-to.pdf 
used on input line 747.
(pdftex.def)             Requested size: 140.92793pt x 102.63556pt.
Package epstopdf Info: Source file: <images/NEW_mean_tpt_e-greedy_e05.eps>
(epstopdf)                    date: 2017-10-02 11:53:32
(epstopdf)                    size: 15390 bytes
(epstopdf)             Output file: <images/NEW_mean_tpt_e-greedy_e05-eps-conve
rted-to.pdf>
(epstopdf)                    date: 2017-10-31 10:10:19
(epstopdf)                    size: 7184 bytes
(epstopdf)             Command: <repstopdf --outfile=images/NEW_mean_tpt_e-gree
dy_e05-eps-converted-to.pdf images/NEW_mean_tpt_e-greedy_e05.eps>
(epstopdf)             \includegraphics on input line 753.
Package epstopdf Info: Output file is already uptodate.

<images/NEW_mean_tpt_e-greedy_e05-eps-converted-to.pdf, id=413, 450.68375pt x 3
28.22626pt>
File: images/NEW_mean_tpt_e-greedy_e05-eps-converted-to.pdf Graphic file (type 
pdf)
 <use images/NEW_mean_tpt_e-greedy_e05-eps-converted-to.pdf>
Package pdftex.def Info: images/NEW_mean_tpt_e-greedy_e05-eps-converted-to.pdf 
used on input line 753.
(pdftex.def)             Requested size: 140.92793pt x 102.63556pt.
Package epstopdf Info: Source file: <images/NEW_mean_tpt_e-greedy_e1.eps>
(epstopdf)                    date: 2017-10-02 11:54:28
(epstopdf)                    size: 15400 bytes
(epstopdf)             Output file: <images/NEW_mean_tpt_e-greedy_e1-eps-conver
ted-to.pdf>
(epstopdf)                    date: 2017-10-31 10:10:20
(epstopdf)                    size: 7193 bytes
(epstopdf)             Command: <repstopdf --outfile=images/NEW_mean_tpt_e-gree
dy_e1-eps-converted-to.pdf images/NEW_mean_tpt_e-greedy_e1.eps>
(epstopdf)             \includegraphics on input line 759.
Package epstopdf Info: Output file is already uptodate.

<images/NEW_mean_tpt_e-greedy_e1-eps-converted-to.pdf, id=414, 450.68375pt x 32
8.22626pt>
File: images/NEW_mean_tpt_e-greedy_e1-eps-converted-to.pdf Graphic file (type p
df)
 <use images/NEW_mean_tpt_e-greedy_e1-eps-converted-to.pdf>
Package pdftex.def Info: images/NEW_mean_tpt_e-greedy_e1-eps-converted-to.pdf u
sed on input line 759.
(pdftex.def)             Requested size: 140.92793pt x 102.63556pt.
 [16 <./images/NEW_temporal_aggregate_tpt_e-greedy_e01-eps-converted-to.pdf> <.
/images/NEW_temporal_aggregate_tpt_e-greedy_e05-eps-converted-to.pdf> <./images
/NEW_temporal_aggregate_tpt_e-greedy_e1-eps-converted-to.pdf> <./images/NEW_tem
poral_individual_tpt_e-greedy_e01-eps-converted-to.pdf> <./images/NEW_temporal_
individual_tpt_e-greedy_e05-eps-converted-to.pdf> <./images/NEW_temporal_indivi
dual_tpt_e-greedy_e1-eps-converted-to.pdf>]
Package epstopdf Info: Source file: <images/exp3_tuning_parameters_zoom.eps>
(epstopdf)                    date: 2017-10-31 10:03:55
(epstopdf)                    size: 24212 bytes
(epstopdf)             Output file: <images/exp3_tuning_parameters_zoom-eps-con
verted-to.pdf>
(epstopdf)                    date: 2017-10-31 10:10:21
(epstopdf)                    size: 10011 bytes
(epstopdf)             Command: <repstopdf --outfile=images/exp3_tuning_paramet
ers_zoom-eps-converted-to.pdf images/exp3_tuning_parameters_zoom.eps>
(epstopdf)             \includegraphics on input line 780.
Package epstopdf Info: Output file is already uptodate.

<images/exp3_tuning_parameters_zoom-eps-converted-to.pdf, id=463, 501.875pt x 3
51.3125pt>
File: images/exp3_tuning_parameters_zoom-eps-converted-to.pdf Graphic file (typ
e pdf)
 <use images/exp3_tuning_parameters_zoom-eps-converted-to.pdf>
Package pdftex.def Info: images/exp3_tuning_parameters_zoom-eps-converted-to.pd
f used on input line 780.
(pdftex.def)             Requested size: 184.9429pt x 129.46361pt.
Package epstopdf Info: Source file: <images/NEW_actions_probability_EXP3_eta01.
eps>
(epstopdf)                    date: 2017-10-22 18:39:16
(epstopdf)                    size: 29481 bytes
(epstopdf)             Output file: <images/NEW_actions_probability_EXP3_eta01-
eps-converted-to.pdf>
(epstopdf)                    date: 2017-10-31 10:10:21
(epstopdf)                    size: 9187 bytes
(epstopdf)             Command: <repstopdf --outfile=images/NEW_actions_probabi
lity_EXP3_eta01-eps-converted-to.pdf images/NEW_actions_probability_EXP3_eta01.
eps>
(epstopdf)             \includegraphics on input line 790.
Package epstopdf Info: Output file is already uptodate.

<images/NEW_actions_probability_EXP3_eta01-eps-converted-to.pdf, id=465, 429.60
5pt x 322.20375pt>
File: images/NEW_actions_probability_EXP3_eta01-eps-converted-to.pdf Graphic fi
le (type pdf)

<use images/NEW_actions_probability_EXP3_eta01-eps-converted-to.pdf>
Package pdftex.def Info: images/NEW_actions_probability_EXP3_eta01-eps-converte
d-to.pdf used on input line 790.
(pdftex.def)             Requested size: 140.92793pt x 105.69826pt.
Package epstopdf Info: Source file: <images/NEW_actions_probability_EXP3_eta05.
eps>
(epstopdf)                    date: 2017-10-22 18:37:43
(epstopdf)                    size: 29481 bytes
(epstopdf)             Output file: <images/NEW_actions_probability_EXP3_eta05-
eps-converted-to.pdf>
(epstopdf)                    date: 2017-10-31 10:10:22
(epstopdf)                    size: 9162 bytes
(epstopdf)             Command: <repstopdf --outfile=images/NEW_actions_probabi
lity_EXP3_eta05-eps-converted-to.pdf images/NEW_actions_probability_EXP3_eta05.
eps>
(epstopdf)             \includegraphics on input line 796.
Package epstopdf Info: Output file is already uptodate.

<images/NEW_actions_probability_EXP3_eta05-eps-converted-to.pdf, id=466, 429.60
5pt x 322.20375pt>
File: images/NEW_actions_probability_EXP3_eta05-eps-converted-to.pdf Graphic fi
le (type pdf)

<use images/NEW_actions_probability_EXP3_eta05-eps-converted-to.pdf>
Package pdftex.def Info: images/NEW_actions_probability_EXP3_eta05-eps-converte
d-to.pdf used on input line 796.
(pdftex.def)             Requested size: 140.92793pt x 105.69826pt.
Package epstopdf Info: Source file: <images/NEW_actions_probability_EXP3_eta1.e
ps>
(epstopdf)                    date: 2017-10-22 18:38:27
(epstopdf)                    size: 28743 bytes
(epstopdf)             Output file: <images/NEW_actions_probability_EXP3_eta1-e
ps-converted-to.pdf>
(epstopdf)                    date: 2017-10-31 10:10:23
(epstopdf)                    size: 8951 bytes
(epstopdf)             Command: <repstopdf --outfile=images/NEW_actions_probabi
lity_EXP3_eta1-eps-converted-to.pdf images/NEW_actions_probability_EXP3_eta1.ep
s>
(epstopdf)             \includegraphics on input line 802.
Package epstopdf Info: Output file is already uptodate.

<images/NEW_actions_probability_EXP3_eta1-eps-converted-to.pdf, id=467, 429.605
pt x 322.20375pt>
File: images/NEW_actions_probability_EXP3_eta1-eps-converted-to.pdf Graphic fil
e (type pdf)

<use images/NEW_actions_probability_EXP3_eta1-eps-converted-to.pdf>
Package pdftex.def Info: images/NEW_actions_probability_EXP3_eta1-eps-converted
-to.pdf used on input line 802.
(pdftex.def)             Requested size: 140.92793pt x 105.69826pt.
 [17 <./images/NEW_mean_tpt_e-greedy_e01-eps-converted-to.pdf> <./images/NEW_me
an_tpt_e-greedy_e05-eps-converted-to.pdf> <./images/NEW_mean_tpt_e-greedy_e1-ep
s-converted-to.pdf>] [18 <./images/exp3_tuning_parameters_zoom-eps-converted-to
.pdf> <./images/NEW_actions_probability_EXP3_eta01-eps-converted-to.pdf> <./ima
ges/NEW_actions_probability_EXP3_eta05-eps-converted-to.pdf> <./images/NEW_acti
ons_probability_EXP3_eta1-eps-converted-to.pdf>]
Package epstopdf Info: Source file: <images/NEW_temporal_aggregate_tpt_EXP3_eta
01.eps>
(epstopdf)                    date: 2017-10-28 20:08:57
(epstopdf)                    size: 352439 bytes
(epstopdf)             Output file: <images/NEW_temporal_aggregate_tpt_EXP3_eta
01-eps-converted-to.pdf>
(epstopdf)                    date: 2017-10-31 10:10:23
(epstopdf)                    size: 61223 bytes
(epstopdf)             Command: <repstopdf --outfile=images/NEW_temporal_aggreg
ate_tpt_EXP3_eta01-eps-converted-to.pdf images/NEW_temporal_aggregate_tpt_EXP3_
eta01.eps>
(epstopdf)             \includegraphics on input line 818.
Package epstopdf Info: Output file is already uptodate.

<images/NEW_temporal_aggregate_tpt_EXP3_eta01-eps-converted-to.pdf, id=526, 501
.875pt x 351.3125pt>
File: images/NEW_temporal_aggregate_tpt_EXP3_eta01-eps-converted-to.pdf Graphic
 file (type pdf)

<use images/NEW_temporal_aggregate_tpt_EXP3_eta01-eps-converted-to.pdf>
Package pdftex.def Info: images/NEW_temporal_aggregate_tpt_EXP3_eta01-eps-conve
rted-to.pdf used on input line 818.
(pdftex.def)             Requested size: 140.92793pt x 98.65092pt.
Package epstopdf Info: Source file: <images/NEW_temporal_aggregate_tpt_EXP3_eta
05.eps>
(epstopdf)                    date: 2017-10-28 20:09:21
(epstopdf)                    size: 354399 bytes
(epstopdf)             Output file: <images/NEW_temporal_aggregate_tpt_EXP3_eta
05-eps-converted-to.pdf>
(epstopdf)                    date: 2017-10-31 10:10:24
(epstopdf)                    size: 41286 bytes
(epstopdf)             Command: <repstopdf --outfile=images/NEW_temporal_aggreg
ate_tpt_EXP3_eta05-eps-converted-to.pdf images/NEW_temporal_aggregate_tpt_EXP3_
eta05.eps>
(epstopdf)             \includegraphics on input line 824.
Package epstopdf Info: Output file is already uptodate.

<images/NEW_temporal_aggregate_tpt_EXP3_eta05-eps-converted-to.pdf, id=527, 501
.875pt x 351.3125pt>
File: images/NEW_temporal_aggregate_tpt_EXP3_eta05-eps-converted-to.pdf Graphic
 file (type pdf)

<use images/NEW_temporal_aggregate_tpt_EXP3_eta05-eps-converted-to.pdf>
Package pdftex.def Info: images/NEW_temporal_aggregate_tpt_EXP3_eta05-eps-conve
rted-to.pdf used on input line 824.
(pdftex.def)             Requested size: 140.92793pt x 98.65092pt.
Package epstopdf Info: Source file: <images/NEW_temporal_aggregate_tpt_EXP3_eta
1.eps>
(epstopdf)                    date: 2017-10-28 20:09:48
(epstopdf)                    size: 348950 bytes
(epstopdf)             Output file: <images/NEW_temporal_aggregate_tpt_EXP3_eta
1-eps-converted-to.pdf>
(epstopdf)                    date: 2017-10-31 10:10:25
(epstopdf)                    size: 18806 bytes
(epstopdf)             Command: <repstopdf --outfile=images/NEW_temporal_aggreg
ate_tpt_EXP3_eta1-eps-converted-to.pdf images/NEW_temporal_aggregate_tpt_EXP3_e
ta1.eps>
(epstopdf)             \includegraphics on input line 830.
Package epstopdf Info: Output file is already uptodate.

<images/NEW_temporal_aggregate_tpt_EXP3_eta1-eps-converted-to.pdf, id=528, 501.
875pt x 351.3125pt>
File: images/NEW_temporal_aggregate_tpt_EXP3_eta1-eps-converted-to.pdf Graphic 
file (type pdf)

<use images/NEW_temporal_aggregate_tpt_EXP3_eta1-eps-converted-to.pdf>
Package pdftex.def Info: images/NEW_temporal_aggregate_tpt_EXP3_eta1-eps-conver
ted-to.pdf used on input line 830.
(pdftex.def)             Requested size: 140.92793pt x 98.65092pt.
Package epstopdf Info: Source file: <images/NEW_temporal_individual_tpt_EXP3_et
a01.eps>
(epstopdf)                    date: 2017-10-22 18:39:13
(epstopdf)                    size: 1411974 bytes
(epstopdf)             Output file: <images/NEW_temporal_individual_tpt_EXP3_et
a01-eps-converted-to.pdf>
(epstopdf)                    date: 2017-10-31 10:10:26
(epstopdf)                    size: 205461 bytes
(epstopdf)             Command: <repstopdf --outfile=images/NEW_temporal_indivi
dual_tpt_EXP3_eta01-eps-converted-to.pdf images/NEW_temporal_individual_tpt_EXP
3_eta01.eps>
(epstopdf)             \includegraphics on input line 842.
Package epstopdf Info: Output file is already uptodate.

<images/NEW_temporal_individual_tpt_EXP3_eta01-eps-converted-to.pdf, id=529, 43
7.635pt x 337.26pt>
File: images/NEW_temporal_individual_tpt_EXP3_eta01-eps-converted-to.pdf Graphi
c file (type pdf)

<use images/NEW_temporal_individual_tpt_EXP3_eta01-eps-converted-to.pdf>
Package pdftex.def Info: images/NEW_temporal_individual_tpt_EXP3_eta01-eps-conv
erted-to.pdf used on input line 842.
(pdftex.def)             Requested size: 140.92793pt x 108.60469pt.
Package epstopdf Info: Source file: <images/NEW_temporal_individual_tpt_EXP3_et
a05.eps>
(epstopdf)                    date: 2017-10-22 18:37:40
(epstopdf)                    size: 1418233 bytes
(epstopdf)             Output file: <images/NEW_temporal_individual_tpt_EXP3_et
a05-eps-converted-to.pdf>
(epstopdf)                    date: 2017-10-31 10:10:27
(epstopdf)                    size: 119570 bytes
(epstopdf)             Command: <repstopdf --outfile=images/NEW_temporal_indivi
dual_tpt_EXP3_eta05-eps-converted-to.pdf images/NEW_temporal_individual_tpt_EXP
3_eta05.eps>
(epstopdf)             \includegraphics on input line 848.
Package epstopdf Info: Output file is already uptodate.

<images/NEW_temporal_individual_tpt_EXP3_eta05-eps-converted-to.pdf, id=530, 43
7.635pt x 337.26pt>
File: images/NEW_temporal_individual_tpt_EXP3_eta05-eps-converted-to.pdf Graphi
c file (type pdf)

<use images/NEW_temporal_individual_tpt_EXP3_eta05-eps-converted-to.pdf>
Package pdftex.def Info: images/NEW_temporal_individual_tpt_EXP3_eta05-eps-conv
erted-to.pdf used on input line 848.
(pdftex.def)             Requested size: 140.92793pt x 108.60469pt.
Package epstopdf Info: Source file: <images/NEW_temporal_individual_tpt_EXP3_et
a1.eps>
(epstopdf)                    date: 2017-10-22 18:38:24
(epstopdf)                    size: 1421651 bytes
(epstopdf)             Output file: <images/NEW_temporal_individual_tpt_EXP3_et
a1-eps-converted-to.pdf>
(epstopdf)                    date: 2017-10-31 10:10:28
(epstopdf)                    size: 39004 bytes
(epstopdf)             Command: <repstopdf --outfile=images/NEW_temporal_indivi
dual_tpt_EXP3_eta1-eps-converted-to.pdf images/NEW_temporal_individual_tpt_EXP3
_eta1.eps>
(epstopdf)             \includegraphics on input line 854.
Package epstopdf Info: Output file is already uptodate.

<images/NEW_temporal_individual_tpt_EXP3_eta1-eps-converted-to.pdf, id=531, 437
.635pt x 337.26pt>
File: images/NEW_temporal_individual_tpt_EXP3_eta1-eps-converted-to.pdf Graphic
 file (type pdf)

<use images/NEW_temporal_individual_tpt_EXP3_eta1-eps-converted-to.pdf>
Package pdftex.def Info: images/NEW_temporal_individual_tpt_EXP3_eta1-eps-conve
rted-to.pdf used on input line 854.
(pdftex.def)             Requested size: 140.92793pt x 108.60469pt.
Package epstopdf Info: Source file: <images/NEW_mean_tpt_EXP3_eta01.eps>
(epstopdf)                    date: 2017-10-22 19:33:40
(epstopdf)                    size: 15753 bytes
(epstopdf)             Output file: <images/NEW_mean_tpt_EXP3_eta01-eps-convert
ed-to.pdf>
(epstopdf)                    date: 2017-10-31 10:10:29
(epstopdf)                    size: 7436 bytes
(epstopdf)             Command: <repstopdf --outfile=images/NEW_mean_tpt_EXP3_e
ta01-eps-converted-to.pdf images/NEW_mean_tpt_EXP3_eta01.eps>
(epstopdf)             \includegraphics on input line 867.
Package epstopdf Info: Output file is already uptodate.

<images/NEW_mean_tpt_EXP3_eta01-eps-converted-to.pdf, id=534, 501.875pt x 351.3
125pt>
File: images/NEW_mean_tpt_EXP3_eta01-eps-converted-to.pdf Graphic file (type pd
f)
 <use images/NEW_mean_tpt_EXP3_eta01-eps-converted-to.pdf>
Package pdftex.def Info: images/NEW_mean_tpt_EXP3_eta01-eps-converted-to.pdf us
ed on input line 867.
(pdftex.def)             Requested size: 140.92793pt x 98.65092pt.
Package epstopdf Info: Source file: <images/NEW_mean_tpt_EXP3_eta05.eps>
(epstopdf)                    date: 2017-10-22 19:32:37
(epstopdf)                    size: 15766 bytes
(epstopdf)             Output file: <images/NEW_mean_tpt_EXP3_eta05-eps-convert
ed-to.pdf>
(epstopdf)                    date: 2017-10-31 10:10:29
(epstopdf)                    size: 7425 bytes
(epstopdf)             Command: <repstopdf --outfile=images/NEW_mean_tpt_EXP3_e
ta05-eps-converted-to.pdf images/NEW_mean_tpt_EXP3_eta05.eps>
(epstopdf)             \includegraphics on input line 873.
Package epstopdf Info: Output file is already uptodate.

<images/NEW_mean_tpt_EXP3_eta05-eps-converted-to.pdf, id=535, 501.875pt x 351.3
125pt>
File: images/NEW_mean_tpt_EXP3_eta05-eps-converted-to.pdf Graphic file (type pd
f)
 <use images/NEW_mean_tpt_EXP3_eta05-eps-converted-to.pdf>
Package pdftex.def Info: images/NEW_mean_tpt_EXP3_eta05-eps-converted-to.pdf us
ed on input line 873.
(pdftex.def)             Requested size: 140.92793pt x 98.65092pt.
Package epstopdf Info: Source file: <images/NEW_mean_tpt_EXP3_eta1.eps>
(epstopdf)                    date: 2017-10-22 19:33:02
(epstopdf)                    size: 15757 bytes
(epstopdf)             Output file: <images/NEW_mean_tpt_EXP3_eta1-eps-converte
d-to.pdf>
(epstopdf)                    date: 2017-10-31 10:10:30
(epstopdf)                    size: 7421 bytes
(epstopdf)             Command: <repstopdf --outfile=images/NEW_mean_tpt_EXP3_e
ta1-eps-converted-to.pdf images/NEW_mean_tpt_EXP3_eta1.eps>
(epstopdf)             \includegraphics on input line 879.
Package epstopdf Info: Output file is already uptodate.

<images/NEW_mean_tpt_EXP3_eta1-eps-converted-to.pdf, id=536, 501.875pt x 351.31
25pt>
File: images/NEW_mean_tpt_EXP3_eta1-eps-converted-to.pdf Graphic file (type pdf
)
 <use images/NEW_mean_tpt_EXP3_eta1-eps-converted-to.pdf>
Package pdftex.def Info: images/NEW_mean_tpt_EXP3_eta1-eps-converted-to.pdf use
d on input line 879.
(pdftex.def)             Requested size: 140.92793pt x 98.65092pt.
 [19 <./images/NEW_temporal_aggregate_tpt_EXP3_eta01-eps-converted-to.pdf> <./i
mages/NEW_temporal_aggregate_tpt_EXP3_eta05-eps-converted-to.pdf> <./images/NEW
_temporal_aggregate_tpt_EXP3_eta1-eps-converted-to.pdf> <./images/NEW_temporal_
individual_tpt_EXP3_eta01-eps-converted-to.pdf> <./images/NEW_temporal_individu
al_tpt_EXP3_eta05-eps-converted-to.pdf> <./images/NEW_temporal_individual_tpt_E
XP3_eta1-eps-converted-to.pdf>]
Package epstopdf Info: Source file: <images/NEW_actions_probability_UCB.eps>
(epstopdf)                    date: 2017-10-02 12:33:58
(epstopdf)                    size: 29484 bytes
(epstopdf)             Output file: <images/NEW_actions_probability_UCB-eps-con
verted-to.pdf>
(epstopdf)                    date: 2017-10-31 10:10:31
(epstopdf)                    size: 9138 bytes
(epstopdf)             Command: <repstopdf --outfile=images/NEW_actions_probabi
lity_UCB-eps-converted-to.pdf images/NEW_actions_probability_UCB.eps>
(epstopdf)             \includegraphics on input line 898.
Package epstopdf Info: Output file is already uptodate.

<images/NEW_actions_probability_UCB-eps-converted-to.pdf, id=583, 429.605pt x 3
22.20375pt>
File: images/NEW_actions_probability_UCB-eps-converted-to.pdf Graphic file (typ
e pdf)
 <use images/NEW_actions_probability_UCB-eps-converted-to.pdf>
Package pdftex.def Info: images/NEW_actions_probability_UCB-eps-converted-to.pd
f used on input line 898.
(pdftex.def)             Requested size: 184.9429pt x 138.70715pt.
Package epstopdf Info: Source file: <images/NEW_temporal_aggregate_tpt_UCB.eps>

(epstopdf)                    date: 2017-10-02 12:51:08
(epstopdf)                    size: 349870 bytes
(epstopdf)             Output file: <images/NEW_temporal_aggregate_tpt_UCB-eps-
converted-to.pdf>
(epstopdf)                    date: 2017-10-31 10:10:31
(epstopdf)                    size: 22910 bytes
(epstopdf)             Command: <repstopdf --outfile=images/NEW_temporal_aggreg
ate_tpt_UCB-eps-converted-to.pdf images/NEW_temporal_aggregate_tpt_UCB.eps>
(epstopdf)             \includegraphics on input line 911.
Package epstopdf Info: Output file is already uptodate.

<images/NEW_temporal_aggregate_tpt_UCB-eps-converted-to.pdf, id=587, 501.875pt 
x 351.3125pt>
File: images/NEW_temporal_aggregate_tpt_UCB-eps-converted-to.pdf Graphic file (
type pdf)
 <use images/NEW_temporal_aggregate_tpt_UCB-eps-converted-to.pdf>
Package pdftex.def Info: images/NEW_temporal_aggregate_tpt_UCB-eps-converted-to
.pdf used on input line 911.
(pdftex.def)             Requested size: 140.92793pt x 98.65092pt.
Package epstopdf Info: Source file: <images/NEW_temporal_individual_tpt_UCB.eps
>
(epstopdf)                    date: 2017-10-02 12:51:24
(epstopdf)                    size: 1385144 bytes
(epstopdf)             Output file: <images/NEW_temporal_individual_tpt_UCB-eps
-converted-to.pdf>
(epstopdf)                    date: 2017-10-31 10:10:32
(epstopdf)                    size: 47022 bytes
(epstopdf)             Command: <repstopdf --outfile=images/NEW_temporal_indivi
dual_tpt_UCB-eps-converted-to.pdf images/NEW_temporal_individual_tpt_UCB.eps>
(epstopdf)             \includegraphics on input line 916.
Package epstopdf Info: Output file is already uptodate.

<images/NEW_temporal_individual_tpt_UCB-eps-converted-to.pdf, id=588, 501.875pt
 x 351.3125pt>
File: images/NEW_temporal_individual_tpt_UCB-eps-converted-to.pdf Graphic file 
(type pdf)

<use images/NEW_temporal_individual_tpt_UCB-eps-converted-to.pdf>
Package pdftex.def Info: images/NEW_temporal_individual_tpt_UCB-eps-converted-t
o.pdf used on input line 916.
(pdftex.def)             Requested size: 140.92793pt x 98.65092pt.
Package epstopdf Info: Source file: <images/NEW_mean_tpt_UCB.eps>
(epstopdf)                    date: 2017-10-02 12:33:56
(epstopdf)                    size: 15372 bytes
(epstopdf)             Output file: <images/NEW_mean_tpt_UCB-eps-converted-to.p
df>
(epstopdf)                    date: 2017-10-31 10:10:33
(epstopdf)                    size: 7166 bytes
(epstopdf)             Command: <repstopdf --outfile=images/NEW_mean_tpt_UCB-ep
s-converted-to.pdf images/NEW_mean_tpt_UCB.eps>
(epstopdf)             \includegraphics on input line 921.
Package epstopdf Info: Output file is already uptodate.

<images/NEW_mean_tpt_UCB-eps-converted-to.pdf, id=589, 450.68375pt x 328.22626p
t>
File: images/NEW_mean_tpt_UCB-eps-converted-to.pdf Graphic file (type pdf)
 <use images/NEW_mean_tpt_UCB-eps-converted-to.pdf>
Package pdftex.def Info: images/NEW_mean_tpt_UCB-eps-converted-to.pdf used on i
nput line 921.
(pdftex.def)             Requested size: 140.92793pt x 102.63556pt.
 [20 <./images/NEW_mean_tpt_EXP3_eta01-eps-converted-to.pdf> <./images/NEW_mean
_tpt_EXP3_eta05-eps-converted-to.pdf> <./images/NEW_mean_tpt_EXP3_eta1-eps-conv
erted-to.pdf> <./images/NEW_actions_probability_UCB-eps-converted-to.pdf>]
Package epstopdf Info: Source file: <images/NEW_actions_probability_TS.eps>
(epstopdf)                    date: 2017-10-02 12:32:42
(epstopdf)                    size: 29483 bytes
(epstopdf)             Output file: <images/NEW_actions_probability_TS-eps-conv
erted-to.pdf>
(epstopdf)                    date: 2017-10-31 10:10:33
(epstopdf)                    size: 9117 bytes
(epstopdf)             Command: <repstopdf --outfile=images/NEW_actions_probabi
lity_TS-eps-converted-to.pdf images/NEW_actions_probability_TS.eps>
(epstopdf)             \includegraphics on input line 940.
Package epstopdf Info: Output file is already uptodate.

<images/NEW_actions_probability_TS-eps-converted-to.pdf, id=621, 429.605pt x 32
2.20375pt>
File: images/NEW_actions_probability_TS-eps-converted-to.pdf Graphic file (type
 pdf)
 <use images/NEW_actions_probability_TS-eps-converted-to.pdf>
Package pdftex.def Info: images/NEW_actions_probability_TS-eps-converted-to.pdf
 used on input line 940.
(pdftex.def)             Requested size: 184.9429pt x 138.70715pt.
Package epstopdf Info: Source file: <images/NEW_temporal_aggregate_tpt_TS.eps>
(epstopdf)                    date: 2017-10-02 12:51:46
(epstopdf)                    size: 311674 bytes
(epstopdf)             Output file: <images/NEW_temporal_aggregate_tpt_TS-eps-c
onverted-to.pdf>
(epstopdf)                    date: 2017-10-31 10:10:34
(epstopdf)                    size: 15933 bytes
(epstopdf)             Command: <repstopdf --outfile=images/NEW_temporal_aggreg
ate_tpt_TS-eps-converted-to.pdf images/NEW_temporal_aggregate_tpt_TS.eps>
(epstopdf)             \includegraphics on input line 951.
Package epstopdf Info: Output file is already uptodate.

<images/NEW_temporal_aggregate_tpt_TS-eps-converted-to.pdf, id=625, 501.875pt x
 351.3125pt>
File: images/NEW_temporal_aggregate_tpt_TS-eps-converted-to.pdf Graphic file (t
ype pdf)
 <use images/NEW_temporal_aggregate_tpt_TS-eps-converted-to.pdf>
Package pdftex.def Info: images/NEW_temporal_aggregate_tpt_TS-eps-converted-to.
pdf used on input line 951.
(pdftex.def)             Requested size: 140.92793pt x 98.65092pt.
Package epstopdf Info: Source file: <images/NEW_temporal_individual_tpt_TS.eps>

(epstopdf)                    date: 2017-10-02 12:51:59
(epstopdf)                    size: 1344716 bytes
(epstopdf)             Output file: <images/NEW_temporal_individual_tpt_TS-eps-
converted-to.pdf>
(epstopdf)                    date: 2017-10-31 10:10:35
(epstopdf)                    size: 29815 bytes
(epstopdf)             Command: <repstopdf --outfile=images/NEW_temporal_indivi
dual_tpt_TS-eps-converted-to.pdf images/NEW_temporal_individual_tpt_TS.eps>
(epstopdf)             \includegraphics on input line 956.
Package epstopdf Info: Output file is already uptodate.

<images/NEW_temporal_individual_tpt_TS-eps-converted-to.pdf, id=626, 501.875pt 
x 351.3125pt>
File: images/NEW_temporal_individual_tpt_TS-eps-converted-to.pdf Graphic file (
type pdf)
 <use images/NEW_temporal_individual_tpt_TS-eps-converted-to.pdf>
Package pdftex.def Info: images/NEW_temporal_individual_tpt_TS-eps-converted-to
.pdf used on input line 956.
(pdftex.def)             Requested size: 140.92793pt x 98.65092pt.
Package epstopdf Info: Source file: <images/NEW_mean_tpt_TS.eps>
(epstopdf)                    date: 2017-10-02 12:32:40
(epstopdf)                    size: 15886 bytes
(epstopdf)             Output file: <images/NEW_mean_tpt_TS-eps-converted-to.pd
f>
(epstopdf)                    date: 2017-10-31 10:10:36
(epstopdf)                    size: 7332 bytes
(epstopdf)             Command: <repstopdf --outfile=images/NEW_mean_tpt_TS-eps
-converted-to.pdf images/NEW_mean_tpt_TS.eps>
(epstopdf)             \includegraphics on input line 961.
Package epstopdf Info: Output file is already uptodate.

<images/NEW_mean_tpt_TS-eps-converted-to.pdf, id=627, 450.68375pt x 328.22626pt
>
File: images/NEW_mean_tpt_TS-eps-converted-to.pdf Graphic file (type pdf)
 <use images/NEW_mean_tpt_TS-eps-converted-to.pdf>
Package pdftex.def Info: images/NEW_mean_tpt_TS-eps-converted-to.pdf used on in
put line 961.
(pdftex.def)             Requested size: 140.92793pt x 102.63556pt.
 [21 <./images/NEW_temporal_aggregate_tpt_UCB-eps-converted-to.pdf> <./images/N
EW_temporal_individual_tpt_UCB-eps-converted-to.pdf> <./images/NEW_mean_tpt_UCB
-eps-converted-to.pdf> <./images/NEW_actions_probability_TS-eps-converted-to.pd
f>]
Package epstopdf Info: Source file: <images/hist_mean_tpt_2_WNs.eps>
(epstopdf)                    date: 2017-10-23 11:42:49
(epstopdf)                    size: 40654 bytes
(epstopdf)             Output file: <images/hist_mean_tpt_2_WNs-eps-converted-t
o.pdf>
(epstopdf)                    date: 2017-10-31 10:10:36
(epstopdf)                    size: 12639 bytes
(epstopdf)             Command: <repstopdf --outfile=images/hist_mean_tpt_2_WNs
-eps-converted-to.pdf images/hist_mean_tpt_2_WNs.eps>
(epstopdf)             \includegraphics on input line 982.
Package epstopdf Info: Output file is already uptodate.

<images/hist_mean_tpt_2_WNs-eps-converted-to.pdf, id=667, 429.605pt x 328.22626
pt>
File: images/hist_mean_tpt_2_WNs-eps-converted-to.pdf Graphic file (type pdf)
 <use images/hist_mean_tpt_2_WNs-eps-converted-to.pdf>
Package pdftex.def Info: images/hist_mean_tpt_2_WNs-eps-converted-to.pdf used o
n input line 982.
(pdftex.def)             Requested size: 164.41711pt x 125.61874pt.
Package epstopdf Info: Source file: <images/hist_mean_tpt_4_WNs.eps>
(epstopdf)                    date: 2017-10-23 11:42:50
(epstopdf)                    size: 37925 bytes
(epstopdf)             Output file: <images/hist_mean_tpt_4_WNs-eps-converted-t
o.pdf>
(epstopdf)                    date: 2017-10-31 10:10:37
(epstopdf)                    size: 12288 bytes
(epstopdf)             Command: <repstopdf --outfile=images/hist_mean_tpt_4_WNs
-eps-converted-to.pdf images/hist_mean_tpt_4_WNs.eps>
(epstopdf)             \includegraphics on input line 988.
Package epstopdf Info: Output file is already uptodate.

<images/hist_mean_tpt_4_WNs-eps-converted-to.pdf, id=668, 429.605pt x 328.22626
pt>
File: images/hist_mean_tpt_4_WNs-eps-converted-to.pdf Graphic file (type pdf)
 <use images/hist_mean_tpt_4_WNs-eps-converted-to.pdf>
Package pdftex.def Info: images/hist_mean_tpt_4_WNs-eps-converted-to.pdf used o
n input line 988.
(pdftex.def)             Requested size: 164.41711pt x 125.61874pt.
Package epstopdf Info: Source file: <images/hist_mean_tpt_6_WNs.eps>
(epstopdf)                    date: 2017-10-23 11:42:51
(epstopdf)                    size: 39358 bytes
(epstopdf)             Output file: <images/hist_mean_tpt_6_WNs-eps-converted-t
o.pdf>
(epstopdf)                    date: 2017-10-31 10:10:38
(epstopdf)                    size: 12615 bytes
(epstopdf)             Command: <repstopdf --outfile=images/hist_mean_tpt_6_WNs
-eps-converted-to.pdf images/hist_mean_tpt_6_WNs.eps>
(epstopdf)             \includegraphics on input line 994.
Package epstopdf Info: Output file is already uptodate.

<images/hist_mean_tpt_6_WNs-eps-converted-to.pdf, id=669, 429.605pt x 328.22626
pt>
File: images/hist_mean_tpt_6_WNs-eps-converted-to.pdf Graphic file (type pdf)
 <use images/hist_mean_tpt_6_WNs-eps-converted-to.pdf>
Package pdftex.def Info: images/hist_mean_tpt_6_WNs-eps-converted-to.pdf used o
n input line 994.
(pdftex.def)             Requested size: 164.41711pt x 125.61874pt.
Package epstopdf Info: Source file: <images/hist_mean_tpt_8_WNs.eps>
(epstopdf)                    date: 2017-10-23 11:42:52
(epstopdf)                    size: 40888 bytes
(epstopdf)             Output file: <images/hist_mean_tpt_8_WNs-eps-converted-t
o.pdf>
(epstopdf)                    date: 2017-10-31 10:10:38
(epstopdf)                    size: 12642 bytes
(epstopdf)             Command: <repstopdf --outfile=images/hist_mean_tpt_8_WNs
-eps-converted-to.pdf images/hist_mean_tpt_8_WNs.eps>
(epstopdf)             \includegraphics on input line 1000.
Package epstopdf Info: Output file is already uptodate.

<images/hist_mean_tpt_8_WNs-eps-converted-to.pdf, id=670, 436.63126pt x 328.226
26pt>
File: images/hist_mean_tpt_8_WNs-eps-converted-to.pdf Graphic file (type pdf)
 <use images/hist_mean_tpt_8_WNs-eps-converted-to.pdf>
Package pdftex.def Info: images/hist_mean_tpt_8_WNs-eps-converted-to.pdf used o
n input line 1000.
(pdftex.def)             Requested size: 164.41711pt x 123.59538pt.
 [22 <./images/NEW_temporal_aggregate_tpt_TS-eps-converted-to.pdf> <./images/NE
W_temporal_individual_tpt_TS-eps-converted-to.pdf> <./images/NEW_mean_tpt_TS-ep
s-converted-to.pdf>] [23 <./images/hist_mean_tpt_2_WNs-eps-converted-to.pdf> <.
/images/hist_mean_tpt_4_WNs-eps-converted-to.pdf> <./images/hist_mean_tpt_6_WNs
-eps-converted-to.pdf> <./images/hist_mean_tpt_8_WNs-eps-converted-to.pdf>] [24
]
Overfull \hbox (14.23598pt too wide) in paragraph at lines 1047--1048
\OT1/cmr/m/n/12 the Eu-ro-pean Re-gional De-vel-op-ment Fund un-der grant TEC20
15-71303-R (MINECO/FEDER),
 []

[25] (./collaborative_spatial_reuse_via_mabs.bbl
Underfull \hbox (badness 1082) in paragraph at lines 70--75
\OT1/cmr/m/it/12 Telecom-mu-ni-ca-tions Con-fer-ence, 2007. GLOBE-COM'07. IEEE\
OT1/cmr/m/n/12 , pages 4790--4795.
 []

[26] [27] [28])
Package atveryend Info: Empty hook `BeforeClearDocument' on input line 1056.
 [29]
Package atveryend Info: Empty hook `AfterLastShipout' on input line 1056.
 (./collaborative_spatial_reuse_via_mabs.aux)
Package atveryend Info: Executing hook `AtVeryEndDocument' on input line 1056.
Package atveryend Info: Executing hook `AtEndAfterFileList' on input line 1056.

Package rerunfilecheck Info: File `collaborative_spatial_reuse_via_mabs.out' ha
s not changed.
(rerunfilecheck)             Checksum: E2810478598E094B35D33FE39DD943CB;1457.
 )
(\end occurred inside a group at level 1)

### simple group (level 1) entered at line 1061 ({)
### bottom level 
Here is how much of TeX's memory you used:
 21960 strings out of 493014
 410181 string characters out of 6133351
 470194 words of memory out of 5000000
 24968 multiletter control sequences out of 15000+600000
 18229 words of font info for 71 fonts, out of 8000000 for 9000
 1141 hyphenation exceptions out of 8191
 53i,23n,92p,10406b,6384s stack positions out of 5000i,500n,10000p,200000b,80000s
{/usr/local/texlive/2016/texmf-dist/fonts/enc/dvips/cm-super/cm
-super-ts1.enc}</usr/local/texlive/2016/texmf-dist/fonts/type1/public/amsfonts/
cm/cmbx12.pfb></usr/local/texlive/2016/texmf-dist/fonts/type1/public/amsfonts/c
m/cmbx8.pfb></usr/local/texlive/2016/texmf-dist/fonts/type1/public/amsfonts/cm/
cmex10.pfb></usr/local/texlive/2016/texmf-dist/fonts/type1/public/amsfonts/cmex
tra/cmex7.pfb></usr/local/texlive/2016/texmf-dist/fonts/type1/public/amsfonts/c
mextra/cmex8.pfb></usr/local/texlive/2016/texmf-dist/fonts/type1/public/amsfont
s/cm/cmmi10.pfb></usr/local/texlive/2016/texmf-dist/fonts/type1/public/amsfonts
/cm/cmmi12.pfb></usr/local/texlive/2016/texmf-dist/fonts/type1/public/amsfonts/
cm/cmmi5.pfb></usr/local/texlive/2016/texmf-dist/fonts/type1/public/amsfonts/cm
/cmmi6.pfb></usr/local/texlive/2016/texmf-dist/fonts/type1/public/amsfonts/cm/c
mmi7.pfb></usr/local/texlive/2016/texmf-dist/fonts/type1/public/amsfonts/cm/cmm
i8.pfb></usr/local/texlive/2016/texmf-dist/fonts/type1/public/amsfonts/cm/cmr10
.pfb></usr/local/texlive/2016/texmf-dist/fonts/type1/public/amsfonts/cm/cmr12.p
fb></usr/local/texlive/2016/texmf-dist/fonts/type1/public/amsfonts/cm/cmr17.pfb
></usr/local/texlive/2016/texmf-dist/fonts/type1/public/amsfonts/cm/cmr6.pfb></
usr/local/texlive/2016/texmf-dist/fonts/type1/public/amsfonts/cm/cmr7.pfb></usr
/local/texlive/2016/texmf-dist/fonts/type1/public/amsfonts/cm/cmr8.pfb></usr/lo
cal/texlive/2016/texmf-dist/fonts/type1/public/amsfonts/cm/cmsy10.pfb></usr/loc
al/texlive/2016/texmf-dist/fonts/type1/public/amsfonts/cm/cmsy6.pfb></usr/local
/texlive/2016/texmf-dist/fonts/type1/public/amsfonts/cm/cmsy7.pfb></usr/local/t
exlive/2016/texmf-dist/fonts/type1/public/amsfonts/cm/cmsy8.pfb></usr/local/tex
live/2016/texmf-dist/fonts/type1/public/amsfonts/cm/cmti10.pfb></usr/local/texl
ive/2016/texmf-dist/fonts/type1/public/amsfonts/cm/cmti12.pfb></usr/local/texli
ve/2016/texmf-dist/fonts/type1/public/amsfonts/cm/cmti7.pfb></usr/local/texlive
/2016/texmf-dist/fonts/type1/public/amsfonts/cm/cmtt10.pfb></usr/local/texlive/
2016/texmf-dist/fonts/type1/public/amsfonts/cm/cmtt12.pfb></usr/local/texlive/2
016/texmf-dist/fonts/type1/public/amsfonts/symbols/msbm10.pfb></usr/local/texli
ve/2016/texmf-dist/fonts/type1/public/cm-super/sfrm1200.pfb>
Output written on collaborative_spatial_reuse_via_mabs.pdf (29 pages, 1176432 b
ytes).
PDF statistics:
 892 PDF objects out of 1000 (max. 8388607)
 727 compressed objects within 8 object streams
 172 named destinations out of 1000 (max. 500000)
 364 words of extra memory for PDF output out of 10000 (max. 10000000)

