This is pdfTeX, Version 3.14159265-2.6-1.40.17 (TeX Live 2016) (preloaded format=pdflatex 2016.12.1)  23 MAY 2018 12:39
entering extended mode
 restricted \write18 enabled.
 %&-line parsing enabled.
**collaborative_spatial_reuse_in_wireless_networks_via_selfish_mabs.tex
(./collaborative_spatial_reuse_in_wireless_networks_via_selfish_mabs.tex
LaTeX2e <2016/03/31>
Babel <3.9r> and hyphenation patterns for 83 language(s) loaded.
(./IEEEtran.cls
Document Class: IEEEtran 2015/08/26 V1.8b by Michael Shell
-- See the "IEEEtran_HOWTO" manual for usage information.
-- http://www.michaelshell.org/tex/ieeetran/
\@IEEEtrantmpdimenA=\dimen102
\@IEEEtrantmpdimenB=\dimen103
\@IEEEtrantmpdimenC=\dimen104
\@IEEEtrantmpcountA=\count79
\@IEEEtrantmpcountB=\count80
\@IEEEtrantmpcountC=\count81
\@IEEEtrantmptoksA=\toks14
LaTeX Font Info:    Try loading font information for OT1+ppl on input line 503.

(/usr/local/texlive/2016/texmf-dist/tex/latex/psnfss/ot1ppl.fd
File: ot1ppl.fd 2001/06/04 font definitions for OT1/ppl.
)
-- Using IEEE Computer Society mode.
-- Using 8.5in x 11in (letter) paper.
-- Using PDF output.
\@IEEEnormalsizeunitybaselineskip=\dimen105
-- This is a 10 point document.
\CLASSINFOnormalsizebaselineskip=\dimen106
\CLASSINFOnormalsizeunitybaselineskip=\dimen107
\IEEEnormaljot=\dimen108
LaTeX Font Info:    Font shape `OT1/ppl/bx/n' in size <5.01874> not available
(Font)              Font shape `OT1/ppl/b/n' tried instead on input line 1090.
LaTeX Font Info:    Font shape `OT1/ppl/bx/it' in size <5.01874> not available
(Font)              Font shape `OT1/ppl/b/it' tried instead on input line 1090.

LaTeX Font Info:    Font shape `OT1/ppl/bx/n' in size <7.02625> not available
(Font)              Font shape `OT1/ppl/b/n' tried instead on input line 1090.
LaTeX Font Info:    Font shape `OT1/ppl/bx/it' in size <7.02625> not available
(Font)              Font shape `OT1/ppl/b/it' tried instead on input line 1090.

LaTeX Font Info:    Font shape `OT1/ppl/bx/n' in size <8.03> not available
(Font)              Font shape `OT1/ppl/b/n' tried instead on input line 1090.
LaTeX Font Info:    Font shape `OT1/ppl/bx/it' in size <8.03> not available
(Font)              Font shape `OT1/ppl/b/it' tried instead on input line 1090.

LaTeX Font Info:    Font shape `OT1/ppl/bx/n' in size <9.03374> not available
(Font)              Font shape `OT1/ppl/b/n' tried instead on input line 1090.
LaTeX Font Info:    Font shape `OT1/ppl/bx/it' in size <9.03374> not available
(Font)              Font shape `OT1/ppl/b/it' tried instead on input line 1090.

LaTeX Font Info:    Font shape `OT1/ppl/bx/n' in size <9.53561> not available
(Font)              Font shape `OT1/ppl/b/n' tried instead on input line 1090.
LaTeX Font Info:    Font shape `OT1/ppl/bx/it' in size <9.53561> not available
(Font)              Font shape `OT1/ppl/b/it' tried instead on input line 1090.

LaTeX Font Info:    Font shape `OT1/ppl/bx/n' in size <11.04124> not available
(Font)              Font shape `OT1/ppl/b/n' tried instead on input line 1090.
LaTeX Font Info:    Font shape `OT1/ppl/bx/it' in size <11.04124> not available

(Font)              Font shape `OT1/ppl/b/it' tried instead on input line 1090.

LaTeX Font Info:    Font shape `OT1/ppl/bx/n' in size <12.045> not available
(Font)              Font shape `OT1/ppl/b/n' tried instead on input line 1090.
LaTeX Font Info:    Font shape `OT1/ppl/bx/it' in size <12.045> not available
(Font)              Font shape `OT1/ppl/b/it' tried instead on input line 1090.

LaTeX Font Info:    Font shape `OT1/ppl/bx/n' in size <17.06374> not available
(Font)              Font shape `OT1/ppl/b/n' tried instead on input line 1090.
LaTeX Font Info:    Font shape `OT1/ppl/bx/it' in size <17.06374> not available

(Font)              Font shape `OT1/ppl/b/it' tried instead on input line 1090.

LaTeX Font Info:    Font shape `OT1/ppl/bx/n' in size <20.075> not available
(Font)              Font shape `OT1/ppl/b/n' tried instead on input line 1090.
LaTeX Font Info:    Font shape `OT1/ppl/bx/it' in size <20.075> not available
(Font)              Font shape `OT1/ppl/b/it' tried instead on input line 1090.

LaTeX Font Info:    Font shape `OT1/ppl/bx/n' in size <24.09> not available
(Font)              Font shape `OT1/ppl/b/n' tried instead on input line 1090.
LaTeX Font Info:    Font shape `OT1/ppl/bx/it' in size <24.09> not available
(Font)              Font shape `OT1/ppl/b/it' tried instead on input line 1090.

\IEEEquantizedlength=\dimen109
\IEEEquantizedlengthdiff=\dimen110
\IEEEquantizedtextheightdiff=\dimen111
\IEEEilabelindentA=\dimen112
\IEEEilabelindentB=\dimen113
\IEEEilabelindent=\dimen114
\IEEEelabelindent=\dimen115
\IEEEdlabelindent=\dimen116
\IEEElabelindent=\dimen117
\IEEEiednormlabelsep=\dimen118
\IEEEiedmathlabelsep=\dimen119
\IEEEiedtopsep=\skip41
\c@section=\count82
\c@subsection=\count83
\c@subsubsection=\count84
\c@paragraph=\count85
\c@IEEEsubequation=\count86
\abovecaptionskip=\skip42
\belowcaptionskip=\skip43
\c@figure=\count87
\c@table=\count88
\@IEEEeqnnumcols=\count89
\@IEEEeqncolcnt=\count90
\@IEEEsubeqnnumrollback=\count91
\@IEEEquantizeheightA=\dimen120
\@IEEEquantizeheightB=\dimen121
\@IEEEquantizeheightC=\dimen122
\@IEEEquantizeprevdepth=\dimen123
\@IEEEquantizemultiple=\count92
\@IEEEquantizeboxA=\box26
\@IEEEtmpitemindent=\dimen124
\IEEEPARstartletwidth=\dimen125
\c@IEEEbiography=\count93
\@IEEEtranrubishbin=\box27
) (/usr/local/texlive/2016/texmf-dist/tex/latex/cite/cite.sty
LaTeX Info: Redefining \cite on input line 302.
LaTeX Info: Redefining \nocite on input line 332.
Package: cite 2015/02/27  v 5.5
)
(/usr/local/texlive/2016/texmf-dist/tex/latex/xcolor/xcolor.sty
Package: xcolor 2016/05/11 v2.12 LaTeX color extensions (UK)

(/usr/local/texlive/2016/texmf-dist/tex/latex/graphics-cfg/color.cfg
File: color.cfg 2016/01/02 v1.6 sample color configuration
)
Package xcolor Info: Driver file: pdftex.def on input line 225.

(/usr/local/texlive/2016/texmf-dist/tex/latex/pdftex-def/pdftex.def
File: pdftex.def 2011/05/27 v0.06d Graphics/color for pdfTeX

(/usr/local/texlive/2016/texmf-dist/tex/generic/oberdiek/infwarerr.sty
Package: infwarerr 2016/05/16 v1.4 Providing info/warning/error messages (HO)
)
(/usr/local/texlive/2016/texmf-dist/tex/generic/oberdiek/ltxcmds.sty
Package: ltxcmds 2016/05/16 v1.23 LaTeX kernel commands for general use (HO)
)
\Gread@gobject=\count94
)
(/usr/local/texlive/2016/texmf-dist/tex/latex/colortbl/colortbl.sty
Package: colortbl 2012/02/13 v1.0a Color table columns (DPC)

(/usr/local/texlive/2016/texmf-dist/tex/latex/tools/array.sty
Package: array 2014/10/28 v2.4c Tabular extension package (FMi)
\col@sep=\dimen126
\extrarowheight=\dimen127
\NC@list=\toks15
\extratabsurround=\skip44
\backup@length=\skip45
)
\everycr=\toks16
\minrowclearance=\skip46
)
\rownum=\count95
Package xcolor Info: Model `cmy' substituted by `cmy0' on input line 1348.
Package xcolor Info: Model `hsb' substituted by `rgb' on input line 1352.
Package xcolor Info: Model `RGB' extended on input line 1364.
Package xcolor Info: Model `HTML' substituted by `rgb' on input line 1366.
Package xcolor Info: Model `Hsb' substituted by `hsb' on input line 1367.
Package xcolor Info: Model `tHsb' substituted by `hsb' on input line 1368.
Package xcolor Info: Model `HSB' substituted by `hsb' on input line 1369.
Package xcolor Info: Model `Gray' substituted by `gray' on input line 1370.
Package xcolor Info: Model `wave' substituted by `hsb' on input line 1371.
)
(/usr/local/texlive/2016/texmf-dist/tex/latex/amsmath/amsmath.sty
Package: amsmath 2016/03/10 v2.15b AMS math features
\@mathmargin=\skip47

For additional information on amsmath, use the `?' option.
(/usr/local/texlive/2016/texmf-dist/tex/latex/amsmath/amstext.sty
Package: amstext 2000/06/29 v2.01 AMS text

(/usr/local/texlive/2016/texmf-dist/tex/latex/amsmath/amsgen.sty
File: amsgen.sty 1999/11/30 v2.0 generic functions
\@emptytoks=\toks17
\ex@=\dimen128
))
(/usr/local/texlive/2016/texmf-dist/tex/latex/amsmath/amsbsy.sty
Package: amsbsy 1999/11/29 v1.2d Bold Symbols
\pmbraise@=\dimen129
)
(/usr/local/texlive/2016/texmf-dist/tex/latex/amsmath/amsopn.sty
Package: amsopn 2016/03/08 v2.02 operator names
)
\inf@bad=\count96
LaTeX Info: Redefining \frac on input line 199.
\uproot@=\count97
\leftroot@=\count98
LaTeX Info: Redefining \overline on input line 297.
\classnum@=\count99
\DOTSCASE@=\count100
LaTeX Info: Redefining \ldots on input line 394.
LaTeX Info: Redefining \dots on input line 397.
LaTeX Info: Redefining \cdots on input line 518.
\Mathstrutbox@=\box28
\strutbox@=\box29
\big@size=\dimen130
LaTeX Font Info:    Redeclaring font encoding OML on input line 634.
LaTeX Font Info:    Redeclaring font encoding OMS on input line 635.
\macc@depth=\count101
\c@MaxMatrixCols=\count102
\dotsspace@=\muskip10
\c@parentequation=\count103
\dspbrk@lvl=\count104
\tag@help=\toks18
\row@=\count105
\column@=\count106
\maxfields@=\count107
\andhelp@=\toks19
\eqnshift@=\dimen131
\alignsep@=\dimen132
\tagshift@=\dimen133
\tagwidth@=\dimen134
\totwidth@=\dimen135
\lineht@=\dimen136
\@envbody=\toks20
\multlinegap=\skip48
\multlinetaggap=\skip49
\mathdisplay@stack=\toks21
LaTeX Info: Redefining \[ on input line 2739.
LaTeX Info: Redefining \] on input line 2740.
)
(/usr/local/texlive/2016/texmf-dist/tex/latex/mathtools/mathtools.sty
Package: mathtools 2015/11/12 v1.18 mathematical typesetting tools

(/usr/local/texlive/2016/texmf-dist/tex/latex/graphics/keyval.sty
Package: keyval 2014/10/28 v1.15 key=value parser (DPC)
\KV@toks@=\toks22
)
(/usr/local/texlive/2016/texmf-dist/tex/latex/tools/calc.sty
Package: calc 2014/10/28 v4.3 Infix arithmetic (KKT,FJ)
\calc@Acount=\count108
\calc@Bcount=\count109
\calc@Adimen=\dimen137
\calc@Bdimen=\dimen138
\calc@Askip=\skip50
\calc@Bskip=\skip51
LaTeX Info: Redefining \setlength on input line 80.
LaTeX Info: Redefining \addtolength on input line 81.
\calc@Ccount=\count110
\calc@Cskip=\skip52
)
(/usr/local/texlive/2016/texmf-dist/tex/latex/mathtools/mhsetup.sty
Package: mhsetup 2010/01/21 v1.2a programming setup (MH)
)
LaTeX Info: Thecontrolsequence`\('isalreadyrobust on input line 129.
LaTeX Info: Thecontrolsequence`\)'isalreadyrobust on input line 129.
LaTeX Info: Thecontrolsequence`\['isalreadyrobust on input line 129.
LaTeX Info: Thecontrolsequence`\]'isalreadyrobust on input line 129.
\g_MT_multlinerow_int=\count111
\l_MT_multwidth_dim=\dimen139
\origjot=\skip53
\l_MT_shortvdotswithinadjustabove_dim=\dimen140
\l_MT_shortvdotswithinadjustbelow_dim=\dimen141
\l_MT_above_intertext_sep=\dimen142
\l_MT_below_intertext_sep=\dimen143
\l_MT_above_shortintertext_sep=\dimen144
\l_MT_below_shortintertext_sep=\dimen145
)
(/usr/local/texlive/2016/texmf-dist/tex/latex/multirow/multirow.sty
\bigstrutjot=\dimen146
)
(/usr/local/texlive/2016/texmf-dist/tex/generic/genmisc/nth.sty
Package: nth 2002/02/27
)
(/usr/local/texlive/2016/texmf-dist/tex/latex/comment/comment.sty
\CommentStream=\write3

Excluding comment 'comment')
(/usr/local/texlive/2016/texmf-dist/tex/latex/setspace/setspace.sty
Package: setspace 2011/12/19 v6.7a set line spacing
)
(/usr/local/texlive/2016/texmf-dist/tex/latex/base/textcomp.sty
Package: textcomp 2005/09/27 v1.99g Standard LaTeX package
Package textcomp Info: Sub-encoding information:
(textcomp)               5 = only ISO-Adobe without \textcurrency
(textcomp)               4 = 5 + \texteuro
(textcomp)               3 = 4 + \textohm
(textcomp)               2 = 3 + \textestimated + \textcurrency
(textcomp)               1 = TS1 - \textcircled - \t
(textcomp)               0 = TS1 (full)
(textcomp)             Font families with sub-encoding setting implement
(textcomp)             only a restricted character set as indicated.
(textcomp)             Family '?' is the default used for unknown fonts.
(textcomp)             See the documentation for details.
Package textcomp Info: Setting ? sub-encoding to TS1/1 on input line 79.

(/usr/local/texlive/2016/texmf-dist/tex/latex/base/ts1enc.def
File: ts1enc.def 2001/06/05 v3.0e (jk/car/fm) Standard LaTeX file
)
LaTeX Info: Redefining \oldstylenums on input line 334.
Package textcomp Info: Setting cmr sub-encoding to TS1/0 on input line 349.
Package textcomp Info: Setting cmss sub-encoding to TS1/0 on input line 350.
Package textcomp Info: Setting cmtt sub-encoding to TS1/0 on input line 351.
Package textcomp Info: Setting cmvtt sub-encoding to TS1/0 on input line 352.
Package textcomp Info: Setting cmbr sub-encoding to TS1/0 on input line 353.
Package textcomp Info: Setting cmtl sub-encoding to TS1/0 on input line 354.
Package textcomp Info: Setting ccr sub-encoding to TS1/0 on input line 355.
Package textcomp Info: Setting ptm sub-encoding to TS1/4 on input line 356.
Package textcomp Info: Setting pcr sub-encoding to TS1/4 on input line 357.
Package textcomp Info: Setting phv sub-encoding to TS1/4 on input line 358.
Package textcomp Info: Setting ppl sub-encoding to TS1/3 on input line 359.
Package textcomp Info: Setting pag sub-encoding to TS1/4 on input line 360.
Package textcomp Info: Setting pbk sub-encoding to TS1/4 on input line 361.
Package textcomp Info: Setting pnc sub-encoding to TS1/4 on input line 362.
Package textcomp Info: Setting pzc sub-encoding to TS1/4 on input line 363.
Package textcomp Info: Setting bch sub-encoding to TS1/4 on input line 364.
Package textcomp Info: Setting put sub-encoding to TS1/5 on input line 365.
Package textcomp Info: Setting uag sub-encoding to TS1/5 on input line 366.
Package textcomp Info: Setting ugq sub-encoding to TS1/5 on input line 367.
Package textcomp Info: Setting ul8 sub-encoding to TS1/4 on input line 368.
Package textcomp Info: Setting ul9 sub-encoding to TS1/4 on input line 369.
Package textcomp Info: Setting augie sub-encoding to TS1/5 on input line 370.
Package textcomp Info: Setting dayrom sub-encoding to TS1/3 on input line 371.
Package textcomp Info: Setting dayroms sub-encoding to TS1/3 on input line 372.

Package textcomp Info: Setting pxr sub-encoding to TS1/0 on input line 373.
Package textcomp Info: Setting pxss sub-encoding to TS1/0 on input line 374.
Package textcomp Info: Setting pxtt sub-encoding to TS1/0 on input line 375.
Package textcomp Info: Setting txr sub-encoding to TS1/0 on input line 376.
Package textcomp Info: Setting txss sub-encoding to TS1/0 on input line 377.
Package textcomp Info: Setting txtt sub-encoding to TS1/0 on input line 378.
Package textcomp Info: Setting lmr sub-encoding to TS1/0 on input line 379.
Package textcomp Info: Setting lmdh sub-encoding to TS1/0 on input line 380.
Package textcomp Info: Setting lmss sub-encoding to TS1/0 on input line 381.
Package textcomp Info: Setting lmssq sub-encoding to TS1/0 on input line 382.
Package textcomp Info: Setting lmvtt sub-encoding to TS1/0 on input line 383.
Package textcomp Info: Setting lmtt sub-encoding to TS1/0 on input line 384.
Package textcomp Info: Setting qhv sub-encoding to TS1/0 on input line 385.
Package textcomp Info: Setting qag sub-encoding to TS1/0 on input line 386.
Package textcomp Info: Setting qbk sub-encoding to TS1/0 on input line 387.
Package textcomp Info: Setting qcr sub-encoding to TS1/0 on input line 388.
Package textcomp Info: Setting qcs sub-encoding to TS1/0 on input line 389.
Package textcomp Info: Setting qpl sub-encoding to TS1/0 on input line 390.
Package textcomp Info: Setting qtm sub-encoding to TS1/0 on input line 391.
Package textcomp Info: Setting qzc sub-encoding to TS1/0 on input line 392.
Package textcomp Info: Setting qhvc sub-encoding to TS1/0 on input line 393.
Package textcomp Info: Setting futs sub-encoding to TS1/4 on input line 394.
Package textcomp Info: Setting futx sub-encoding to TS1/4 on input line 395.
Package textcomp Info: Setting futj sub-encoding to TS1/4 on input line 396.
Package textcomp Info: Setting hlh sub-encoding to TS1/3 on input line 397.
Package textcomp Info: Setting hls sub-encoding to TS1/3 on input line 398.
Package textcomp Info: Setting hlst sub-encoding to TS1/3 on input line 399.
Package textcomp Info: Setting hlct sub-encoding to TS1/5 on input line 400.
Package textcomp Info: Setting hlx sub-encoding to TS1/5 on input line 401.
Package textcomp Info: Setting hlce sub-encoding to TS1/5 on input line 402.
Package textcomp Info: Setting hlcn sub-encoding to TS1/5 on input line 403.
Package textcomp Info: Setting hlcw sub-encoding to TS1/5 on input line 404.
Package textcomp Info: Setting hlcf sub-encoding to TS1/5 on input line 405.
Package textcomp Info: Setting pplx sub-encoding to TS1/3 on input line 406.
Package textcomp Info: Setting pplj sub-encoding to TS1/3 on input line 407.
Package textcomp Info: Setting ptmx sub-encoding to TS1/4 on input line 408.
Package textcomp Info: Setting ptmj sub-encoding to TS1/4 on input line 409.
)
(/usr/local/texlive/2016/texmf-dist/tex/latex/tools/xspace.sty
Package: xspace 2014/10/28 v1.13 Space after command names (DPC,MH)
)
(/usr/local/texlive/2016/texmf-dist/tex/latex/siunitx/siunitx.sty
(/usr/local/texlive/2016/texmf-dist/tex/latex/l3kernel/expl3.sty
Package: expl3 2016/05/18 v6512 L3 programming layer (loader) 

(/usr/local/texlive/2016/texmf-dist/tex/latex/l3kernel/expl3-code.tex
Package: expl3 2016/05/18 v6512 L3 programming layer (code)
L3 Module: l3bootstrap 2016/02/12 v6412 L3 Bootstrap code
L3 Module: l3names 2016/03/11 v6433 L3 Namespace for primitives
L3 Module: l3basics 2015/11/22 v6315 L3 Basic definitions
L3 Module: l3expan 2015/09/10 v5983 L3 Argument expansion
L3 Module: l3tl 2016/03/26 v6465 L3 Token lists
L3 Module: l3str 2016/03/24 v6441 L3 Strings
L3 Module: l3seq 2015/08/05 v5777 L3 Sequences and stacks
L3 Module: l3int 2016/03/24 v6441 L3 Integers
\c_max_int=\count112
\l_tmpa_int=\count113
\l_tmpb_int=\count114
\g_tmpa_int=\count115
\g_tmpb_int=\count116
L3 Module: l3quark 2015/08/17 v5855 L3 Quarks
L3 Module: l3prg 2015/11/01 v6216 L3 Control structures
\g__prg_map_int=\count117
L3 Module: l3clist 2015/09/02 v5901 L3 Comma separated lists
L3 Module: l3token 2016/04/03 v6470 L3 Experimental token manipulation
L3 Module: l3prop 2016/01/05 v6366 L3 Property lists
L3 Module: l3msg 2016/03/26 v6464 L3 Messages
L3 Module: l3file 2016/03/25 v6458 L3 File and I/O operations
\l_iow_line_count_int=\count118
\l__iow_target_count_int=\count119
\l__iow_current_line_int=\count120
\l__iow_current_word_int=\count121
\l__iow_current_indentation_int=\count122
L3 Module: l3skip 2016/01/05 v6366 L3 Dimensions and skips
\c_zero_dim=\dimen147
\c_max_dim=\dimen148
\l_tmpa_dim=\dimen149
\l_tmpb_dim=\dimen150
\g_tmpa_dim=\dimen151
\g_tmpb_dim=\dimen152
\c_zero_skip=\skip54
\c_max_skip=\skip55
\l_tmpa_skip=\skip56
\l_tmpb_skip=\skip57
\g_tmpa_skip=\skip58
\g_tmpb_skip=\skip59
\c_zero_muskip=\muskip11
\c_max_muskip=\muskip12
\l_tmpa_muskip=\muskip13
\l_tmpb_muskip=\muskip14
\g_tmpa_muskip=\muskip15
\g_tmpb_muskip=\muskip16
L3 Module: l3keys 2015/11/17 v6284 L3 Key-value interfaces
\g__keyval_level_int=\count123
\l_keys_choice_int=\count124
L3 Module: l3fp 2016/03/26 v6465 L3 Floating points
\c__fp_leading_shift_int=\count125
\c__fp_middle_shift_int=\count126
\c__fp_trailing_shift_int=\count127
\c__fp_big_leading_shift_int=\count128
\c__fp_big_middle_shift_int=\count129
\c__fp_big_trailing_shift_int=\count130
\c__fp_Bigg_leading_shift_int=\count131
\c__fp_Bigg_middle_shift_int=\count132
\c__fp_Bigg_trailing_shift_int=\count133
L3 Module: l3box 2015/08/09 v5822 L3 Experimental boxes
\c_empty_box=\box30
\l_tmpa_box=\box31
\l_tmpb_box=\box32
\g_tmpa_box=\box33
\g_tmpb_box=\box34
L3 Module: l3coffins 2016/05/17 v6508 L3 Coffin code layer
\l__coffin_internal_box=\box35
\l__coffin_internal_dim=\dimen153
\l__coffin_offset_x_dim=\dimen154
\l__coffin_offset_y_dim=\dimen155
\l__coffin_x_dim=\dimen156
\l__coffin_y_dim=\dimen157
\l__coffin_x_prime_dim=\dimen158
\l__coffin_y_prime_dim=\dimen159
\c_empty_coffin=\box36
\l__coffin_aligned_coffin=\box37
\l__coffin_aligned_internal_coffin=\box38
\l_tmpa_coffin=\box39
\l_tmpb_coffin=\box40
\l__coffin_display_coffin=\box41
\l__coffin_display_coord_coffin=\box42
\l__coffin_display_pole_coffin=\box43
\l__coffin_display_offset_dim=\dimen160
\l__coffin_display_x_dim=\dimen161
\l__coffin_display_y_dim=\dimen162
L3 Module: l3color 2014/08/23 v5354 L3 Experimental color support
L3 Module: l3sys 2015/09/25 v6087 L3 Experimental system/runtime functions
L3 Module: l3candidates 2016/05/13 v6484 L3 Experimental additions to l3kernel
\l__box_top_dim=\dimen163
\l__box_bottom_dim=\dimen164
\l__box_left_dim=\dimen165
\l__box_right_dim=\dimen166
\l__box_top_new_dim=\dimen167
\l__box_bottom_new_dim=\dimen168
\l__box_left_new_dim=\dimen169
\l__box_right_new_dim=\dimen170
\l__box_internal_box=\box44
\l__coffin_bounding_shift_dim=\dimen171
\l__coffin_left_corner_dim=\dimen172
\l__coffin_right_corner_dim=\dimen173
\l__coffin_bottom_corner_dim=\dimen174
\l__coffin_top_corner_dim=\dimen175
\l__coffin_scaled_total_height_dim=\dimen176
\l__coffin_scaled_width_dim=\dimen177
L3 Module: l3luatex 2016/03/26 v6465 L3 Experimental LuaTeX-specific functions
)
(/usr/local/texlive/2016/texmf-dist/tex/latex/l3kernel/l3pdfmode.def
File: l3pdfmode.def 2016/03/26 v6465 L3 Experimental driver: PDF mode
\l__driver_color_stack_int=\count134
\l__driver_tmp_box=\box45
))
(/usr/local/texlive/2016/texmf-dist/tex/latex/l3packages/xparse/xparse.sty
Package: xparse 2016/05/18 v6512 L3 Experimental document command parser
\l__xparse_current_arg_int=\count135
\l__xparse_m_args_int=\count136
\l__xparse_mandatory_args_int=\count137
\l__xparse_processor_int=\count138
\l__xparse_v_nesting_int=\count139
)
Package: siunitx 2016/03/01 v2.6q A comprehensive (SI) units package

(/usr/local/texlive/2016/texmf-dist/tex/latex/l3packages/l3keys2e/l3keys2e.sty
Package: l3keys2e 2016/05/18 v6512 LaTeX2e option processing using LaTeX3 keys
)
\l__siunitx_tmp_box=\box46
\l__siunitx_tmp_dim=\dimen178
\l__siunitx_tmp_int=\count140
\l__siunitx_number_mantissa_length_int=\count141
\l__siunitx_number_uncert_length_int=\count142
\l__siunitx_round_int=\count143
\l__siunitx_process_decimal_int=\count144
\l__siunitx_process_uncertainty_int=\count145
\l__siunitx_process_fixed_int=\count146
\l__siunitx_process_integer_min_int=\count147
\l__siunitx_process_precision_int=\count148
\l__siunitx_group_min_int=\count149
\l__siunitx_angle_marker_box=\box47
\l__siunitx_angle_unit_box=\box48
\l__siunitx_angle_marker_dim=\dimen179
\l__siunitx_angle_unit_dim=\dimen180
\l__siunitx_unit_int=\count150
\l__siunitx_unit_denominator_int=\count151
\l__siunitx_unit_numerator_int=\count152
\l__siunitx_unit_prefix_int=\count153
\l__siunitx_unit_prefix_base_int=\count154
\l__siunitx_unit_prefix_gram_int=\count155
\l__siunitx_number_product_int=\count156
\c__siunitx_one_fill_skip=\skip60
\l__siunitx_table_unit_align_skip=\skip61
\l__siunitx_table_exponent_dim=\dimen181
\l__siunitx_table_integer_dim=\dimen182
\l__siunitx_table_mantissa_dim=\dimen183
\l__siunitx_table_marker_dim=\dimen184
\l__siunitx_table_result_dim=\dimen185
\l__siunitx_table_uncert_dim=\dimen186
\l__siunitx_table_fill_pre_dim=\dimen187
\l__siunitx_table_fill_post_dim=\dimen188
\l__siunitx_table_fill_mid_dim=\dimen189
\l__siunitx_table_pre_box=\box49
\l__siunitx_table_post_box=\box50
\l__siunitx_table_mantissa_box=\box51
\l__siunitx_table_result_box=\box52
\l__siunitx_table_number_align_skip=\skip62
\l__siunitx_table_text_align_skip=\skip63
.................................................
. LaTeX info: "xparse/define-command"
. 
. Defining command \DeclareBinaryPrefix with sig. 'mmm' on line 7218.
.................................................
.................................................
. LaTeX info: "xparse/define-command"
. 
. Defining command \DeclareSIPostPower with sig. 'mm' on line 7221.
.................................................
.................................................
. LaTeX info: "xparse/define-command"
. 
. Defining command \DeclareSIPrefix with sig. 'mmm' on line 7224.
.................................................
.................................................
. LaTeX info: "xparse/define-command"
. 
. Defining command \DeclareSIPrePower with sig. 'mm' on line 7227.
.................................................
.................................................
. LaTeX info: "xparse/define-command"
. 
. Defining command \DeclareSIQualifier with sig. 'mm' on line 7230.
.................................................
.................................................
. LaTeX info: "xparse/define-command"
. 
. Defining command \DeclareSIUnit with sig. 'O{}mm' on line 7233.
.................................................
.................................................
. LaTeX info: "xparse/define-command"
. 
. Defining command \DeclareSIUnitWithOptions with sig. 'mmm' on line 7236.
.................................................
.................................................
. LaTeX info: "xparse/define-command"
. 
. Defining command \ang with sig. 'o>{\SplitArgument {2}{;}}m' on line 7251.
.................................................
.................................................
. LaTeX info: "xparse/define-command"
. 
. Defining command \num with sig. 'om' on line 7260.
.................................................
.................................................
. LaTeX info: "xparse/define-command"
. 
. Defining command \numlist with sig. 'o>{\SplitList {;}}m' on line 7269.
.................................................
.................................................
. LaTeX info: "xparse/define-command"
. 
. Defining command \numrange with sig. 'omm' on line 7278.
.................................................
.................................................
. LaTeX info: "xparse/define-command"
. 
. Defining command \SIlist with sig. 'o>{\SplitList {;}}mm' on line 7290.
.................................................
.................................................
. LaTeX info: "xparse/define-command"
. 
. Defining command \SIrange with sig. 'ommm' on line 7302.
.................................................
.................................................
. LaTeX info: "xparse/define-command"
. 
. Defining command \SI with sig. 'omom' on line 7314.
.................................................
.................................................
. LaTeX info: "xparse/define-command"
. 
. Defining command \sisetup with sig. 'm' on line 7317.
.................................................
.................................................
. LaTeX info: "xparse/define-command"
. 
. Defining command \tablenum with sig. 'om' on line 7332.
.................................................
.................................................
. LaTeX info: "xparse/define-command"
. 
. Defining command \si with sig. 'om' on line 7344.
.................................................
.................................................
. LaTeX info: "xparse/define-command"
. 
. Defining command \__siunitx_bookmark_num:w with sig. 'om' on line 7391.
.................................................
.................................................
. LaTeX info: "xparse/define-command"
. 
. Defining command \__siunitx_bookmark_numrange:w with sig. 'omm' on line
. 7393.
.................................................
.................................................
. LaTeX info: "xparse/define-command"
. 
. Defining command \__siunitx_bookmark_SI:w with sig. 'omom' on line 7395.
.................................................
.................................................
. LaTeX info: "xparse/define-command"
. 
. Defining command \__siunitx_bookmark_SIlist:w with sig. 'omm' on line 7397.
.................................................
.................................................
. LaTeX info: "xparse/define-command"
. 
. Defining command \__siunitx_bookmark_SIrange:w with sig. 'ommm' on line
. 7399.
.................................................
.................................................
. LaTeX info: "xparse/define-command"
. 
. Defining command \__siunitx_bookmark_si:w with sig. 'om' on line 7400.
.................................................
\g__file_internal_ior=\read1
(/usr/local/texlive/2016/texmf-dist/tex/latex/beamer/translator/translator.sty
Package: translator 2010/06/12 ver 1.10

(/usr/local/texlive/2016/texmf-dist/tex/latex/beamer/translator/translator-lang
uage-mappings.tex)))
(/usr/local/texlive/2016/texmf-dist/tex/latex/graphics/epsfig.sty
Package: epsfig 1999/02/16 v1.7a (e)psfig emulation (SPQR)

(/usr/local/texlive/2016/texmf-dist/tex/latex/graphics/graphicx.sty
Package: graphicx 2014/10/28 v1.0g Enhanced LaTeX Graphics (DPC,SPQR)

(/usr/local/texlive/2016/texmf-dist/tex/latex/graphics/graphics.sty
Package: graphics 2016/05/09 v1.0r Standard LaTeX Graphics (DPC,SPQR)

(/usr/local/texlive/2016/texmf-dist/tex/latex/graphics/trig.sty
Package: trig 2016/01/03 v1.10 sin cos tan (DPC)
)
(/usr/local/texlive/2016/texmf-dist/tex/latex/graphics-cfg/graphics.cfg
File: graphics.cfg 2016/01/02 v1.10 sample graphics configuration
)
Package graphics Info: Driver file: pdftex.def on input line 96.
)
\Gin@req@height=\dimen190
\Gin@req@width=\dimen191
)
\epsfxsize=\dimen192
\epsfysize=\dimen193
)
(/usr/local/texlive/2016/texmf-dist/tex/latex/oberdiek/epstopdf.sty
Package: epstopdf 2016/05/15 v2.6 Conversion with epstopdf on the fly (HO)

(/usr/local/texlive/2016/texmf-dist/tex/latex/oberdiek/epstopdf-base.sty
Package: epstopdf-base 2016/05/15 v2.6 Base part for package epstopdf

(/usr/local/texlive/2016/texmf-dist/tex/latex/oberdiek/grfext.sty
Package: grfext 2016/05/16 v1.2 Manage graphics extensions (HO)

(/usr/local/texlive/2016/texmf-dist/tex/generic/oberdiek/kvdefinekeys.sty
Package: kvdefinekeys 2016/05/16 v1.4 Define keys (HO)
))
(/usr/local/texlive/2016/texmf-dist/tex/latex/oberdiek/kvoptions.sty
Package: kvoptions 2016/05/16 v3.12 Key value format for package options (HO)

(/usr/local/texlive/2016/texmf-dist/tex/generic/oberdiek/kvsetkeys.sty
Package: kvsetkeys 2016/05/16 v1.17 Key value parser (HO)

(/usr/local/texlive/2016/texmf-dist/tex/generic/oberdiek/etexcmds.sty
Package: etexcmds 2016/05/16 v1.6 Avoid name clashes with e-TeX commands (HO)

(/usr/local/texlive/2016/texmf-dist/tex/generic/oberdiek/ifluatex.sty
Package: ifluatex 2016/05/16 v1.4 Provides the ifluatex switch (HO)
Package ifluatex Info: LuaTeX not detected.
)
Package etexcmds Info: Could not find \expanded.
(etexcmds)             That can mean that you are not using pdfTeX 1.50 or
(etexcmds)             that some package has redefined \expanded.
(etexcmds)             In the latter case, load this package earlier.
)))
(/usr/local/texlive/2016/texmf-dist/tex/generic/oberdiek/pdftexcmds.sty
Package: pdftexcmds 2016/05/10 v0.21 Utility functions of pdfTeX for LuaTeX (HO
)

(/usr/local/texlive/2016/texmf-dist/tex/generic/oberdiek/ifpdf.sty
Package: ifpdf 2016/05/14 v3.1 Provides the ifpdf switch
)
Package pdftexcmds Info: LuaTeX not detected.
Package pdftexcmds Info: \pdf@primitive is available.
Package pdftexcmds Info: \pdf@ifprimitive is available.
Package pdftexcmds Info: \pdfdraftmode found.
)
Package grfext Info: Graphics extension search list:
(grfext)             [.png,.pdf,.jpg,.mps,.jpeg,.jbig2,.jb2,.PNG,.PDF,.JPG,.JPE
G,.JBIG2,.JB2,.eps]
(grfext)             \AppendGraphicsExtensions on input line 456.

(/usr/local/texlive/2016/texmf-dist/tex/latex/latexconfig/epstopdf-sys.cfg
File: epstopdf-sys.cfg 2010/07/13 v1.3 Configuration of (r)epstopdf for TeX Liv
e
)))
(/usr/local/texlive/2016/texmf-dist/tex/latex/soul/soul.sty
Package: soul 2003/11/17 v2.4 letterspacing/underlining (mf)
\SOUL@word=\toks23
\SOUL@lasttoken=\toks24
\SOUL@cmds=\toks25
\SOUL@buffer=\toks26
\SOUL@token=\toks27
\SOUL@spaceskip=\skip64
\SOUL@ttwidth=\dimen194
\SOUL@uldp=\dimen195
\SOUL@ulht=\dimen196
)
(/usr/local/texlive/2016/texmf-dist/tex/latex/url/url.sty
\Urlmuskip=\muskip17
Package: url 2013/09/16  ver 3.4  Verb mode for urls, etc.
)
(/usr/local/texlive/2016/texmf-dist/tex/latex/tablefootnote/tablefootnote.sty
Package: tablefootnote 2014/01/26 v1.1c Table foot notes (HMM)

(/usr/local/texlive/2016/texmf-dist/tex/latex/oberdiek/letltxmacro.sty
Package: letltxmacro 2016/05/16 v1.5 Let assignment for LaTeX macros (HO)
)
(/usr/local/texlive/2016/texmf-dist/tex/latex/xifthen/xifthen.sty
Package: xifthen 2015/11/05 v1.4.0 Extended ifthen features

(/usr/local/texlive/2016/texmf-dist/tex/latex/base/ifthen.sty
Package: ifthen 2014/09/29 v1.1c Standard LaTeX ifthen package (DPC)
)
(/usr/local/texlive/2016/texmf-dist/tex/latex/ifmtarg/ifmtarg.sty
Package: ifmtarg 2009/09/02 v1.2a check for an empty argument
))
(/usr/local/texlive/2016/texmf-dist/tex/latex/etoolbox/etoolbox.sty
Package: etoolbox 2015/08/02 v2.2a e-TeX tools for LaTeX (JAW)
\etb@tempcnta=\count157
))
(/usr/local/texlive/2016/texmf-dist/tex/latex/booktabs/booktabs.sty
Package: booktabs 2016/04/27 v1.618033 publication quality tables
\heavyrulewidth=\dimen197
\lightrulewidth=\dimen198
\cmidrulewidth=\dimen199
\belowrulesep=\dimen256
\belowbottomsep=\dimen257
\aboverulesep=\dimen258
\abovetopsep=\dimen259
\cmidrulesep=\dimen260
\cmidrulekern=\dimen261
\defaultaddspace=\dimen262
\@cmidla=\count158
\@cmidlb=\count159
\@aboverulesep=\dimen263
\@belowrulesep=\dimen264
\@thisruleclass=\count160
\@lastruleclass=\count161
\@thisrulewidth=\dimen265
)
(/usr/local/texlive/2016/texmf-dist/tex/latex/ifsym/ifsym.sty
Package: ifsym 2000/04/18 I.Kloeckl
\c@ifsymcnt=\count162
)
(/usr/local/texlive/2016/texmf-dist/tex/latex/bbding/bbding.sty
Package: bbding 1999/04/15 v1.01 Dingbats symbols
)
(/usr/local/texlive/2016/texmf-dist/tex/latex/amsfonts/amssymb.sty
Package: amssymb 2013/01/14 v3.01 AMS font symbols

(/usr/local/texlive/2016/texmf-dist/tex/latex/amsfonts/amsfonts.sty
Package: amsfonts 2013/01/14 v3.01 Basic AMSFonts support
\symAMSa=\mathgroup4
\symAMSb=\mathgroup5
LaTeX Font Info:    Overwriting math alphabet `\mathfrak' in version `bold'
(Font)                  U/euf/m/n --> U/euf/b/n on input line 106.
))
(/usr/local/texlive/2016/texmf-dist/tex/latex/preprint/authblk.sty
Package: authblk 2001/02/27 1.3 (PWD)
\affilsep=\skip65
\@affilsep=\skip66
\c@Maxaffil=\count163
\c@authors=\count164
\c@affil=\count165
)
(/usr/local/texlive/2016/texmf-dist/tex/latex/caption/caption.sty
Package: caption 2016/02/21 v3.3-144 Customizing captions (AR)

(/usr/local/texlive/2016/texmf-dist/tex/latex/caption/caption3.sty
Package: caption3 2016/02/04 v1.7-139 caption3 kernel (AR)
Package caption3 Info: TeX engine: e-TeX on input line 67.
\captionmargin=\dimen266
\captionmargin@=\dimen267
\captionwidth=\dimen268
\caption@tempdima=\dimen269
\caption@indent=\dimen270
\caption@parindent=\dimen271
\caption@hangindent=\dimen272
Package caption Info: Unknown document class (or package),
(caption)             standard defaults will be used.
)

Package caption Warning: Unsupported document class (or package) detected,
(caption)                usage of the caption package is not recommended.
See the caption package documentation for explanation.

Package caption Info: \@makecaption = \long macro:#1#2->\ifx \@captype \@IEEEta
blestring \footnotesize \bgroup \par \centering \@IEEEtabletopskipstrut {\norma
lfont \sffamily \footnotesize #1}\\{\normalfont \sffamily \footnotesize #2}\par
 \addvspace {0.5\baselineskip }\egroup \@IEEEtablecaptionsepspace \else \@IEEEf
igurecaptionsepspace \setbox \@tempboxa \hbox {\normalfont \sffamily \footnotes
ize {#1.}\nobreakspace #2}\ifdim \wd \@tempboxa >\hsize \setbox \@tempboxa \hbo
x {\normalfont \sffamily \footnotesize {#1.}\nobreakspace }\parbox [t]{\hsize }
{\normalfont \sffamily \footnotesize \noindent \unhbox \@tempboxa #2}\else \hbo
x to\hsize {\normalfont \sffamily \footnotesize \box \@tempboxa \hfil }\fi \fi 
.
\c@ContinuedFloat=\count166
) (/usr/local/texlive/2016/texmf-dist/tex/latex/base/latexsym.sty
Package: latexsym 1998/08/17 v2.2e Standard LaTeX package (lasy symbols)
\symlasy=\mathgroup6
LaTeX Font Info:    Overwriting symbol font `lasy' in version `bold'
(Font)                  U/lasy/m/n --> U/lasy/b/n on input line 52.
)
(/usr/local/texlive/2016/texmf-dist/tex/latex/cprotect/cprotect.sty
Package: cprotect 2011/01/27 v1.0e (Bruno Le Floch)

(/usr/local/texlive/2016/texmf-dist/tex/latex/bigfoot/suffix.sty
Package: suffix 2006/07/15 1.5a Variant command support
)
\CPT@WriteOut=\write4
\c@CPT@WriteCount=\count167
\c@CPT@numB=\count168
\CPT@commandatend@toks=\toks28
)
(/usr/local/texlive/2016/texmf-dist/tex/latex/algorithms/algorithm.sty
Package: algorithm 2009/08/24 v0.1 Document Style `algorithm' - floating enviro
nment

(/usr/local/texlive/2016/texmf-dist/tex/latex/float/float.sty
Package: float 2001/11/08 v1.3d Float enhancements (AL)
\c@float@type=\count169
\float@exts=\toks29
\float@box=\box53
\@float@everytoks=\toks30
\@floatcapt=\box54
)
\@float@every@algorithm=\toks31
\c@algorithm=\count170
)
(/usr/local/texlive/2016/texmf-dist/tex/latex/caption/subcaption.sty
Package: subcaption 2016/02/20 v1.1-142 Sub-captions (AR)
\c@subfigure=\count171
\c@subtable=\count172
)
(/usr/local/texlive/2016/texmf-dist/tex/latex/algorithm2e/algorithm2e.sty
Package: algorithm2e 2013/01/06 v5.00 algorithms environments
\c@AlgoLine=\count173
\algocf@hangindent=\skip67

(/usr/local/texlive/2016/texmf-dist/tex/latex/relsize/relsize.sty
Package: relsize 2013/03/29 ver 4.1
)
********************************************************
Package `algorithm2e' Release 5.1 -- october 19 2015 --
- algorithm2e-announce@lirmm.fr mailing list for announcement about releases
- algorithm2e-discussion@lirmm.fr mailing list for discussion about package
subscribe by emailing sympa@lirmm.fr with 'subscribe <list> <firstname name>'
- Author: Christophe Fiorio (christophe.fiorio@umontpellier.fr)
********************************************************
\skiptotal=\skip68
\skiplinenumber=\skip69
\skiprule=\skip70
\skiphlne=\skip71
\skiptext=\skip72
\skiplength=\skip73
\algomargin=\skip74
\skipalgocfslide=\skip75
\algowidth=\dimen273
\inoutsize=\dimen274
\inoutindent=\dimen275
\interspacetitleruled=\dimen276
\interspacealgoruled=\dimen277
\interspacetitleboxruled=\dimen278
\algocf@ruledwidth=\skip76
\algocf@inoutbox=\box55
\algocf@inputbox=\box56
\AlCapSkip=\skip77
\AlCapHSkip=\skip78
\algoskipindent=\skip79
\algocf@nlbox=\box57
\algocf@hangingbox=\box58
\algocf@untilbox=\box59
\algocf@skipuntil=\skip80
\algocf@capbox=\box60
\algoheightruledefault=\skip81
\algoheightrule=\skip82
\algotitleheightruledefault=\skip83
\algotitleheightrule=\skip84
\c@algocfline=\count174
\c@algocfproc=\count175
\c@algocf=\count176
\algocf@algoframe=\box61
\algocf@algobox=\box62
) (./collaborative_spatial_reuse_in_wireless_networks_via_selfish_mabs.aux)
\openout1 = `collaborative_spatial_reuse_in_wireless_networks_via_selfish_mabs.
aux'.

LaTeX Font Info:    Checking defaults for OML/cmm/m/it on input line 72.
LaTeX Font Info:    ... okay on input line 72.
LaTeX Font Info:    Checking defaults for T1/cmr/m/n on input line 72.
LaTeX Font Info:    ... okay on input line 72.
LaTeX Font Info:    Checking defaults for OT1/cmr/m/n on input line 72.
LaTeX Font Info:    ... okay on input line 72.
LaTeX Font Info:    Checking defaults for OMS/cmsy/m/n on input line 72.
LaTeX Font Info:    ... okay on input line 72.
LaTeX Font Info:    Checking defaults for OMX/cmex/m/n on input line 72.
LaTeX Font Info:    ... okay on input line 72.
LaTeX Font Info:    Checking defaults for U/cmr/m/n on input line 72.
LaTeX Font Info:    ... okay on input line 72.
LaTeX Font Info:    Checking defaults for TS1/cmr/m/n on input line 72.
LaTeX Font Info:    Try loading font information for TS1+cmr on input line 72.

(/usr/local/texlive/2016/texmf-dist/tex/latex/base/ts1cmr.fd
File: ts1cmr.fd 2014/09/29 v2.5h Standard LaTeX font definitions
)
LaTeX Font Info:    ... okay on input line 72.

-- Lines per column: 61 (exact).
(/usr/local/texlive/2016/texmf-dist/tex/context/base/mkii/supp-pdf.mkii
[Loading MPS to PDF converter (version 2006.09.02).]
\scratchcounter=\count177
\scratchdimen=\dimen279
\scratchbox=\box63
\nofMPsegments=\count178
\nofMParguments=\count179
\everyMPshowfont=\toks32
\MPscratchCnt=\count180
\MPscratchDim=\dimen280
\MPnumerator=\count181
\makeMPintoPDFobject=\count182
\everyMPtoPDFconversion=\toks33
)
(/usr/local/texlive/2016/texmf-dist/tex/latex/beamer/translator/dicts/translato
r-basic-dictionary/translator-basic-dictionary-English.dict
Dictionary: translator-basic-dictionary, Language: English 
)
(/usr/local/texlive/2016/texmf-dist/tex/latex/siunitx/siunitx-abbreviations.cfg
File: siunitx-abbreviations.cfg 2016/03/01 v2.6q siunitx: Abbreviated units
)
Package caption Info: Begin \AtBeginDocument code.
Package caption Info: float package is loaded.
Package caption Info: End \AtBeginDocument code.
\c__siunitx_mathsf_int=\count183
LaTeX Font Info:    Calculating math sizes for size <9.53561> on input line 72.

LaTeX Font Info:    Try loading font information for U+msa on input line 72.
 (/usr/local/texlive/2016/texmf-dist/tex/latex/amsfonts/umsa.fd
File: umsa.fd 2013/01/14 v3.01 AMS symbols A
)
LaTeX Font Info:    Try loading font information for U+msb on input line 72.

(/usr/local/texlive/2016/texmf-dist/tex/latex/amsfonts/umsb.fd
File: umsb.fd 2013/01/14 v3.01 AMS symbols B
)
LaTeX Font Info:    Try loading font information for U+lasy on input line 72.

(/usr/local/texlive/2016/texmf-dist/tex/latex/base/ulasy.fd
File: ulasy.fd 1998/08/17 v2.2e LaTeX symbol font definitions
)
\c__siunitx_mathtt_int=\count184
LaTeX Font Info:    Try loading font information for OT1+phv on input line 104.


(/usr/local/texlive/2016/texmf-dist/tex/latex/psnfss/ot1phv.fd
File: ot1phv.fd 2001/06/04 scalable font definitions for OT1/phv.
)
LaTeX Font Info:    Try loading font information for U+ding on input line 104.

(/usr/local/texlive/2016/texmf-dist/tex/latex/bbding/Uding.fd
File: Uding.fd 1996/02/01 v1.0 BBding font definitions
)
LaTeX Font Info:    Font shape `OT1/phv/bx/n' in size <8.03> not available
(Font)              Font shape `OT1/phv/b/n' tried instead on input line 104.
LaTeX Font Info:    Calculating math sizes for size <8.03> on input line 104.
LaTeX Font Info:    Calculating math sizes for size <11.04124> on input line 10
4.
LaTeX Font Info:    Try loading font information for U+pzd on input line 104.

(/usr/local/texlive/2016/texmf-dist/tex/latex/psnfss/upzd.fd
File: upzd.fd 2001/06/04 font definitions for U/pzd.
)
LaTeX Font Info:    Font shape `OT1/phv/bx/n' in size <11.04124> not available
(Font)              Font shape `OT1/phv/b/n' tried instead on input line 113.
LaTeX Font Info:    Font shape `OT1/phv/bx/sc' in size <11.04124> not available

(Font)              Font shape `OT1/phv/b/sc' tried instead on input line 113.
 [1{/usr/local/texlive/2016/texmf-var/fonts/map/pdftex/updmap/pdftex.map}


]
LaTeX Font Info:    Font shape `OT1/phv/bx/n' in size <9.53561> not available
(Font)              Font shape `OT1/phv/b/n' tried instead on input line 163.
 [2]
LaTeX Font Info:    Try loading font information for OMS+ppl on input line 189.


(/usr/local/texlive/2016/texmf-dist/tex/latex/psnfss/omsppl.fd
File: omsppl.fd 
)
LaTeX Font Info:    Font shape `OMS/ppl/m/n' in size <9.53561> not available
(Font)              Font shape `OMS/cmsy/m/n' tried instead on input line 189.
 [3]
Underfull \vbox (badness 7433) has occurred while \output is active []


Underfull \hbox (badness 10000) in paragraph at lines 341--341
\OT1/ppl/m/n/9.53561 Compute the re-ward $\OML/cmm/m/it/10 r[] \OT1/cmr/m/n/10 
= []$\OT1/ppl/m/n/9.53561 , where
 []


Underfull \hbox (badness 10000) in paragraph at lines 341--341

 []


Underfull \hbox (badness 1622) in paragraph at lines 341--341
[]\OT1/ppl/b/n/9.53561 Algorithm 2 \OT1/ppl/m/n/9.53561 Im-ple-men-ta-tion of M
ulti-Armed Ban-dits
 []


Underfull \vbox (badness 10000) has occurred while \output is active []

 [4]

LaTeX Warning: No positions in optional float specifier.
               Default added (so using `htbp') on input line 406.


Underfull \hbox (badness 1622) in paragraph at lines 418--418
[]\OT1/ppl/b/n/9.53561 Algorithm 3 \OT1/ppl/m/n/9.53561 Im-ple-men-ta-tion of M
ulti-Armed Ban-dits
 []


LaTeX Warning: No positions in optional float specifier.
               Default added (so using `htbp') on input line 472.


Underfull \hbox (badness 1622) in paragraph at lines 485--485
[]\OT1/ppl/b/n/9.53561 Algorithm 4 \OT1/ppl/m/n/9.53561 Im-ple-men-ta-tion of M
ulti-Armed Ban-dits
 []

[5]
Package epstopdf Info: Source file: <images/4_WLANs_scenario.eps>
(epstopdf)                    date: 2017-05-03 12:12:49
(epstopdf)                    size: 16929 bytes
(epstopdf)             Output file: <images/4_WLANs_scenario-eps-converted-to.p
df>
(epstopdf)                    date: 2017-10-31 10:10:11
(epstopdf)                    size: 6932 bytes
(epstopdf)             Command: <repstopdf --outfile=images/4_WLANs_scenario-ep
s-converted-to.pdf images/4_WLANs_scenario.eps>
(epstopdf)             \includegraphics on input line 554.
Package epstopdf Info: Output file is already uptodate.

<images/4_WLANs_scenario-eps-converted-to.pdf, id=38, 831.105pt x 437.635pt>
File: images/4_WLANs_scenario-eps-converted-to.pdf Graphic file (type pdf)

<use images/4_WLANs_scenario-eps-converted-to.pdf>
Package pdftex.def Info: images/4_WLANs_scenario-eps-converted-to.pdf used on i
nput line 554.
(pdftex.def)             Requested size: 184.9429pt x 97.38182pt.
LaTeX Font Info:    Font shape `OT1/phv/m/it' in size <9.53561> not available
(Font)              Font shape `OT1/phv/m/sl' tried instead on input line 603.
 [6 <./images/4_WLANs_scenario-eps-converted-to.pdf>]
Package epstopdf Info: Source file: <images/egreedy_tuning_parameters_zoom.eps>

(epstopdf)                    date: 2017-10-02 16:16:08
(epstopdf)                    size: 26043 bytes
(epstopdf)             Output file: <images/egreedy_tuning_parameters_zoom-eps-
converted-to.pdf>
(epstopdf)                    date: 2017-10-31 10:10:11
(epstopdf)                    size: 9819 bytes
(epstopdf)             Command: <repstopdf --outfile=images/egreedy_tuning_para
meters_zoom-eps-converted-to.pdf images/egreedy_tuning_parameters_zoom.eps>
(epstopdf)             \includegraphics on input line 621.
Package epstopdf Info: Output file is already uptodate.

<images/egreedy_tuning_parameters_zoom-eps-converted-to.pdf, id=48, 462.72874pt
 x 373.395pt>
File: images/egreedy_tuning_parameters_zoom-eps-converted-to.pdf Graphic file (
type pdf)
 <use images/egreedy_tuning_parameters_zoom-eps-converted-to.pdf>
Package pdftex.def Info: images/egreedy_tuning_parameters_zoom-eps-converted-to
.pdf used on input line 621.
(pdftex.def)             Requested size: 184.9429pt x 149.2357pt.
Package epstopdf Info: Source file: <images/NEW_actions_probability_e-greedy_e0
1.eps>
(epstopdf)                    date: 2017-10-02 12:54:09
(epstopdf)                    size: 29410 bytes
(epstopdf)             Output file: <images/NEW_actions_probability_e-greedy_e0
1-eps-converted-to.pdf>
(epstopdf)                    date: 2017-10-31 10:10:12
(epstopdf)                    size: 9133 bytes
(epstopdf)             Command: <repstopdf --outfile=images/NEW_actions_probabi
lity_e-greedy_e01-eps-converted-to.pdf images/NEW_actions_probability_e-greedy_
e01.eps>
(epstopdf)             \includegraphics on input line 633.
Package epstopdf Info: Output file is already uptodate.

<images/NEW_actions_probability_e-greedy_e01-eps-converted-to.pdf, id=49, 429.6
05pt x 322.20375pt>
File: images/NEW_actions_probability_e-greedy_e01-eps-converted-to.pdf Graphic 
file (type pdf)

<use images/NEW_actions_probability_e-greedy_e01-eps-converted-to.pdf>
Package pdftex.def Info: images/NEW_actions_probability_e-greedy_e01-eps-conver
ted-to.pdf used on input line 633.
(pdftex.def)             Requested size: 129.48375pt x 97.11418pt.
LaTeX Font Info:    Calculating math sizes for size <9.03374> on input line 634
.
Package epstopdf Info: Source file: <images/NEW_actions_probability_e-greedy_e0
5.eps>
(epstopdf)                    date: 2017-10-02 11:53:34
(epstopdf)                    size: 29465 bytes
(epstopdf)             Output file: <images/NEW_actions_probability_e-greedy_e0
5-eps-converted-to.pdf>
(epstopdf)                    date: 2017-10-31 10:10:12
(epstopdf)                    size: 9186 bytes
(epstopdf)             Command: <repstopdf --outfile=images/NEW_actions_probabi
lity_e-greedy_e05-eps-converted-to.pdf images/NEW_actions_probability_e-greedy_
e05.eps>
(epstopdf)             \includegraphics on input line 639.
Package epstopdf Info: Output file is already uptodate.

<images/NEW_actions_probability_e-greedy_e05-eps-converted-to.pdf, id=50, 429.6
05pt x 322.20375pt>
File: images/NEW_actions_probability_e-greedy_e05-eps-converted-to.pdf Graphic 
file (type pdf)

<use images/NEW_actions_probability_e-greedy_e05-eps-converted-to.pdf>
Package pdftex.def Info: images/NEW_actions_probability_e-greedy_e05-eps-conver
ted-to.pdf used on input line 639.
(pdftex.def)             Requested size: 129.48375pt x 97.11418pt.
Package epstopdf Info: Source file: <images/NEW_actions_probability_e-greedy_e1
.eps>
(epstopdf)                    date: 2017-10-02 11:54:30
(epstopdf)                    size: 29457 bytes
(epstopdf)             Output file: <images/NEW_actions_probability_e-greedy_e1
-eps-converted-to.pdf>
(epstopdf)                    date: 2017-10-31 10:10:13
(epstopdf)                    size: 9174 bytes
(epstopdf)             Command: <repstopdf --outfile=images/NEW_actions_probabi
lity_e-greedy_e1-eps-converted-to.pdf images/NEW_actions_probability_e-greedy_e
1.eps>
(epstopdf)             \includegraphics on input line 645.
Package epstopdf Info: Output file is already uptodate.

<images/NEW_actions_probability_e-greedy_e1-eps-converted-to.pdf, id=51, 429.60
5pt x 322.20375pt>
File: images/NEW_actions_probability_e-greedy_e1-eps-converted-to.pdf Graphic f
ile (type pdf)

<use images/NEW_actions_probability_e-greedy_e1-eps-converted-to.pdf>
Package pdftex.def Info: images/NEW_actions_probability_e-greedy_e1-eps-convert
ed-to.pdf used on input line 645.
(pdftex.def)             Requested size: 129.48375pt x 97.11418pt.
Package epstopdf Info: Source file: <images/NEW_temporal_aggregate_tpt_e-greedy
_e01.eps>
(epstopdf)                    date: 2017-10-02 12:54:43
(epstopdf)                    size: 356536 bytes
(epstopdf)             Output file: <images/NEW_temporal_aggregate_tpt_e-greedy
_e01-eps-converted-to.pdf>
(epstopdf)                    date: 2017-10-31 10:10:14
(epstopdf)                    size: 9185 bytes
(epstopdf)             Command: <repstopdf --outfile=images/NEW_temporal_aggreg
ate_tpt_e-greedy_e01-eps-converted-to.pdf images/NEW_temporal_aggregate_tpt_e-g
reedy_e01.eps>
(epstopdf)             \includegraphics on input line 662.
Package epstopdf Info: Output file is already uptodate.

<images/NEW_temporal_aggregate_tpt_e-greedy_e01-eps-converted-to.pdf, id=52, 50
1.875pt x 351.3125pt>
File: images/NEW_temporal_aggregate_tpt_e-greedy_e01-eps-converted-to.pdf Graph
ic file (type pdf)

<use images/NEW_temporal_aggregate_tpt_e-greedy_e01-eps-converted-to.pdf>
Package pdftex.def Info: images/NEW_temporal_aggregate_tpt_e-greedy_e01-eps-con
verted-to.pdf used on input line 662.
(pdftex.def)             Requested size: 129.48375pt x 90.63686pt.
Package epstopdf Info: Source file: <images/NEW_temporal_aggregate_tpt_e-greedy
_e05.eps>
(epstopdf)                    date: 2017-10-02 12:47:40
(epstopdf)                    size: 353111 bytes
(epstopdf)             Output file: <images/NEW_temporal_aggregate_tpt_e-greedy
_e05-eps-converted-to.pdf>
(epstopdf)                    date: 2017-10-31 10:10:14
(epstopdf)                    size: 11895 bytes
(epstopdf)             Command: <repstopdf --outfile=images/NEW_temporal_aggreg
ate_tpt_e-greedy_e05-eps-converted-to.pdf images/NEW_temporal_aggregate_tpt_e-g
reedy_e05.eps>
(epstopdf)             \includegraphics on input line 668.
Package epstopdf Info: Output file is already uptodate.

<images/NEW_temporal_aggregate_tpt_e-greedy_e05-eps-converted-to.pdf, id=53, 50
1.875pt x 351.3125pt>
File: images/NEW_temporal_aggregate_tpt_e-greedy_e05-eps-converted-to.pdf Graph
ic file (type pdf)

<use images/NEW_temporal_aggregate_tpt_e-greedy_e05-eps-converted-to.pdf>
Package pdftex.def Info: images/NEW_temporal_aggregate_tpt_e-greedy_e05-eps-con
verted-to.pdf used on input line 668.
(pdftex.def)             Requested size: 129.48375pt x 90.63686pt.
Package epstopdf Info: Source file: <images/NEW_temporal_aggregate_tpt_e-greedy
_e1.eps>
(epstopdf)                    date: 2017-10-02 12:46:58
(epstopdf)                    size: 351145 bytes
(epstopdf)             Output file: <images/NEW_temporal_aggregate_tpt_e-greedy
_e1-eps-converted-to.pdf>
(epstopdf)                    date: 2017-10-31 10:10:15
(epstopdf)                    size: 15624 bytes
(epstopdf)             Command: <repstopdf --outfile=images/NEW_temporal_aggreg
ate_tpt_e-greedy_e1-eps-converted-to.pdf images/NEW_temporal_aggregate_tpt_e-gr
eedy_e1.eps>
(epstopdf)             \includegraphics on input line 674.
Package epstopdf Info: Output file is already uptodate.

<images/NEW_temporal_aggregate_tpt_e-greedy_e1-eps-converted-to.pdf, id=54, 501
.875pt x 351.3125pt>
File: images/NEW_temporal_aggregate_tpt_e-greedy_e1-eps-converted-to.pdf Graphi
c file (type pdf)

<use images/NEW_temporal_aggregate_tpt_e-greedy_e1-eps-converted-to.pdf>
Package pdftex.def Info: images/NEW_temporal_aggregate_tpt_e-greedy_e1-eps-conv
erted-to.pdf used on input line 674.
(pdftex.def)             Requested size: 129.48375pt x 90.63686pt.
Package epstopdf Info: Source file: <images/NEW_temporal_individual_tpt_e-greed
y_e01.eps>
(epstopdf)                    date: 2017-10-02 11:51:12
(epstopdf)                    size: 1393393 bytes
(epstopdf)             Output file: <images/NEW_temporal_individual_tpt_e-greed
y_e01-eps-converted-to.pdf>
(epstopdf)                    date: 2017-10-31 10:10:16
(epstopdf)                    size: 10978 bytes
(epstopdf)             Command: <repstopdf --outfile=images/NEW_temporal_indivi
dual_tpt_e-greedy_e01-eps-converted-to.pdf images/NEW_temporal_individual_tpt_e
-greedy_e01.eps>
(epstopdf)             \includegraphics on input line 686.
Package epstopdf Info: Output file is already uptodate.

<images/NEW_temporal_individual_tpt_e-greedy_e01-eps-converted-to.pdf, id=55, 4
37.635pt x 341.275pt>
File: images/NEW_temporal_individual_tpt_e-greedy_e01-eps-converted-to.pdf Grap
hic file (type pdf)

<use images/NEW_temporal_individual_tpt_e-greedy_e01-eps-converted-to.pdf>
Package pdftex.def Info: images/NEW_temporal_individual_tpt_e-greedy_e01-eps-co
nverted-to.pdf used on input line 686.
(pdftex.def)             Requested size: 129.48375pt x 100.97206pt.
Package epstopdf Info: Source file: <images/NEW_temporal_individual_tpt_e-greed
y_e05.eps>
(epstopdf)                    date: 2017-10-02 11:53:31
(epstopdf)                    size: 1411822 bytes
(epstopdf)             Output file: <images/NEW_temporal_individual_tpt_e-greed
y_e05-eps-converted-to.pdf>
(epstopdf)                    date: 2017-10-31 10:10:17
(epstopdf)                    size: 21441 bytes
(epstopdf)             Command: <repstopdf --outfile=images/NEW_temporal_indivi
dual_tpt_e-greedy_e05-eps-converted-to.pdf images/NEW_temporal_individual_tpt_e
-greedy_e05.eps>
(epstopdf)             \includegraphics on input line 692.
Package epstopdf Info: Output file is already uptodate.

<images/NEW_temporal_individual_tpt_e-greedy_e05-eps-converted-to.pdf, id=56, 4
37.635pt x 341.275pt>
File: images/NEW_temporal_individual_tpt_e-greedy_e05-eps-converted-to.pdf Grap
hic file (type pdf)

<use images/NEW_temporal_individual_tpt_e-greedy_e05-eps-converted-to.pdf>
Package pdftex.def Info: images/NEW_temporal_individual_tpt_e-greedy_e05-eps-co
nverted-to.pdf used on input line 692.
(pdftex.def)             Requested size: 129.48375pt x 100.97206pt.
Package epstopdf Info: Source file: <images/NEW_temporal_individual_tpt_e-greed
y_e1.eps>
(epstopdf)                    date: 2017-10-02 11:54:26
(epstopdf)                    size: 1392760 bytes
(epstopdf)             Output file: <images/NEW_temporal_individual_tpt_e-greed
y_e1-eps-converted-to.pdf>
(epstopdf)                    date: 2017-10-31 10:10:18
(epstopdf)                    size: 33726 bytes
(epstopdf)             Command: <repstopdf --outfile=images/NEW_temporal_indivi
dual_tpt_e-greedy_e1-eps-converted-to.pdf images/NEW_temporal_individual_tpt_e-
greedy_e1.eps>
(epstopdf)             \includegraphics on input line 698.
Package epstopdf Info: Output file is already uptodate.

<images/NEW_temporal_individual_tpt_e-greedy_e1-eps-converted-to.pdf, id=57, 43
7.635pt x 341.275pt>
File: images/NEW_temporal_individual_tpt_e-greedy_e1-eps-converted-to.pdf Graph
ic file (type pdf)

<use images/NEW_temporal_individual_tpt_e-greedy_e1-eps-converted-to.pdf>
Package pdftex.def Info: images/NEW_temporal_individual_tpt_e-greedy_e1-eps-con
verted-to.pdf used on input line 698.
(pdftex.def)             Requested size: 129.48375pt x 100.97206pt.
Package epstopdf Info: Source file: <images/NEW_mean_tpt_e-greedy_e01.eps>
(epstopdf)                    date: 2017-10-02 12:54:08
(epstopdf)                    size: 15392 bytes
(epstopdf)             Output file: <images/NEW_mean_tpt_e-greedy_e01-eps-conve
rted-to.pdf>
(epstopdf)                    date: 2017-10-31 10:10:19
(epstopdf)                    size: 7189 bytes
(epstopdf)             Command: <repstopdf --outfile=images/NEW_mean_tpt_e-gree
dy_e01-eps-converted-to.pdf images/NEW_mean_tpt_e-greedy_e01.eps>
(epstopdf)             \includegraphics on input line 711.
Package epstopdf Info: Output file is already uptodate.

<images/NEW_mean_tpt_e-greedy_e01-eps-converted-to.pdf, id=58, 450.68375pt x 32
8.22626pt>
File: images/NEW_mean_tpt_e-greedy_e01-eps-converted-to.pdf Graphic file (type 
pdf)
 <use images/NEW_mean_tpt_e-greedy_e01-eps-converted-to.pdf>
Package pdftex.def Info: images/NEW_mean_tpt_e-greedy_e01-eps-converted-to.pdf 
used on input line 711.
(pdftex.def)             Requested size: 129.48375pt x 94.3017pt.
Package epstopdf Info: Source file: <images/NEW_mean_tpt_e-greedy_e05.eps>
(epstopdf)                    date: 2017-10-02 11:53:32
(epstopdf)                    size: 15390 bytes
(epstopdf)             Output file: <images/NEW_mean_tpt_e-greedy_e05-eps-conve
rted-to.pdf>
(epstopdf)                    date: 2017-10-31 10:10:19
(epstopdf)                    size: 7184 bytes
(epstopdf)             Command: <repstopdf --outfile=images/NEW_mean_tpt_e-gree
dy_e05-eps-converted-to.pdf images/NEW_mean_tpt_e-greedy_e05.eps>
(epstopdf)             \includegraphics on input line 717.
Package epstopdf Info: Output file is already uptodate.

<images/NEW_mean_tpt_e-greedy_e05-eps-converted-to.pdf, id=59, 450.68375pt x 32
8.22626pt>
File: images/NEW_mean_tpt_e-greedy_e05-eps-converted-to.pdf Graphic file (type 
pdf)
 <use images/NEW_mean_tpt_e-greedy_e05-eps-converted-to.pdf>
Package pdftex.def Info: images/NEW_mean_tpt_e-greedy_e05-eps-converted-to.pdf 
used on input line 717.
(pdftex.def)             Requested size: 129.48375pt x 94.3017pt.
Package epstopdf Info: Source file: <images/NEW_mean_tpt_e-greedy_e1.eps>
(epstopdf)                    date: 2017-10-02 11:54:28
(epstopdf)                    size: 15400 bytes
(epstopdf)             Output file: <images/NEW_mean_tpt_e-greedy_e1-eps-conver
ted-to.pdf>
(epstopdf)                    date: 2017-10-31 10:10:20
(epstopdf)                    size: 7193 bytes
(epstopdf)             Command: <repstopdf --outfile=images/NEW_mean_tpt_e-gree
dy_e1-eps-converted-to.pdf images/NEW_mean_tpt_e-greedy_e1.eps>
(epstopdf)             \includegraphics on input line 723.
Package epstopdf Info: Output file is already uptodate.

<images/NEW_mean_tpt_e-greedy_e1-eps-converted-to.pdf, id=60, 450.68375pt x 328
.22626pt>
File: images/NEW_mean_tpt_e-greedy_e1-eps-converted-to.pdf Graphic file (type p
df)
 <use images/NEW_mean_tpt_e-greedy_e1-eps-converted-to.pdf>
Package pdftex.def Info: images/NEW_mean_tpt_e-greedy_e1-eps-converted-to.pdf u
sed on input line 723.
(pdftex.def)             Requested size: 129.48375pt x 94.3017pt.
 [7 <./images/egreedy_tuning_parameters_zoom-eps-converted-to.pdf>] [8 <./image
s/NEW_actions_probability_e-greedy_e01-eps-converted-to.pdf> <./images/NEW_acti
ons_probability_e-greedy_e05-eps-converted-to.pdf> <./images/NEW_actions_probab
ility_e-greedy_e1-eps-converted-to.pdf> <./images/NEW_temporal_aggregate_tpt_e-
greedy_e01-eps-converted-to.pdf> <./images/NEW_temporal_aggregate_tpt_e-greedy_
e05-eps-converted-to.pdf> <./images/NEW_temporal_aggregate_tpt_e-greedy_e1-eps-
converted-to.pdf> <./images/NEW_temporal_individual_tpt_e-greedy_e01-eps-conver
ted-to.pdf> <./images/NEW_temporal_individual_tpt_e-greedy_e05-eps-converted-to
.pdf> <./images/NEW_temporal_individual_tpt_e-greedy_e1-eps-converted-to.pdf> <
./images/NEW_mean_tpt_e-greedy_e01-eps-converted-to.pdf> <./images/NEW_mean_tpt
_e-greedy_e05-eps-converted-to.pdf> <./images/NEW_mean_tpt_e-greedy_e1-eps-conv
erted-to.pdf>]
Package epstopdf Info: Source file: <images/exp3_tuning_parameters_zoom.eps>
(epstopdf)                    date: 2017-10-31 10:03:55
(epstopdf)                    size: 24212 bytes
(epstopdf)             Output file: <images/exp3_tuning_parameters_zoom-eps-con
verted-to.pdf>
(epstopdf)                    date: 2017-10-31 10:10:21
(epstopdf)                    size: 10011 bytes
(epstopdf)             Command: <repstopdf --outfile=images/exp3_tuning_paramet
ers_zoom-eps-converted-to.pdf images/exp3_tuning_parameters_zoom.eps>
(epstopdf)             \includegraphics on input line 743.
Package epstopdf Info: Output file is already uptodate.

<images/exp3_tuning_parameters_zoom-eps-converted-to.pdf, id=153, 501.875pt x 3
51.3125pt>
File: images/exp3_tuning_parameters_zoom-eps-converted-to.pdf Graphic file (typ
e pdf)
 <use images/exp3_tuning_parameters_zoom-eps-converted-to.pdf>
Package pdftex.def Info: images/exp3_tuning_parameters_zoom-eps-converted-to.pd
f used on input line 743.
(pdftex.def)             Requested size: 184.9429pt x 129.46361pt.
Package epstopdf Info: Source file: <images/NEW_actions_probability_EXP3_eta01.
eps>
(epstopdf)                    date: 2017-10-22 18:39:16
(epstopdf)                    size: 29481 bytes
(epstopdf)             Output file: <images/NEW_actions_probability_EXP3_eta01-
eps-converted-to.pdf>
(epstopdf)                    date: 2017-10-31 10:10:21
(epstopdf)                    size: 9187 bytes
(epstopdf)             Command: <repstopdf --outfile=images/NEW_actions_probabi
lity_EXP3_eta01-eps-converted-to.pdf images/NEW_actions_probability_EXP3_eta01.
eps>
(epstopdf)             \includegraphics on input line 754.
Package epstopdf Info: Output file is already uptodate.

<images/NEW_actions_probability_EXP3_eta01-eps-converted-to.pdf, id=154, 429.60
5pt x 322.20375pt>
File: images/NEW_actions_probability_EXP3_eta01-eps-converted-to.pdf Graphic fi
le (type pdf)

<use images/NEW_actions_probability_EXP3_eta01-eps-converted-to.pdf>
Package pdftex.def Info: images/NEW_actions_probability_EXP3_eta01-eps-converte
d-to.pdf used on input line 754.
(pdftex.def)             Requested size: 129.48375pt x 97.11418pt.
Package epstopdf Info: Source file: <images/NEW_actions_probability_EXP3_eta05.
eps>
(epstopdf)                    date: 2017-10-22 18:37:43
(epstopdf)                    size: 29481 bytes
(epstopdf)             Output file: <images/NEW_actions_probability_EXP3_eta05-
eps-converted-to.pdf>
(epstopdf)                    date: 2017-10-31 10:10:22
(epstopdf)                    size: 9162 bytes
(epstopdf)             Command: <repstopdf --outfile=images/NEW_actions_probabi
lity_EXP3_eta05-eps-converted-to.pdf images/NEW_actions_probability_EXP3_eta05.
eps>
(epstopdf)             \includegraphics on input line 760.
Package epstopdf Info: Output file is already uptodate.

<images/NEW_actions_probability_EXP3_eta05-eps-converted-to.pdf, id=155, 429.60
5pt x 322.20375pt>
File: images/NEW_actions_probability_EXP3_eta05-eps-converted-to.pdf Graphic fi
le (type pdf)

<use images/NEW_actions_probability_EXP3_eta05-eps-converted-to.pdf>
Package pdftex.def Info: images/NEW_actions_probability_EXP3_eta05-eps-converte
d-to.pdf used on input line 760.
(pdftex.def)             Requested size: 129.48375pt x 97.11418pt.
Package epstopdf Info: Source file: <images/NEW_actions_probability_EXP3_eta1.e
ps>
(epstopdf)                    date: 2017-10-22 18:38:27
(epstopdf)                    size: 28743 bytes
(epstopdf)             Output file: <images/NEW_actions_probability_EXP3_eta1-e
ps-converted-to.pdf>
(epstopdf)                    date: 2017-10-31 10:10:23
(epstopdf)                    size: 8951 bytes
(epstopdf)             Command: <repstopdf --outfile=images/NEW_actions_probabi
lity_EXP3_eta1-eps-converted-to.pdf images/NEW_actions_probability_EXP3_eta1.ep
s>
(epstopdf)             \includegraphics on input line 766.
Package epstopdf Info: Output file is already uptodate.

<images/NEW_actions_probability_EXP3_eta1-eps-converted-to.pdf, id=156, 429.605
pt x 322.20375pt>
File: images/NEW_actions_probability_EXP3_eta1-eps-converted-to.pdf Graphic fil
e (type pdf)

<use images/NEW_actions_probability_EXP3_eta1-eps-converted-to.pdf>
Package pdftex.def Info: images/NEW_actions_probability_EXP3_eta1-eps-converted
-to.pdf used on input line 766.
(pdftex.def)             Requested size: 129.48375pt x 97.11418pt.
Package epstopdf Info: Source file: <images/NEW_temporal_aggregate_tpt_EXP3_eta
01.eps>
(epstopdf)                    date: 2017-10-28 20:08:57
(epstopdf)                    size: 352439 bytes
(epstopdf)             Output file: <images/NEW_temporal_aggregate_tpt_EXP3_eta
01-eps-converted-to.pdf>
(epstopdf)                    date: 2017-10-31 10:10:23
(epstopdf)                    size: 61223 bytes
(epstopdf)             Command: <repstopdf --outfile=images/NEW_temporal_aggreg
ate_tpt_EXP3_eta01-eps-converted-to.pdf images/NEW_temporal_aggregate_tpt_EXP3_
eta01.eps>
(epstopdf)             \includegraphics on input line 781.
Package epstopdf Info: Output file is already uptodate.

<images/NEW_temporal_aggregate_tpt_EXP3_eta01-eps-converted-to.pdf, id=157, 501
.875pt x 351.3125pt>
File: images/NEW_temporal_aggregate_tpt_EXP3_eta01-eps-converted-to.pdf Graphic
 file (type pdf)

<use images/NEW_temporal_aggregate_tpt_EXP3_eta01-eps-converted-to.pdf>
Package pdftex.def Info: images/NEW_temporal_aggregate_tpt_EXP3_eta01-eps-conve
rted-to.pdf used on input line 781.
(pdftex.def)             Requested size: 129.48375pt x 90.63686pt.
Package epstopdf Info: Source file: <images/NEW_temporal_aggregate_tpt_EXP3_eta
05.eps>
(epstopdf)                    date: 2017-10-28 20:09:21
(epstopdf)                    size: 354399 bytes
(epstopdf)             Output file: <images/NEW_temporal_aggregate_tpt_EXP3_eta
05-eps-converted-to.pdf>
(epstopdf)                    date: 2017-10-31 10:10:24
(epstopdf)                    size: 41286 bytes
(epstopdf)             Command: <repstopdf --outfile=images/NEW_temporal_aggreg
ate_tpt_EXP3_eta05-eps-converted-to.pdf images/NEW_temporal_aggregate_tpt_EXP3_
eta05.eps>
(epstopdf)             \includegraphics on input line 787.
Package epstopdf Info: Output file is already uptodate.

<images/NEW_temporal_aggregate_tpt_EXP3_eta05-eps-converted-to.pdf, id=158, 501
.875pt x 351.3125pt>
File: images/NEW_temporal_aggregate_tpt_EXP3_eta05-eps-converted-to.pdf Graphic
 file (type pdf)

<use images/NEW_temporal_aggregate_tpt_EXP3_eta05-eps-converted-to.pdf>
Package pdftex.def Info: images/NEW_temporal_aggregate_tpt_EXP3_eta05-eps-conve
rted-to.pdf used on input line 787.
(pdftex.def)             Requested size: 129.48375pt x 90.63686pt.
Package epstopdf Info: Source file: <images/NEW_temporal_aggregate_tpt_EXP3_eta
1.eps>
(epstopdf)                    date: 2017-10-28 20:09:48
(epstopdf)                    size: 348950 bytes
(epstopdf)             Output file: <images/NEW_temporal_aggregate_tpt_EXP3_eta
1-eps-converted-to.pdf>
(epstopdf)                    date: 2017-10-31 10:10:25
(epstopdf)                    size: 18806 bytes
(epstopdf)             Command: <repstopdf --outfile=images/NEW_temporal_aggreg
ate_tpt_EXP3_eta1-eps-converted-to.pdf images/NEW_temporal_aggregate_tpt_EXP3_e
ta1.eps>
(epstopdf)             \includegraphics on input line 793.
Package epstopdf Info: Output file is already uptodate.

<images/NEW_temporal_aggregate_tpt_EXP3_eta1-eps-converted-to.pdf, id=159, 501.
875pt x 351.3125pt>
File: images/NEW_temporal_aggregate_tpt_EXP3_eta1-eps-converted-to.pdf Graphic 
file (type pdf)

<use images/NEW_temporal_aggregate_tpt_EXP3_eta1-eps-converted-to.pdf>
Package pdftex.def Info: images/NEW_temporal_aggregate_tpt_EXP3_eta1-eps-conver
ted-to.pdf used on input line 793.
(pdftex.def)             Requested size: 129.48375pt x 90.63686pt.
Package epstopdf Info: Source file: <images/NEW_temporal_individual_tpt_EXP3_et
a01.eps>
(epstopdf)                    date: 2017-10-22 18:39:13
(epstopdf)                    size: 1411974 bytes
(epstopdf)             Output file: <images/NEW_temporal_individual_tpt_EXP3_et
a01-eps-converted-to.pdf>
(epstopdf)                    date: 2017-10-31 10:10:26
(epstopdf)                    size: 205461 bytes
(epstopdf)             Command: <repstopdf --outfile=images/NEW_temporal_indivi
dual_tpt_EXP3_eta01-eps-converted-to.pdf images/NEW_temporal_individual_tpt_EXP
3_eta01.eps>
(epstopdf)             \includegraphics on input line 805.
Package epstopdf Info: Output file is already uptodate.

<images/NEW_temporal_individual_tpt_EXP3_eta01-eps-converted-to.pdf, id=160, 43
7.635pt x 337.26pt>
File: images/NEW_temporal_individual_tpt_EXP3_eta01-eps-converted-to.pdf Graphi
c file (type pdf)

<use images/NEW_temporal_individual_tpt_EXP3_eta01-eps-converted-to.pdf>
Package pdftex.def Info: images/NEW_temporal_individual_tpt_EXP3_eta01-eps-conv
erted-to.pdf used on input line 805.
(pdftex.def)             Requested size: 129.48375pt x 99.78416pt.
Package epstopdf Info: Source file: <images/NEW_temporal_individual_tpt_EXP3_et
a05.eps>
(epstopdf)                    date: 2017-10-22 18:37:40
(epstopdf)                    size: 1418233 bytes
(epstopdf)             Output file: <images/NEW_temporal_individual_tpt_EXP3_et
a05-eps-converted-to.pdf>
(epstopdf)                    date: 2017-10-31 10:10:27
(epstopdf)                    size: 119570 bytes
(epstopdf)             Command: <repstopdf --outfile=images/NEW_temporal_indivi
dual_tpt_EXP3_eta05-eps-converted-to.pdf images/NEW_temporal_individual_tpt_EXP
3_eta05.eps>
(epstopdf)             \includegraphics on input line 811.
Package epstopdf Info: Output file is already uptodate.

<images/NEW_temporal_individual_tpt_EXP3_eta05-eps-converted-to.pdf, id=161, 43
7.635pt x 337.26pt>
File: images/NEW_temporal_individual_tpt_EXP3_eta05-eps-converted-to.pdf Graphi
c file (type pdf)

<use images/NEW_temporal_individual_tpt_EXP3_eta05-eps-converted-to.pdf>
Package pdftex.def Info: images/NEW_temporal_individual_tpt_EXP3_eta05-eps-conv
erted-to.pdf used on input line 811.
(pdftex.def)             Requested size: 129.48375pt x 99.78416pt.
Package epstopdf Info: Source file: <images/NEW_temporal_individual_tpt_EXP3_et
a1.eps>
(epstopdf)                    date: 2017-10-22 18:38:24
(epstopdf)                    size: 1421651 bytes
(epstopdf)             Output file: <images/NEW_temporal_individual_tpt_EXP3_et
a1-eps-converted-to.pdf>
(epstopdf)                    date: 2017-10-31 10:10:28
(epstopdf)                    size: 39004 bytes
(epstopdf)             Command: <repstopdf --outfile=images/NEW_temporal_indivi
dual_tpt_EXP3_eta1-eps-converted-to.pdf images/NEW_temporal_individual_tpt_EXP3
_eta1.eps>
(epstopdf)             \includegraphics on input line 817.
Package epstopdf Info: Output file is already uptodate.

<images/NEW_temporal_individual_tpt_EXP3_eta1-eps-converted-to.pdf, id=162, 437
.635pt x 337.26pt>
File: images/NEW_temporal_individual_tpt_EXP3_eta1-eps-converted-to.pdf Graphic
 file (type pdf)

<use images/NEW_temporal_individual_tpt_EXP3_eta1-eps-converted-to.pdf>
Package pdftex.def Info: images/NEW_temporal_individual_tpt_EXP3_eta1-eps-conve
rted-to.pdf used on input line 817.
(pdftex.def)             Requested size: 129.48375pt x 99.78416pt.
Package epstopdf Info: Source file: <images/NEW_mean_tpt_EXP3_eta01.eps>
(epstopdf)                    date: 2017-10-22 19:33:40
(epstopdf)                    size: 15753 bytes
(epstopdf)             Output file: <images/NEW_mean_tpt_EXP3_eta01-eps-convert
ed-to.pdf>
(epstopdf)                    date: 2017-10-31 10:10:29
(epstopdf)                    size: 7436 bytes
(epstopdf)             Command: <repstopdf --outfile=images/NEW_mean_tpt_EXP3_e
ta01-eps-converted-to.pdf images/NEW_mean_tpt_EXP3_eta01.eps>
(epstopdf)             \includegraphics on input line 830.
Package epstopdf Info: Output file is already uptodate.

<images/NEW_mean_tpt_EXP3_eta01-eps-converted-to.pdf, id=163, 501.875pt x 351.3
125pt>
File: images/NEW_mean_tpt_EXP3_eta01-eps-converted-to.pdf Graphic file (type pd
f)
 <use images/NEW_mean_tpt_EXP3_eta01-eps-converted-to.pdf>
Package pdftex.def Info: images/NEW_mean_tpt_EXP3_eta01-eps-converted-to.pdf us
ed on input line 830.
(pdftex.def)             Requested size: 129.48375pt x 90.63686pt.
Package epstopdf Info: Source file: <images/NEW_mean_tpt_EXP3_eta05.eps>
(epstopdf)                    date: 2017-10-22 19:32:37
(epstopdf)                    size: 15766 bytes
(epstopdf)             Output file: <images/NEW_mean_tpt_EXP3_eta05-eps-convert
ed-to.pdf>
(epstopdf)                    date: 2017-10-31 10:10:29
(epstopdf)                    size: 7425 bytes
(epstopdf)             Command: <repstopdf --outfile=images/NEW_mean_tpt_EXP3_e
ta05-eps-converted-to.pdf images/NEW_mean_tpt_EXP3_eta05.eps>
(epstopdf)             \includegraphics on input line 836.
Package epstopdf Info: Output file is already uptodate.

<images/NEW_mean_tpt_EXP3_eta05-eps-converted-to.pdf, id=164, 501.875pt x 351.3
125pt>
File: images/NEW_mean_tpt_EXP3_eta05-eps-converted-to.pdf Graphic file (type pd
f)
 <use images/NEW_mean_tpt_EXP3_eta05-eps-converted-to.pdf>
Package pdftex.def Info: images/NEW_mean_tpt_EXP3_eta05-eps-converted-to.pdf us
ed on input line 836.
(pdftex.def)             Requested size: 129.48375pt x 90.63686pt.
Package epstopdf Info: Source file: <images/NEW_mean_tpt_EXP3_eta1.eps>
(epstopdf)                    date: 2017-10-22 19:33:02
(epstopdf)                    size: 15757 bytes
(epstopdf)             Output file: <images/NEW_mean_tpt_EXP3_eta1-eps-converte
d-to.pdf>
(epstopdf)                    date: 2017-10-31 10:10:30
(epstopdf)                    size: 7421 bytes
(epstopdf)             Command: <repstopdf --outfile=images/NEW_mean_tpt_EXP3_e
ta1-eps-converted-to.pdf images/NEW_mean_tpt_EXP3_eta1.eps>
(epstopdf)             \includegraphics on input line 842.
Package epstopdf Info: Output file is already uptodate.

<images/NEW_mean_tpt_EXP3_eta1-eps-converted-to.pdf, id=165, 501.875pt x 351.31
25pt>
File: images/NEW_mean_tpt_EXP3_eta1-eps-converted-to.pdf Graphic file (type pdf
)
 <use images/NEW_mean_tpt_EXP3_eta1-eps-converted-to.pdf>
Package pdftex.def Info: images/NEW_mean_tpt_EXP3_eta1-eps-converted-to.pdf use
d on input line 842.
(pdftex.def)             Requested size: 129.48375pt x 90.63686pt.
Package epstopdf Info: Source file: <images/NEW_actions_probability_UCB.eps>
(epstopdf)                    date: 2017-10-02 12:33:58
(epstopdf)                    size: 29484 bytes
(epstopdf)             Output file: <images/NEW_actions_probability_UCB-eps-con
verted-to.pdf>
(epstopdf)                    date: 2017-10-31 10:10:31
(epstopdf)                    size: 9138 bytes
(epstopdf)             Command: <repstopdf --outfile=images/NEW_actions_probabi
lity_UCB-eps-converted-to.pdf images/NEW_actions_probability_UCB.eps>
(epstopdf)             \includegraphics on input line 860.
Package epstopdf Info: Output file is already uptodate.

<images/NEW_actions_probability_UCB-eps-converted-to.pdf, id=166, 429.605pt x 3
22.20375pt>
File: images/NEW_actions_probability_UCB-eps-converted-to.pdf Graphic file (typ
e pdf)
 <use images/NEW_actions_probability_UCB-eps-converted-to.pdf>
Package pdftex.def Info: images/NEW_actions_probability_UCB-eps-converted-to.pd
f used on input line 860.
(pdftex.def)             Requested size: 170.71652pt x 128.0385pt.

[9 <./images/exp3_tuning_parameters_zoom-eps-converted-to.pdf>] [10 <./images/N
EW_actions_probability_EXP3_eta01-eps-converted-to.pdf> <./images/NEW_actions_p
robability_EXP3_eta05-eps-converted-to.pdf> <./images/NEW_actions_probability_E
XP3_eta1-eps-converted-to.pdf> <./images/NEW_temporal_aggregate_tpt_EXP3_eta01-
eps-converted-to.pdf> <./images/NEW_temporal_aggregate_tpt_EXP3_eta05-eps-conve
rted-to.pdf> <./images/NEW_temporal_aggregate_tpt_EXP3_eta1-eps-converted-to.pd
f> <./images/NEW_temporal_individual_tpt_EXP3_eta01-eps-converted-to.pdf> <./im
ages/NEW_temporal_individual_tpt_EXP3_eta05-eps-converted-to.pdf> <./images/NEW
_temporal_individual_tpt_EXP3_eta1-eps-converted-to.pdf> <./images/NEW_mean_tpt
_EXP3_eta01-eps-converted-to.pdf> <./images/NEW_mean_tpt_EXP3_eta05-eps-convert
ed-to.pdf> <./images/NEW_mean_tpt_EXP3_eta1-eps-converted-to.pdf>]
Package epstopdf Info: Source file: <images/NEW_temporal_aggregate_tpt_UCB.eps>

(epstopdf)                    date: 2017-10-02 12:51:08
(epstopdf)                    size: 349870 bytes
(epstopdf)             Output file: <images/NEW_temporal_aggregate_tpt_UCB-eps-
converted-to.pdf>
(epstopdf)                    date: 2017-10-31 10:10:31
(epstopdf)                    size: 22910 bytes
(epstopdf)             Command: <repstopdf --outfile=images/NEW_temporal_aggreg
ate_tpt_UCB-eps-converted-to.pdf images/NEW_temporal_aggregate_tpt_UCB.eps>
(epstopdf)             \includegraphics on input line 870.
Package epstopdf Info: Output file is already uptodate.

<images/NEW_temporal_aggregate_tpt_UCB-eps-converted-to.pdf, id=258, 501.875pt 
x 351.3125pt>
File: images/NEW_temporal_aggregate_tpt_UCB-eps-converted-to.pdf Graphic file (
type pdf)
 <use images/NEW_temporal_aggregate_tpt_UCB-eps-converted-to.pdf>
Package pdftex.def Info: images/NEW_temporal_aggregate_tpt_UCB-eps-converted-to
.pdf used on input line 870.
(pdftex.def)             Requested size: 170.71652pt x 119.50363pt.
Package epstopdf Info: Source file: <images/NEW_temporal_individual_tpt_UCB.eps
>
(epstopdf)                    date: 2017-10-02 12:51:24
(epstopdf)                    size: 1385144 bytes
(epstopdf)             Output file: <images/NEW_temporal_individual_tpt_UCB-eps
-converted-to.pdf>
(epstopdf)                    date: 2017-10-31 10:10:32
(epstopdf)                    size: 47022 bytes
(epstopdf)             Command: <repstopdf --outfile=images/NEW_temporal_indivi
dual_tpt_UCB-eps-converted-to.pdf images/NEW_temporal_individual_tpt_UCB.eps>
(epstopdf)             \includegraphics on input line 877.
Package epstopdf Info: Output file is already uptodate.

<images/NEW_temporal_individual_tpt_UCB-eps-converted-to.pdf, id=259, 501.875pt
 x 351.3125pt>
File: images/NEW_temporal_individual_tpt_UCB-eps-converted-to.pdf Graphic file 
(type pdf)

<use images/NEW_temporal_individual_tpt_UCB-eps-converted-to.pdf>
Package pdftex.def Info: images/NEW_temporal_individual_tpt_UCB-eps-converted-t
o.pdf used on input line 877.
(pdftex.def)             Requested size: 170.71652pt x 119.50363pt.
Package epstopdf Info: Source file: <images/NEW_mean_tpt_UCB.eps>
(epstopdf)                    date: 2017-10-02 12:33:56
(epstopdf)                    size: 15372 bytes
(epstopdf)             Output file: <images/NEW_mean_tpt_UCB-eps-converted-to.p
df>
(epstopdf)                    date: 2017-10-31 10:10:33
(epstopdf)                    size: 7166 bytes
(epstopdf)             Command: <repstopdf --outfile=images/NEW_mean_tpt_UCB-ep
s-converted-to.pdf images/NEW_mean_tpt_UCB.eps>
(epstopdf)             \includegraphics on input line 905.
Package epstopdf Info: Output file is already uptodate.

<images/NEW_mean_tpt_UCB-eps-converted-to.pdf, id=260, 450.68375pt x 328.22626p
t>
File: images/NEW_mean_tpt_UCB-eps-converted-to.pdf Graphic file (type pdf)
 <use images/NEW_mean_tpt_UCB-eps-converted-to.pdf>
Package pdftex.def Info: images/NEW_mean_tpt_UCB-eps-converted-to.pdf used on i
nput line 905.
(pdftex.def)             Requested size: 170.71652pt x 124.3316pt.
Package epstopdf Info: Source file: <images/NEW_actions_probability_TS.eps>
(epstopdf)                    date: 2017-10-02 12:32:42
(epstopdf)                    size: 29483 bytes
(epstopdf)             Output file: <images/NEW_actions_probability_TS-eps-conv
erted-to.pdf>
(epstopdf)                    date: 2017-10-31 10:10:33
(epstopdf)                    size: 9117 bytes
(epstopdf)             Command: <repstopdf --outfile=images/NEW_actions_probabi
lity_TS-eps-converted-to.pdf images/NEW_actions_probability_TS.eps>
(epstopdf)             \includegraphics on input line 927.
Package epstopdf Info: Output file is already uptodate.

<images/NEW_actions_probability_TS-eps-converted-to.pdf, id=261, 429.605pt x 32
2.20375pt>
File: images/NEW_actions_probability_TS-eps-converted-to.pdf Graphic file (type
 pdf)
 <use images/NEW_actions_probability_TS-eps-converted-to.pdf>
Package pdftex.def Info: images/NEW_actions_probability_TS-eps-converted-to.pdf
 used on input line 927.
(pdftex.def)             Requested size: 170.71652pt x 128.0385pt.
Package epstopdf Info: Source file: <images/NEW_temporal_aggregate_tpt_TS.eps>
(epstopdf)                    date: 2017-10-02 12:51:46
(epstopdf)                    size: 311674 bytes
(epstopdf)             Output file: <images/NEW_temporal_aggregate_tpt_TS-eps-c
onverted-to.pdf>
(epstopdf)                    date: 2017-10-31 10:10:34
(epstopdf)                    size: 15933 bytes
(epstopdf)             Command: <repstopdf --outfile=images/NEW_temporal_aggreg
ate_tpt_TS-eps-converted-to.pdf images/NEW_temporal_aggregate_tpt_TS.eps>
(epstopdf)             \includegraphics on input line 936.
Package epstopdf Info: Output file is already uptodate.

<images/NEW_temporal_aggregate_tpt_TS-eps-converted-to.pdf, id=262, 501.875pt x
 351.3125pt>
File: images/NEW_temporal_aggregate_tpt_TS-eps-converted-to.pdf Graphic file (t
ype pdf)
 <use images/NEW_temporal_aggregate_tpt_TS-eps-converted-to.pdf>
Package pdftex.def Info: images/NEW_temporal_aggregate_tpt_TS-eps-converted-to.
pdf used on input line 936.
(pdftex.def)             Requested size: 170.71652pt x 119.50363pt.
Package epstopdf Info: Source file: <images/NEW_temporal_individual_tpt_TS.eps>

(epstopdf)                    date: 2017-10-02 12:51:59
(epstopdf)                    size: 1344716 bytes
(epstopdf)             Output file: <images/NEW_temporal_individual_tpt_TS-eps-
converted-to.pdf>
(epstopdf)                    date: 2017-10-31 10:10:35
(epstopdf)                    size: 29815 bytes
(epstopdf)             Command: <repstopdf --outfile=images/NEW_temporal_indivi
dual_tpt_TS-eps-converted-to.pdf images/NEW_temporal_individual_tpt_TS.eps>
(epstopdf)             \includegraphics on input line 943.
Package epstopdf Info: Output file is already uptodate.

<images/NEW_temporal_individual_tpt_TS-eps-converted-to.pdf, id=263, 501.875pt 
x 351.3125pt>
File: images/NEW_temporal_individual_tpt_TS-eps-converted-to.pdf Graphic file (
type pdf)
 <use images/NEW_temporal_individual_tpt_TS-eps-converted-to.pdf>
Package pdftex.def Info: images/NEW_temporal_individual_tpt_TS-eps-converted-to
.pdf used on input line 943.
(pdftex.def)             Requested size: 170.71652pt x 119.50363pt.

Underfull \hbox (badness 1460) in paragraph at lines 944--944
[]\OT1/ppl/m/n/9.53561 Fig. 18: |In-di-vid-ual through-put evo-lu-tion for a si
n-gle
 []

Package epstopdf Info: Source file: <images/NEW_mean_tpt_TS.eps>
(epstopdf)                    date: 2017-10-02 12:32:40
(epstopdf)                    size: 15886 bytes
(epstopdf)             Output file: <images/NEW_mean_tpt_TS-eps-converted-to.pd
f>
(epstopdf)                    date: 2017-10-31 10:10:36
(epstopdf)                    size: 7332 bytes
(epstopdf)             Command: <repstopdf --outfile=images/NEW_mean_tpt_TS-eps
-converted-to.pdf images/NEW_mean_tpt_TS.eps>
(epstopdf)             \includegraphics on input line 969.
Package epstopdf Info: Output file is already uptodate.

<images/NEW_mean_tpt_TS-eps-converted-to.pdf, id=264, 450.68375pt x 328.22626pt
>
File: images/NEW_mean_tpt_TS-eps-converted-to.pdf Graphic file (type pdf)
 <use images/NEW_mean_tpt_TS-eps-converted-to.pdf>
Package pdftex.def Info: images/NEW_mean_tpt_TS-eps-converted-to.pdf used on in
put line 969.
(pdftex.def)             Requested size: 170.71652pt x 124.3316pt.


LaTeX Warning: `!h' float specifier changed to `!ht'.

[11 <./images/NEW_actions_probability_UCB-eps-converted-to.pdf> <./images/NEW_t
emporal_aggregate_tpt_UCB-eps-converted-to.pdf> <./images/NEW_temporal_individu
al_tpt_UCB-eps-converted-to.pdf> <./images/NEW_mean_tpt_UCB-eps-converted-to.pd
f>]
Package epstopdf Info: Source file: <images/hist_mean_tpt_2_WNs.eps>
(epstopdf)                    date: 2017-10-23 11:42:49
(epstopdf)                    size: 40654 bytes
(epstopdf)             Output file: <images/hist_mean_tpt_2_WNs-eps-converted-t
o.pdf>
(epstopdf)                    date: 2017-10-31 10:10:36
(epstopdf)                    size: 12639 bytes
(epstopdf)             Command: <repstopdf --outfile=images/hist_mean_tpt_2_WNs
-eps-converted-to.pdf images/hist_mean_tpt_2_WNs.eps>
(epstopdf)             \includegraphics on input line 999.
Package epstopdf Info: Output file is already uptodate.

<images/hist_mean_tpt_2_WNs-eps-converted-to.pdf, id=294, 429.605pt x 328.22626
pt>
File: images/hist_mean_tpt_2_WNs-eps-converted-to.pdf Graphic file (type pdf)
 <use images/hist_mean_tpt_2_WNs-eps-converted-to.pdf>
Package pdftex.def Info: images/hist_mean_tpt_2_WNs-eps-converted-to.pdf used o
n input line 999.
(pdftex.def)             Requested size: 181.2804pt x 138.50015pt.
Package epstopdf Info: Source file: <images/hist_mean_tpt_4_WNs.eps>
(epstopdf)                    date: 2017-10-23 11:42:50
(epstopdf)                    size: 37925 bytes
(epstopdf)             Output file: <images/hist_mean_tpt_4_WNs-eps-converted-t
o.pdf>
(epstopdf)                    date: 2017-10-31 10:10:37
(epstopdf)                    size: 12288 bytes
(epstopdf)             Command: <repstopdf --outfile=images/hist_mean_tpt_4_WNs
-eps-converted-to.pdf images/hist_mean_tpt_4_WNs.eps>
(epstopdf)             \includegraphics on input line 1005.
Package epstopdf Info: Output file is already uptodate.

<images/hist_mean_tpt_4_WNs-eps-converted-to.pdf, id=295, 429.605pt x 328.22626
pt>
File: images/hist_mean_tpt_4_WNs-eps-converted-to.pdf Graphic file (type pdf)
 <use images/hist_mean_tpt_4_WNs-eps-converted-to.pdf>
Package pdftex.def Info: images/hist_mean_tpt_4_WNs-eps-converted-to.pdf used o
n input line 1005.
(pdftex.def)             Requested size: 181.2804pt x 138.50015pt.
Package epstopdf Info: Source file: <images/hist_mean_tpt_6_WNs.eps>
(epstopdf)                    date: 2017-10-23 11:42:51
(epstopdf)                    size: 39358 bytes
(epstopdf)             Output file: <images/hist_mean_tpt_6_WNs-eps-converted-t
o.pdf>
(epstopdf)                    date: 2017-10-31 10:10:38
(epstopdf)                    size: 12615 bytes
(epstopdf)             Command: <repstopdf --outfile=images/hist_mean_tpt_6_WNs
-eps-converted-to.pdf images/hist_mean_tpt_6_WNs.eps>
(epstopdf)             \includegraphics on input line 1011.
Package epstopdf Info: Output file is already uptodate.

<images/hist_mean_tpt_6_WNs-eps-converted-to.pdf, id=296, 429.605pt x 328.22626
pt>
File: images/hist_mean_tpt_6_WNs-eps-converted-to.pdf Graphic file (type pdf)
 <use images/hist_mean_tpt_6_WNs-eps-converted-to.pdf>
Package pdftex.def Info: images/hist_mean_tpt_6_WNs-eps-converted-to.pdf used o
n input line 1011.
(pdftex.def)             Requested size: 181.2804pt x 138.50015pt.
Package epstopdf Info: Source file: <images/hist_mean_tpt_8_WNs.eps>
(epstopdf)                    date: 2017-10-23 11:42:52
(epstopdf)                    size: 40888 bytes
(epstopdf)             Output file: <images/hist_mean_tpt_8_WNs-eps-converted-t
o.pdf>
(epstopdf)                    date: 2017-10-31 10:10:38
(epstopdf)                    size: 12642 bytes
(epstopdf)             Command: <repstopdf --outfile=images/hist_mean_tpt_8_WNs
-eps-converted-to.pdf images/hist_mean_tpt_8_WNs.eps>
(epstopdf)             \includegraphics on input line 1017.
Package epstopdf Info: Output file is already uptodate.

<images/hist_mean_tpt_8_WNs-eps-converted-to.pdf, id=297, 436.63126pt x 328.226
26pt>
File: images/hist_mean_tpt_8_WNs-eps-converted-to.pdf Graphic file (type pdf)
 <use images/hist_mean_tpt_8_WNs-eps-converted-to.pdf>
Package pdftex.def Info: images/hist_mean_tpt_8_WNs-eps-converted-to.pdf used o
n input line 1017.
(pdftex.def)             Requested size: 181.2804pt x 136.27145pt.
 [12 <./images/NEW_actions_probability_TS-eps-converted-to.pdf> <./images/NEW_t
emporal_aggregate_tpt_TS-eps-converted-to.pdf> <./images/NEW_temporal_individua
l_tpt_TS-eps-converted-to.pdf> <./images/NEW_mean_tpt_TS-eps-converted-to.pdf>]

Underfull \vbox (badness 10000) has occurred while \output is active []


(./collaborative_spatial_reuse_in_wireless_networks_via_selfish_mabs.bbl
Underfull \hbox (badness 2707) in paragraph at lines 4--7
[]\OT1/ppl/m/n/8.03 Aditya Akella, Glenn Judd, Srini-vasan Se-shan, and Pe-ter
 []

[13 <./images/hist_mean_tpt_2_WNs-eps-converted-to.pdf> <./images/hist_mean_tpt
_4_WNs-eps-converted-to.pdf> <./images/hist_mean_tpt_6_WNs-eps-converted-to.pdf
> <./images/hist_mean_tpt_8_WNs-eps-converted-to.pdf>]
Underfull \hbox (badness 3792) in paragraph at lines 58--62
[]\OT1/ppl/m/n/8.03 Arunesh Mishra, Suman Baner-jee, and William Ar-baugh.
 []

) <images/fwilhelmi.jpg, id=364, 2031.59pt x 2839.60875pt>
File: images/fwilhelmi.jpg Graphic file (type jpg)

<use images/fwilhelmi.jpg>
Package pdftex.def Info: images/fwilhelmi.jpg used on input line 1131.
(pdftex.def)             Requested size: 64.60301pt x 90.2974pt.
File: images/fwilhelmi.jpg Graphic file (type jpg)
 <use images/fwilhelmi.jpg>
Package pdftex.def Info: images/fwilhelmi.jpg used on input line 1131.
(pdftex.def)             Requested size: 64.60301pt x 90.2974pt.
 [14 <./images/fwilhelmi.jpg>]
Package epstopdf Info: Source file: <images/ccano.eps>
(epstopdf)                    date: 2017-10-25 19:46:53
(epstopdf)                    size: 6986090 bytes
(epstopdf)             Output file: <images/ccano-eps-converted-to.pdf>
(epstopdf)                    date: 2017-10-31 10:10:39
(epstopdf)                    size: 941977 bytes
(epstopdf)             Command: <repstopdf --outfile=images/ccano-eps-converted
-to.pdf images/ccano.eps>
(epstopdf)             \includegraphics on input line 1134.
Package epstopdf Info: Output file is already uptodate.
 <images/ccano-eps-converted-to.pdf, id=371, 655.44875pt x 847.165pt>
File: images/ccano-eps-converted-to.pdf Graphic file (type pdf)

<use images/ccano-eps-converted-to.pdf>
Package pdftex.def Info: images/ccano-eps-converted-to.pdf used on input line 1
134.
(pdftex.def)             Requested size: 69.88928pt x 90.33163pt.
Package epstopdf Info: Source file: <images/ccano.eps>
(epstopdf)                    date: 2017-10-25 19:46:53
(epstopdf)                    size: 6986090 bytes
(epstopdf)             Output file: <images/ccano-eps-converted-to.pdf>
(epstopdf)                    date: 2017-10-31 10:10:39
(epstopdf)                    size: 941977 bytes
(epstopdf)             Command: <repstopdf --outfile=images/ccano-eps-converted
-to.pdf images/ccano.eps>
(epstopdf)             \includegraphics on input line 1134.
Package epstopdf Info: Output file is already uptodate.
File: images/ccano-eps-converted-to.pdf Graphic file (type pdf)

<use images/ccano-eps-converted-to.pdf>
Package pdftex.def Info: images/ccano-eps-converted-to.pdf used on input line 1
134.
(pdftex.def)             Requested size: 69.88928pt x 90.33163pt.

<images/gneu.jpg, id=374, 1806.75pt x 1806.75pt>
File: images/gneu.jpg Graphic file (type jpg)
 <use images/gneu.jpg>
Package pdftex.def Info: images/gneu.jpg used on input line 1137.
(pdftex.def)             Requested size: 72.25769pt x 72.25769pt.
File: images/gneu.jpg Graphic file (type jpg)

<use images/gneu.jpg>
Package pdftex.def Info: images/gneu.jpg used on input line 1137.
(pdftex.def)             Requested size: 72.25769pt x 72.25769pt.
Package epstopdf Info: Source file: <images/bbellalta.eps>
(epstopdf)                    date: 2017-10-25 19:46:47
(epstopdf)                    size: 71104 bytes
(epstopdf)             Output file: <images/bbellalta-eps-converted-to.pdf>
(epstopdf)                    date: 2017-10-31 10:10:40
(epstopdf)                    size: 8636 bytes
(epstopdf)             Command: <repstopdf --outfile=images/bbellalta-eps-conve
rted-to.pdf images/bbellalta.eps>
(epstopdf)             \includegraphics on input line 1140.
Package epstopdf Info: Output file is already uptodate.

<images/bbellalta-eps-converted-to.pdf, id=377, 679.53876pt x 723.70375pt>
File: images/bbellalta-eps-converted-to.pdf Graphic file (type pdf)

<use images/bbellalta-eps-converted-to.pdf>
Package pdftex.def Info: images/bbellalta-eps-converted-to.pdf used on input li
ne 1140.
(pdftex.def)             Requested size: 72.26096pt x 76.95738pt.
Package epstopdf Info: Source file: <images/bbellalta.eps>
(epstopdf)                    date: 2017-10-25 19:46:47
(epstopdf)                    size: 71104 bytes
(epstopdf)             Output file: <images/bbellalta-eps-converted-to.pdf>
(epstopdf)                    date: 2017-10-31 10:10:40
(epstopdf)                    size: 8636 bytes
(epstopdf)             Command: <repstopdf --outfile=images/bbellalta-eps-conve
rted-to.pdf images/bbellalta.eps>
(epstopdf)             \includegraphics on input line 1140.
Package epstopdf Info: Output file is already uptodate.
File: images/bbellalta-eps-converted-to.pdf Graphic file (type pdf)

<use images/bbellalta-eps-converted-to.pdf>
Package pdftex.def Info: images/bbellalta-eps-converted-to.pdf used on input li
ne 1140.
(pdftex.def)             Requested size: 72.26096pt x 76.95738pt.

<images/ajonsson.jpg, id=380, 296.307pt x 316.7835pt>
File: images/ajonsson.jpg Graphic file (type jpg)

<use images/ajonsson.jpg>
Package pdftex.def Info: images/ajonsson.jpg used on input line 1143.
(pdftex.def)             Requested size: 72.26805pt x 77.26218pt.
File: images/ajonsson.jpg Graphic file (type jpg)
 <use images/ajonsson.jpg>
Package pdftex.def Info: images/ajonsson.jpg used on input line 1143.
(pdftex.def)             Requested size: 72.26805pt x 77.26218pt.

<images/sbarrachina.png, id=383, 450.68375pt x 513.92pt>
File: images/sbarrachina.png Graphic file (type png)

<use images/sbarrachina.png>
Package pdftex.def Info: images/sbarrachina.png used on input line 1146.
(pdftex.def)             Requested size: 72.26903pt x 82.40923pt.
File: images/sbarrachina.png Graphic file (type png)
 <use images/sbarrachina.png>
Package pdftex.def Info: images/sbarrachina.png used on input line 1146.
(pdftex.def)             Requested size: 72.26903pt x 82.40923pt.

Underfull \vbox (badness 10000) has occurred while \output is active []

 [15

 <./images/ccano-eps-converted-to.pdf> <./images/gneu.jpg> <./images/bbellalta-
eps-converted-to.pdf> <./images/ajonsson.jpg> <./images/sbarrachina.png>]
(./collaborative_spatial_reuse_in_wireless_networks_via_selfish_mabs.aux) )
(\end occurred inside a group at level 1)

### simple group (level 1) entered at line 1061 ({)
### bottom level 
Here is how much of TeX's memory you used:
 18290 strings out of 493014
 359554 string characters out of 6133351
 385796 words of memory out of 5000000
 21503 multiletter control sequences out of 15000+600000
 61826 words of font info for 163 fonts, out of 8000000 for 9000
 1144 hyphenation exceptions out of 8191
 42i,20n,42p,10435b,2664s stack positions out of 5000i,500n,10000p,200000b,80000s
{/usr/local/texlive/2016/texmf-dist/fonts/enc/dvips/base/8r.enc
} </Users/franciscowilhelmi/Library/texlive/2016/texmf-var/fonts/pk/ljfour/publ
ic/bbding/bbding10.662pk></usr/local/texlive/2016/texmf-dist/fonts/type1/public
/amsfonts/cm/cmex10.pfb></usr/local/texlive/2016/texmf-dist/fonts/type1/public/
amsfonts/cmextra/cmex7.pfb></usr/local/texlive/2016/texmf-dist/fonts/type1/publ
ic/amsfonts/cm/cmmi10.pfb></usr/local/texlive/2016/texmf-dist/fonts/type1/publi
c/amsfonts/cm/cmmi5.pfb></usr/local/texlive/2016/texmf-dist/fonts/type1/public/
amsfonts/cm/cmmi7.pfb></usr/local/texlive/2016/texmf-dist/fonts/type1/public/am
sfonts/cm/cmmi8.pfb></usr/local/texlive/2016/texmf-dist/fonts/type1/public/amsf
onts/cm/cmmi9.pfb></usr/local/texlive/2016/texmf-dist/fonts/type1/public/amsfon
ts/cm/cmr10.pfb></usr/local/texlive/2016/texmf-dist/fonts/type1/public/amsfonts
/cm/cmr5.pfb></usr/local/texlive/2016/texmf-dist/fonts/type1/public/amsfonts/cm
/cmr6.pfb></usr/local/texlive/2016/texmf-dist/fonts/type1/public/amsfonts/cm/cm
r7.pfb></usr/local/texlive/2016/texmf-dist/fonts/type1/public/amsfonts/cm/cmr9.
pfb></usr/local/texlive/2016/texmf-dist/fonts/type1/public/amsfonts/cm/cmsy10.p
fb></usr/local/texlive/2016/texmf-dist/fonts/type1/public/amsfonts/cm/cmsy5.pfb
></usr/local/texlive/2016/texmf-dist/fonts/type1/public/amsfonts/cm/cmsy7.pfb><
/usr/local/texlive/2016/texmf-dist/fonts/type1/public/amsfonts/symbols/msbm10.p
fb></usr/local/texlive/2016/texmf-dist/fonts/type1/urw/helvetic/uhvb8a.pfb></us
r/local/texlive/2016/texmf-dist/fonts/type1/urw/helvetic/uhvr8a.pfb></usr/local
/texlive/2016/texmf-dist/fonts/type1/urw/helvetic/uhvro8a.pfb></usr/local/texli
ve/2016/texmf-dist/fonts/type1/urw/palatino/uplb8a.pfb></usr/local/texlive/2016
/texmf-dist/fonts/type1/urw/palatino/uplr8a.pfb></usr/local/texlive/2016/texmf-
dist/fonts/type1/urw/palatino/uplri8a.pfb></usr/local/texlive/2016/texmf-dist/f
onts/type1/urw/zapfding/uzdr.pfb>
Output written on collaborative_spatial_reuse_in_wireless_networks_via_selfish_
mabs.pdf (15 pages, 6170377 bytes).
PDF statistics:
 478 PDF objects out of 1000 (max. 8388607)
 315 compressed objects within 4 object streams
 0 named destinations out of 1000 (max. 500000)
 298 words of extra memory for PDF output out of 10000 (max. 10000000)

